[2026-02-19T23:28:28.897+0000] {local_task_job_runner.py:120} INFO - ::group::Pre task execution logs
[2026-02-19T23:28:28.934+0000] {taskinstance.py:2076} INFO - Dependencies all met for dep_context=non-requeueable deps ti=<TaskInstance: weather_nb_daily_pipeline.run_dq_and_report scheduled__2026-02-18T00:00:00+00:00 [queued]>
[2026-02-19T23:28:28.942+0000] {taskinstance.py:2076} INFO - Dependencies all met for dep_context=requeueable deps ti=<TaskInstance: weather_nb_daily_pipeline.run_dq_and_report scheduled__2026-02-18T00:00:00+00:00 [queued]>
[2026-02-19T23:28:28.942+0000] {taskinstance.py:2306} INFO - Starting attempt 1 of 1
[2026-02-19T23:28:28.955+0000] {taskinstance.py:2330} INFO - Executing <Task(BashOperator): run_dq_and_report> on 2026-02-18 00:00:00+00:00
[2026-02-19T23:28:28.962+0000] {standard_task_runner.py:90} INFO - Running: ['airflow', 'tasks', 'run', 'weather_nb_daily_pipeline', 'run_dq_and_report', 'scheduled__2026-02-18T00:00:00+00:00', '--job-id', '45', '--raw', '--subdir', 'DAGS_FOLDER/weather_nb_pipeline.py', '--cfg-path', '/tmp/tmpdscp2tem']
[2026-02-19T23:28:28.965+0000] {standard_task_runner.py:91} INFO - Job 45: Subtask run_dq_and_report
[2026-02-19T23:28:28.965+0000] {logging_mixin.py:188} WARNING - /home/airflow/.local/lib/python3.12/site-packages/airflow/task/task_runner/standard_task_runner.py:62 DeprecationWarning: This process (pid=206) is multi-threaded, use of fork() may lead to deadlocks in the child.
[2026-02-19T23:28:28.966+0000] {standard_task_runner.py:64} INFO - Started process 207 to run task
[2026-02-19T23:28:29.033+0000] {task_command.py:426} INFO - Running <TaskInstance: weather_nb_daily_pipeline.run_dq_and_report scheduled__2026-02-18T00:00:00+00:00 [running]> on host 110bf15da312
[2026-02-19T23:28:29.131+0000] {taskinstance.py:2648} INFO - Exporting env vars: AIRFLOW_CTX_DAG_OWNER='airflow' AIRFLOW_CTX_DAG_ID='weather_nb_daily_pipeline' AIRFLOW_CTX_TASK_ID='run_dq_and_report' AIRFLOW_CTX_EXECUTION_DATE='2026-02-18T00:00:00+00:00' AIRFLOW_CTX_TRY_NUMBER='1' AIRFLOW_CTX_DAG_RUN_ID='scheduled__2026-02-18T00:00:00+00:00'
[2026-02-19T23:28:29.132+0000] {taskinstance.py:430} INFO - ::endgroup::
[2026-02-19T23:28:29.146+0000] {subprocess.py:63} INFO - Tmp dir *** location: /tmp
[2026-02-19T23:28:29.147+0000] {subprocess.py:75} INFO - Running command: ['/usr/bin/bash', '-c', 'cd /opt/airflow/project && python run_dq_and_report.py']
[2026-02-19T23:28:29.157+0000] {subprocess.py:86} INFO - Output:
[2026-02-19T23:28:30.437+0000] {subprocess.py:93} INFO - Saved report: reports/dq_report_2026-02-19.json
[2026-02-19T23:28:30.438+0000] {subprocess.py:93} INFO - Checks: 8 | Passed: 7 | Failed: 1
[2026-02-19T23:28:30.555+0000] {subprocess.py:97} INFO - Command exited with return code 0
[2026-02-19T23:28:30.556+0000] {taskinstance.py:441} INFO - ::group::Post task execution logs
[2026-02-19T23:28:30.588+0000] {taskinstance.py:1206} INFO - Marking task as SUCCESS. dag_id=weather_nb_daily_pipeline, task_id=run_dq_and_report, run_id=scheduled__2026-02-18T00:00:00+00:00, execution_date=20260218T000000, start_date=20260219T232828, end_date=20260219T232830
[2026-02-19T23:28:30.625+0000] {local_task_job_runner.py:243} INFO - Task exited with return code 0
[2026-02-19T23:28:30.644+0000] {taskinstance.py:3503} INFO - 0 downstream tasks scheduled from follow-on schedule check
[2026-02-19T23:28:30.647+0000] {local_task_job_runner.py:222} INFO - ::endgroup::
