[2026-02-20T01:40:36.349+0000] {local_task_job_runner.py:120} INFO - ::group::Pre task execution logs
[2026-02-20T01:40:36.380+0000] {taskinstance.py:2076} INFO - Dependencies all met for dep_context=non-requeueable deps ti=<TaskInstance: weather_nb_daily_pipeline.load_to_postgres manual__2026-02-20T01:40:30.438755+00:00 [queued]>
[2026-02-20T01:40:36.388+0000] {taskinstance.py:2076} INFO - Dependencies all met for dep_context=requeueable deps ti=<TaskInstance: weather_nb_daily_pipeline.load_to_postgres manual__2026-02-20T01:40:30.438755+00:00 [queued]>
[2026-02-20T01:40:36.388+0000] {taskinstance.py:2306} INFO - Starting attempt 1 of 1
[2026-02-20T01:40:36.400+0000] {taskinstance.py:2330} INFO - Executing <Task(BashOperator): load_to_postgres> on 2026-02-20 01:40:30.438755+00:00
[2026-02-20T01:40:36.407+0000] {standard_task_runner.py:90} INFO - Running: ['airflow', 'tasks', 'run', 'weather_nb_daily_pipeline', 'load_to_postgres', 'manual__2026-02-20T01:40:30.438755+00:00', '--job-id', '20', '--raw', '--subdir', 'DAGS_FOLDER/weather_nb_pipeline.py', '--cfg-path', '/tmp/tmpok985a2g']
[2026-02-20T01:40:36.409+0000] {standard_task_runner.py:91} INFO - Job 20: Subtask load_to_postgres
[2026-02-20T01:40:36.410+0000] {logging_mixin.py:188} WARNING - /home/airflow/.local/lib/python3.12/site-packages/airflow/task/task_runner/standard_task_runner.py:62 DeprecationWarning: This process (pid=518) is multi-threaded, use of fork() may lead to deadlocks in the child.
[2026-02-20T01:40:36.410+0000] {standard_task_runner.py:64} INFO - Started process 519 to run task
[2026-02-20T01:40:36.467+0000] {task_command.py:426} INFO - Running <TaskInstance: weather_nb_daily_pipeline.load_to_postgres manual__2026-02-20T01:40:30.438755+00:00 [running]> on host 4e083851107f
[2026-02-20T01:40:36.556+0000] {taskinstance.py:2648} INFO - Exporting env vars: AIRFLOW_CTX_DAG_OWNER='airflow' AIRFLOW_CTX_DAG_ID='weather_nb_daily_pipeline' AIRFLOW_CTX_TASK_ID='load_to_postgres' AIRFLOW_CTX_EXECUTION_DATE='2026-02-20T01:40:30.438755+00:00' AIRFLOW_CTX_TRY_NUMBER='1' AIRFLOW_CTX_DAG_RUN_ID='manual__2026-02-20T01:40:30.438755+00:00'
[2026-02-20T01:40:36.557+0000] {taskinstance.py:430} INFO - ::endgroup::
[2026-02-20T01:40:36.570+0000] {subprocess.py:63} INFO - Tmp dir *** location: /tmp
[2026-02-20T01:40:36.571+0000] {subprocess.py:75} INFO - Running command: ['/usr/bin/bash', '-c', 'cd /opt/airflow/project && python load_nb_to_postgres.py']
[2026-02-20T01:40:36.578+0000] {subprocess.py:86} INFO - Output:
[2026-02-20T01:40:37.760+0000] {subprocess.py:93} INFO - Loaded 9 rows into weather_nb
[2026-02-20T01:40:37.883+0000] {subprocess.py:97} INFO - Command exited with return code 0
[2026-02-20T01:40:37.885+0000] {taskinstance.py:441} INFO - ::group::Post task execution logs
[2026-02-20T01:40:37.919+0000] {taskinstance.py:1206} INFO - Marking task as SUCCESS. dag_id=weather_nb_daily_pipeline, task_id=load_to_postgres, run_id=manual__2026-02-20T01:40:30.438755+00:00, execution_date=20260220T014030, start_date=20260220T014036, end_date=20260220T014037
[2026-02-20T01:40:37.949+0000] {local_task_job_runner.py:243} INFO - Task exited with return code 0
[2026-02-20T01:40:37.969+0000] {taskinstance.py:3503} INFO - 1 downstream tasks scheduled from follow-on schedule check
[2026-02-20T01:40:37.972+0000] {local_task_job_runner.py:222} INFO - ::endgroup::
