[2026-02-19T23:28:26.810+0000] {local_task_job_runner.py:120} INFO - ::group::Pre task execution logs
[2026-02-19T23:28:26.850+0000] {taskinstance.py:2076} INFO - Dependencies all met for dep_context=non-requeueable deps ti=<TaskInstance: weather_nb_daily_pipeline.load_to_postgres scheduled__2026-02-18T00:00:00+00:00 [queued]>
[2026-02-19T23:28:26.859+0000] {taskinstance.py:2076} INFO - Dependencies all met for dep_context=requeueable deps ti=<TaskInstance: weather_nb_daily_pipeline.load_to_postgres scheduled__2026-02-18T00:00:00+00:00 [queued]>
[2026-02-19T23:28:26.860+0000] {taskinstance.py:2306} INFO - Starting attempt 1 of 1
[2026-02-19T23:28:26.873+0000] {taskinstance.py:2330} INFO - Executing <Task(BashOperator): load_to_postgres> on 2026-02-18 00:00:00+00:00
[2026-02-19T23:28:26.880+0000] {standard_task_runner.py:90} INFO - Running: ['airflow', 'tasks', 'run', 'weather_nb_daily_pipeline', 'load_to_postgres', 'scheduled__2026-02-18T00:00:00+00:00', '--job-id', '44', '--raw', '--subdir', 'DAGS_FOLDER/weather_nb_pipeline.py', '--cfg-path', '/tmp/tmpwwmiwjm5']
[2026-02-19T23:28:26.882+0000] {standard_task_runner.py:91} INFO - Job 44: Subtask load_to_postgres
[2026-02-19T23:28:26.884+0000] {logging_mixin.py:188} WARNING - /home/airflow/.local/lib/python3.12/site-packages/airflow/task/task_runner/standard_task_runner.py:62 DeprecationWarning: This process (pid=191) is multi-threaded, use of fork() may lead to deadlocks in the child.
[2026-02-19T23:28:26.885+0000] {standard_task_runner.py:64} INFO - Started process 192 to run task
[2026-02-19T23:28:26.960+0000] {task_command.py:426} INFO - Running <TaskInstance: weather_nb_daily_pipeline.load_to_postgres scheduled__2026-02-18T00:00:00+00:00 [running]> on host 110bf15da312
[2026-02-19T23:28:27.113+0000] {taskinstance.py:2648} INFO - Exporting env vars: AIRFLOW_CTX_DAG_OWNER='airflow' AIRFLOW_CTX_DAG_ID='weather_nb_daily_pipeline' AIRFLOW_CTX_TASK_ID='load_to_postgres' AIRFLOW_CTX_EXECUTION_DATE='2026-02-18T00:00:00+00:00' AIRFLOW_CTX_TRY_NUMBER='1' AIRFLOW_CTX_DAG_RUN_ID='scheduled__2026-02-18T00:00:00+00:00'
[2026-02-19T23:28:27.114+0000] {taskinstance.py:430} INFO - ::endgroup::
[2026-02-19T23:28:27.139+0000] {subprocess.py:63} INFO - Tmp dir *** location: /tmp
[2026-02-19T23:28:27.141+0000] {subprocess.py:75} INFO - Running command: ['/usr/bin/bash', '-c', 'cd /opt/airflow/project && python load_nb_to_postgres.py']
[2026-02-19T23:28:27.157+0000] {subprocess.py:86} INFO - Output:
[2026-02-19T23:28:28.459+0000] {subprocess.py:93} INFO - Loaded 9 rows into weather_nb
[2026-02-19T23:28:28.555+0000] {subprocess.py:97} INFO - Command exited with return code 0
[2026-02-19T23:28:28.556+0000] {taskinstance.py:441} INFO - ::group::Post task execution logs
[2026-02-19T23:28:28.585+0000] {taskinstance.py:1206} INFO - Marking task as SUCCESS. dag_id=weather_nb_daily_pipeline, task_id=load_to_postgres, run_id=scheduled__2026-02-18T00:00:00+00:00, execution_date=20260218T000000, start_date=20260219T232826, end_date=20260219T232828
[2026-02-19T23:28:28.631+0000] {local_task_job_runner.py:243} INFO - Task exited with return code 0
[2026-02-19T23:28:28.654+0000] {taskinstance.py:3503} INFO - 1 downstream tasks scheduled from follow-on schedule check
[2026-02-19T23:28:28.657+0000] {local_task_job_runner.py:222} INFO - ::endgroup::
