[2026-02-11T23:40:28.929+0000] {local_task_job_runner.py:120} INFO - ::group::Pre task execution logs
[2026-02-11T23:40:28.969+0000] {taskinstance.py:2076} INFO - Dependencies all met for dep_context=non-requeueable deps ti=<TaskInstance: weather_nb_daily_pipeline.extract_nb_weather manual__2026-02-11T23:35:27.043493+00:00 [queued]>
[2026-02-11T23:40:28.979+0000] {taskinstance.py:2076} INFO - Dependencies all met for dep_context=requeueable deps ti=<TaskInstance: weather_nb_daily_pipeline.extract_nb_weather manual__2026-02-11T23:35:27.043493+00:00 [queued]>
[2026-02-11T23:40:28.980+0000] {taskinstance.py:2306} INFO - Starting attempt 2 of 2
[2026-02-11T23:40:28.995+0000] {taskinstance.py:2330} INFO - Executing <Task(BashOperator): extract_nb_weather> on 2026-02-11 23:35:27.043493+00:00
[2026-02-11T23:40:29.003+0000] {standard_task_runner.py:90} INFO - Running: ['airflow', 'tasks', 'run', 'weather_nb_daily_pipeline', 'extract_nb_weather', 'manual__2026-02-11T23:35:27.043493+00:00', '--job-id', '11', '--raw', '--subdir', 'DAGS_FOLDER/weather_nb_pipeline.py', '--cfg-path', '/tmp/tmpp7ffopi6']
[2026-02-11T23:40:29.005+0000] {standard_task_runner.py:91} INFO - Job 11: Subtask extract_nb_weather
[2026-02-11T23:40:29.005+0000] {logging_mixin.py:188} WARNING - /home/airflow/.local/lib/python3.12/site-packages/airflow/task/task_runner/standard_task_runner.py:62 DeprecationWarning: This process (pid=1045) is multi-threaded, use of fork() may lead to deadlocks in the child.
[2026-02-11T23:40:29.006+0000] {standard_task_runner.py:64} INFO - Started process 1046 to run task
[2026-02-11T23:40:29.076+0000] {task_command.py:426} INFO - Running <TaskInstance: weather_nb_daily_pipeline.extract_nb_weather manual__2026-02-11T23:35:27.043493+00:00 [running]> on host b20c47c56f25
[2026-02-11T23:40:29.176+0000] {taskinstance.py:2648} INFO - Exporting env vars: AIRFLOW_CTX_DAG_OWNER='airflow' AIRFLOW_CTX_DAG_ID='weather_nb_daily_pipeline' AIRFLOW_CTX_TASK_ID='extract_nb_weather' AIRFLOW_CTX_EXECUTION_DATE='2026-02-11T23:35:27.043493+00:00' AIRFLOW_CTX_TRY_NUMBER='2' AIRFLOW_CTX_DAG_RUN_ID='manual__2026-02-11T23:35:27.043493+00:00'
[2026-02-11T23:40:29.177+0000] {taskinstance.py:430} INFO - ::endgroup::
[2026-02-11T23:40:29.194+0000] {subprocess.py:63} INFO - Tmp dir *** location: /tmp
[2026-02-11T23:40:29.197+0000] {subprocess.py:75} INFO - Running command: ['/usr/bin/bash', '-c', 'python extract_multi_nb.py']
[2026-02-11T23:40:29.206+0000] {subprocess.py:86} INFO - Output:
[2026-02-11T23:40:29.268+0000] {subprocess.py:93} INFO - python: can't open file '/tmp/airflowtmp5kxas_rt/extract_multi_nb.py': [Errno 2] No such file or directory
[2026-02-11T23:40:29.272+0000] {subprocess.py:97} INFO - Command exited with return code 2
[2026-02-11T23:40:29.273+0000] {taskinstance.py:441} INFO - ::group::Post task execution logs
[2026-02-11T23:40:29.286+0000] {taskinstance.py:2905} ERROR - Task failed with exception
Traceback (most recent call last):
  File "/home/airflow/.local/lib/python3.12/site-packages/airflow/models/taskinstance.py", line 465, in _execute_task
    result = _execute_callable(context=context, **execute_callable_kwargs)
             ^^^^^^^^^^^^^^^^^^^^^^^^^^^^^^^^^^^^^^^^^^^^^^^^^^^^^^^^^^^^^
  File "/home/airflow/.local/lib/python3.12/site-packages/airflow/models/taskinstance.py", line 432, in _execute_callable
    return execute_callable(context=context, **execute_callable_kwargs)
           ^^^^^^^^^^^^^^^^^^^^^^^^^^^^^^^^^^^^^^^^^^^^^^^^^^^^^^^^^^^^
  File "/home/airflow/.local/lib/python3.12/site-packages/airflow/models/baseoperator.py", line 401, in wrapper
    return func(self, *args, **kwargs)
           ^^^^^^^^^^^^^^^^^^^^^^^^^^^
  File "/home/airflow/.local/lib/python3.12/site-packages/airflow/operators/bash.py", line 243, in execute
    raise AirflowException(
airflow.exceptions.AirflowException: Bash command failed. The command returned a non-zero exit code 2.
[2026-02-11T23:40:29.291+0000] {taskinstance.py:1206} INFO - Marking task as FAILED. dag_id=weather_nb_daily_pipeline, task_id=extract_nb_weather, run_id=manual__2026-02-11T23:35:27.043493+00:00, execution_date=20260211T233527, start_date=20260211T234028, end_date=20260211T234029
[2026-02-11T23:40:29.301+0000] {standard_task_runner.py:110} ERROR - Failed to execute job 11 for task extract_nb_weather (Bash command failed. The command returned a non-zero exit code 2.; 1046)
[2026-02-11T23:40:29.341+0000] {local_task_job_runner.py:243} INFO - Task exited with return code 1
[2026-02-11T23:40:29.365+0000] {taskinstance.py:3503} INFO - 0 downstream tasks scheduled from follow-on schedule check
[2026-02-11T23:40:29.370+0000] {local_task_job_runner.py:222} INFO - ::endgroup::
