[2026-02-19T23:28:23.099+0000] {local_task_job_runner.py:120} INFO - ::group::Pre task execution logs
[2026-02-19T23:28:23.157+0000] {taskinstance.py:2076} INFO - Dependencies all met for dep_context=non-requeueable deps ti=<TaskInstance: weather_nb_daily_pipeline.transform_nb_weather scheduled__2026-02-18T00:00:00+00:00 [queued]>
[2026-02-19T23:28:23.169+0000] {taskinstance.py:2076} INFO - Dependencies all met for dep_context=requeueable deps ti=<TaskInstance: weather_nb_daily_pipeline.transform_nb_weather scheduled__2026-02-18T00:00:00+00:00 [queued]>
[2026-02-19T23:28:23.170+0000] {taskinstance.py:2306} INFO - Starting attempt 1 of 1
[2026-02-19T23:28:23.186+0000] {taskinstance.py:2330} INFO - Executing <Task(BashOperator): transform_nb_weather> on 2026-02-18 00:00:00+00:00
[2026-02-19T23:28:23.196+0000] {standard_task_runner.py:90} INFO - Running: ['airflow', 'tasks', 'run', 'weather_nb_daily_pipeline', 'transform_nb_weather', 'scheduled__2026-02-18T00:00:00+00:00', '--job-id', '43', '--raw', '--subdir', 'DAGS_FOLDER/weather_nb_pipeline.py', '--cfg-path', '/tmp/tmpb913nwvv']
[2026-02-19T23:28:23.200+0000] {standard_task_runner.py:91} INFO - Job 43: Subtask transform_nb_weather
[2026-02-19T23:28:23.202+0000] {logging_mixin.py:188} WARNING - /home/airflow/.local/lib/python3.12/site-packages/airflow/task/task_runner/standard_task_runner.py:62 DeprecationWarning: This process (pid=176) is multi-threaded, use of fork() may lead to deadlocks in the child.
[2026-02-19T23:28:23.203+0000] {standard_task_runner.py:64} INFO - Started process 177 to run task
[2026-02-19T23:28:23.308+0000] {task_command.py:426} INFO - Running <TaskInstance: weather_nb_daily_pipeline.transform_nb_weather scheduled__2026-02-18T00:00:00+00:00 [running]> on host 110bf15da312
[2026-02-19T23:28:23.455+0000] {taskinstance.py:2648} INFO - Exporting env vars: AIRFLOW_CTX_DAG_OWNER='airflow' AIRFLOW_CTX_DAG_ID='weather_nb_daily_pipeline' AIRFLOW_CTX_TASK_ID='transform_nb_weather' AIRFLOW_CTX_EXECUTION_DATE='2026-02-18T00:00:00+00:00' AIRFLOW_CTX_TRY_NUMBER='1' AIRFLOW_CTX_DAG_RUN_ID='scheduled__2026-02-18T00:00:00+00:00'
[2026-02-19T23:28:23.456+0000] {taskinstance.py:430} INFO - ::endgroup::
[2026-02-19T23:28:23.477+0000] {subprocess.py:63} INFO - Tmp dir *** location: /tmp
[2026-02-19T23:28:23.479+0000] {subprocess.py:75} INFO - Running command: ['/usr/bin/bash', '-c', 'cd /opt/airflow/project && python transform_weather.py']
[2026-02-19T23:28:23.488+0000] {subprocess.py:86} INFO - Output:
[2026-02-19T23:28:26.101+0000] {subprocess.py:93} INFO - Read : data/raw/weather_nb_20260219_232820.json
[2026-02-19T23:28:26.101+0000] {subprocess.py:93} INFO - Saved: data/processed/weather_nb_clean.csv
[2026-02-19T23:28:26.102+0000] {subprocess.py:93} INFO - Rows : 9
[2026-02-19T23:28:26.215+0000] {subprocess.py:97} INFO - Command exited with return code 0
[2026-02-19T23:28:26.216+0000] {taskinstance.py:441} INFO - ::group::Post task execution logs
[2026-02-19T23:28:26.249+0000] {taskinstance.py:1206} INFO - Marking task as SUCCESS. dag_id=weather_nb_daily_pipeline, task_id=transform_nb_weather, run_id=scheduled__2026-02-18T00:00:00+00:00, execution_date=20260218T000000, start_date=20260219T232823, end_date=20260219T232826
[2026-02-19T23:28:26.273+0000] {local_task_job_runner.py:243} INFO - Task exited with return code 0
[2026-02-19T23:28:26.302+0000] {taskinstance.py:3503} INFO - 1 downstream tasks scheduled from follow-on schedule check
[2026-02-19T23:28:26.304+0000] {local_task_job_runner.py:222} INFO - ::endgroup::
