[2026-02-12T02:15:37.749+0000] {local_task_job_runner.py:120} INFO - ::group::Pre task execution logs
[2026-02-12T02:15:37.789+0000] {taskinstance.py:2076} INFO - Dependencies all met for dep_context=non-requeueable deps ti=<TaskInstance: weather_nb_daily_pipeline.run_dq_and_report manual__2026-02-12T02:15:29.566023+00:00 [queued]>
[2026-02-12T02:15:37.798+0000] {taskinstance.py:2076} INFO - Dependencies all met for dep_context=requeueable deps ti=<TaskInstance: weather_nb_daily_pipeline.run_dq_and_report manual__2026-02-12T02:15:29.566023+00:00 [queued]>
[2026-02-12T02:15:37.799+0000] {taskinstance.py:2306} INFO - Starting attempt 1 of 1
[2026-02-12T02:15:37.812+0000] {taskinstance.py:2330} INFO - Executing <Task(BashOperator): run_dq_and_report> on 2026-02-12 02:15:29.566023+00:00
[2026-02-12T02:15:37.820+0000] {standard_task_runner.py:90} INFO - Running: ['airflow', 'tasks', 'run', 'weather_nb_daily_pipeline', 'run_dq_and_report', 'manual__2026-02-12T02:15:29.566023+00:00', '--job-id', '36', '--raw', '--subdir', 'DAGS_FOLDER/weather_nb_pipeline.py', '--cfg-path', '/tmp/tmp0ji69n_e']
[2026-02-12T02:15:37.822+0000] {logging_mixin.py:188} WARNING - /home/airflow/.local/lib/python3.12/site-packages/airflow/task/task_runner/standard_task_runner.py:62 DeprecationWarning: This process (pid=397) is multi-threaded, use of fork() may lead to deadlocks in the child.
[2026-02-12T02:15:37.823+0000] {standard_task_runner.py:91} INFO - Job 36: Subtask run_dq_and_report
[2026-02-12T02:15:37.823+0000] {standard_task_runner.py:64} INFO - Started process 398 to run task
[2026-02-12T02:15:37.893+0000] {task_command.py:426} INFO - Running <TaskInstance: weather_nb_daily_pipeline.run_dq_and_report manual__2026-02-12T02:15:29.566023+00:00 [running]> on host 854332f8dbb5
[2026-02-12T02:15:37.984+0000] {taskinstance.py:2648} INFO - Exporting env vars: AIRFLOW_CTX_DAG_OWNER='airflow' AIRFLOW_CTX_DAG_ID='weather_nb_daily_pipeline' AIRFLOW_CTX_TASK_ID='run_dq_and_report' AIRFLOW_CTX_EXECUTION_DATE='2026-02-12T02:15:29.566023+00:00' AIRFLOW_CTX_TRY_NUMBER='1' AIRFLOW_CTX_DAG_RUN_ID='manual__2026-02-12T02:15:29.566023+00:00'
[2026-02-12T02:15:37.985+0000] {taskinstance.py:430} INFO - ::endgroup::
[2026-02-12T02:15:37.998+0000] {subprocess.py:63} INFO - Tmp dir *** location: /tmp
[2026-02-12T02:15:37.999+0000] {subprocess.py:75} INFO - Running command: ['/usr/bin/bash', '-c', 'cd /opt/airflow/project && python run_dq_and_report.py']
[2026-02-12T02:15:38.007+0000] {subprocess.py:86} INFO - Output:
[2026-02-12T02:15:38.966+0000] {subprocess.py:93} INFO - Saved report: reports/dq_report_2026-02-12.json
[2026-02-12T02:15:38.967+0000] {subprocess.py:93} INFO - Checks: 8 | Passed: 7 | Failed: 1
[2026-02-12T02:15:39.031+0000] {subprocess.py:97} INFO - Command exited with return code 0
[2026-02-12T02:15:39.032+0000] {taskinstance.py:441} INFO - ::group::Post task execution logs
[2026-02-12T02:15:39.059+0000] {taskinstance.py:1206} INFO - Marking task as SUCCESS. dag_id=weather_nb_daily_pipeline, task_id=run_dq_and_report, run_id=manual__2026-02-12T02:15:29.566023+00:00, execution_date=20260212T021529, start_date=20260212T021537, end_date=20260212T021539
[2026-02-12T02:15:39.082+0000] {local_task_job_runner.py:243} INFO - Task exited with return code 0
[2026-02-12T02:15:39.098+0000] {taskinstance.py:3503} INFO - 0 downstream tasks scheduled from follow-on schedule check
[2026-02-12T02:15:39.101+0000] {local_task_job_runner.py:222} INFO - ::endgroup::
