[2026-02-20T01:29:36.724+0000] {local_task_job_runner.py:120} INFO - ::group::Pre task execution logs
[2026-02-20T01:29:36.774+0000] {taskinstance.py:2076} INFO - Dependencies all met for dep_context=non-requeueable deps ti=<TaskInstance: weather_nb_daily_pipeline.extract_nb_weather manual__2026-02-20T01:29:36.128722+00:00 [queued]>
[2026-02-20T01:29:36.784+0000] {taskinstance.py:2076} INFO - Dependencies all met for dep_context=requeueable deps ti=<TaskInstance: weather_nb_daily_pipeline.extract_nb_weather manual__2026-02-20T01:29:36.128722+00:00 [queued]>
[2026-02-20T01:29:36.785+0000] {taskinstance.py:2306} INFO - Starting attempt 1 of 2
[2026-02-20T01:29:36.802+0000] {taskinstance.py:2330} INFO - Executing <Task(BashOperator): extract_nb_weather> on 2026-02-20 01:29:36.128722+00:00
[2026-02-20T01:29:36.814+0000] {logging_mixin.py:188} WARNING - /home/airflow/.local/lib/python3.12/site-packages/airflow/task/task_runner/standard_task_runner.py:62 DeprecationWarning: This process (pid=294) is multi-threaded, use of fork() may lead to deadlocks in the child.
[2026-02-20T01:29:36.812+0000] {standard_task_runner.py:90} INFO - Running: ['airflow', 'tasks', 'run', 'weather_nb_daily_pipeline', 'extract_nb_weather', 'manual__2026-02-20T01:29:36.128722+00:00', '--job-id', '10', '--raw', '--subdir', 'DAGS_FOLDER/weather_nb_pipeline.py', '--cfg-path', '/tmp/tmpscd_aj8q']
[2026-02-20T01:29:36.815+0000] {standard_task_runner.py:64} INFO - Started process 295 to run task
[2026-02-20T01:29:36.816+0000] {standard_task_runner.py:91} INFO - Job 10: Subtask extract_nb_weather
[2026-02-20T01:29:36.903+0000] {task_command.py:426} INFO - Running <TaskInstance: weather_nb_daily_pipeline.extract_nb_weather manual__2026-02-20T01:29:36.128722+00:00 [running]> on host 4e083851107f
[2026-02-20T01:29:37.007+0000] {taskinstance.py:2648} INFO - Exporting env vars: AIRFLOW_CTX_DAG_OWNER='airflow' AIRFLOW_CTX_DAG_ID='weather_nb_daily_pipeline' AIRFLOW_CTX_TASK_ID='extract_nb_weather' AIRFLOW_CTX_EXECUTION_DATE='2026-02-20T01:29:36.128722+00:00' AIRFLOW_CTX_TRY_NUMBER='1' AIRFLOW_CTX_DAG_RUN_ID='manual__2026-02-20T01:29:36.128722+00:00'
[2026-02-20T01:29:37.008+0000] {taskinstance.py:430} INFO - ::endgroup::
[2026-02-20T01:29:37.024+0000] {subprocess.py:63} INFO - Tmp dir *** location: /tmp
[2026-02-20T01:29:37.026+0000] {subprocess.py:75} INFO - Running command: ['/usr/bin/bash', '-c', 'cd /opt/airflow/project && python extract_weather.py']
[2026-02-20T01:29:37.035+0000] {subprocess.py:86} INFO - Output:
[2026-02-20T01:29:39.109+0000] {subprocess.py:93} INFO - Saved: data/raw/weather_nb_20260220_012937.json
[2026-02-20T01:29:39.110+0000] {subprocess.py:93} INFO - Cities pulled: 9
[2026-02-20T01:29:39.129+0000] {subprocess.py:97} INFO - Command exited with return code 0
[2026-02-20T01:29:39.130+0000] {taskinstance.py:441} INFO - ::group::Post task execution logs
[2026-02-20T01:29:39.159+0000] {taskinstance.py:1206} INFO - Marking task as SUCCESS. dag_id=weather_nb_daily_pipeline, task_id=extract_nb_weather, run_id=manual__2026-02-20T01:29:36.128722+00:00, execution_date=20260220T012936, start_date=20260220T012936, end_date=20260220T012939
[2026-02-20T01:29:39.199+0000] {local_task_job_runner.py:243} INFO - Task exited with return code 0
[2026-02-20T01:29:39.222+0000] {taskinstance.py:3503} INFO - 1 downstream tasks scheduled from follow-on schedule check
[2026-02-20T01:29:39.224+0000] {local_task_job_runner.py:222} INFO - ::endgroup::
