[2026-02-20T01:40:38.372+0000] {local_task_job_runner.py:120} INFO - ::group::Pre task execution logs
[2026-02-20T01:40:38.405+0000] {taskinstance.py:2076} INFO - Dependencies all met for dep_context=non-requeueable deps ti=<TaskInstance: weather_nb_daily_pipeline.run_dq_and_report manual__2026-02-20T01:40:30.438755+00:00 [queued]>
[2026-02-20T01:40:38.412+0000] {taskinstance.py:2076} INFO - Dependencies all met for dep_context=requeueable deps ti=<TaskInstance: weather_nb_daily_pipeline.run_dq_and_report manual__2026-02-20T01:40:30.438755+00:00 [queued]>
[2026-02-20T01:40:38.412+0000] {taskinstance.py:2306} INFO - Starting attempt 1 of 1
[2026-02-20T01:40:38.424+0000] {taskinstance.py:2330} INFO - Executing <Task(BashOperator): run_dq_and_report> on 2026-02-20 01:40:30.438755+00:00
[2026-02-20T01:40:38.431+0000] {standard_task_runner.py:90} INFO - Running: ['airflow', 'tasks', 'run', 'weather_nb_daily_pipeline', 'run_dq_and_report', 'manual__2026-02-20T01:40:30.438755+00:00', '--job-id', '21', '--raw', '--subdir', 'DAGS_FOLDER/weather_nb_pipeline.py', '--cfg-path', '/tmp/tmpqxd15l3p']
[2026-02-20T01:40:38.433+0000] {standard_task_runner.py:91} INFO - Job 21: Subtask run_dq_and_report
[2026-02-20T01:40:38.434+0000] {logging_mixin.py:188} WARNING - /home/airflow/.local/lib/python3.12/site-packages/airflow/task/task_runner/standard_task_runner.py:62 DeprecationWarning: This process (pid=533) is multi-threaded, use of fork() may lead to deadlocks in the child.
[2026-02-20T01:40:38.434+0000] {standard_task_runner.py:64} INFO - Started process 534 to run task
[2026-02-20T01:40:38.495+0000] {task_command.py:426} INFO - Running <TaskInstance: weather_nb_daily_pipeline.run_dq_and_report manual__2026-02-20T01:40:30.438755+00:00 [running]> on host 4e083851107f
[2026-02-20T01:40:38.589+0000] {taskinstance.py:2648} INFO - Exporting env vars: AIRFLOW_CTX_DAG_OWNER='airflow' AIRFLOW_CTX_DAG_ID='weather_nb_daily_pipeline' AIRFLOW_CTX_TASK_ID='run_dq_and_report' AIRFLOW_CTX_EXECUTION_DATE='2026-02-20T01:40:30.438755+00:00' AIRFLOW_CTX_TRY_NUMBER='1' AIRFLOW_CTX_DAG_RUN_ID='manual__2026-02-20T01:40:30.438755+00:00'
[2026-02-20T01:40:38.590+0000] {taskinstance.py:430} INFO - ::endgroup::
[2026-02-20T01:40:38.604+0000] {subprocess.py:63} INFO - Tmp dir *** location: /tmp
[2026-02-20T01:40:38.605+0000] {subprocess.py:75} INFO - Running command: ['/usr/bin/bash', '-c', 'cd /opt/airflow/project && python run_dq_and_report.py']
[2026-02-20T01:40:38.614+0000] {subprocess.py:86} INFO - Output:
[2026-02-20T01:40:39.784+0000] {subprocess.py:93} INFO - Saved report: reports/dq_report_2026-02-20.json
[2026-02-20T01:40:39.785+0000] {subprocess.py:93} INFO - Checks: 8 | Passed: 8 | Failed: 0
[2026-02-20T01:40:39.883+0000] {subprocess.py:97} INFO - Command exited with return code 0
[2026-02-20T01:40:39.884+0000] {taskinstance.py:441} INFO - ::group::Post task execution logs
[2026-02-20T01:40:39.915+0000] {taskinstance.py:1206} INFO - Marking task as SUCCESS. dag_id=weather_nb_daily_pipeline, task_id=run_dq_and_report, run_id=manual__2026-02-20T01:40:30.438755+00:00, execution_date=20260220T014030, start_date=20260220T014038, end_date=20260220T014039
[2026-02-20T01:40:39.933+0000] {local_task_job_runner.py:243} INFO - Task exited with return code 0
[2026-02-20T01:40:39.952+0000] {taskinstance.py:3503} INFO - 0 downstream tasks scheduled from follow-on schedule check
[2026-02-20T01:40:39.954+0000] {local_task_job_runner.py:222} INFO - ::endgroup::
