[2026-02-20T01:50:59.689+0000] {local_task_job_runner.py:120} INFO - ::group::Pre task execution logs
[2026-02-20T01:50:59.734+0000] {taskinstance.py:2076} INFO - Dependencies all met for dep_context=non-requeueable deps ti=<TaskInstance: weather_nb_daily_pipeline.load_to_postgres manual__2026-02-20T01:50:54.214020+00:00 [queued]>
[2026-02-20T01:50:59.743+0000] {taskinstance.py:2076} INFO - Dependencies all met for dep_context=requeueable deps ti=<TaskInstance: weather_nb_daily_pipeline.load_to_postgres manual__2026-02-20T01:50:54.214020+00:00 [queued]>
[2026-02-20T01:50:59.744+0000] {taskinstance.py:2306} INFO - Starting attempt 1 of 1
[2026-02-20T01:50:59.761+0000] {taskinstance.py:2330} INFO - Executing <Task(BashOperator): load_to_postgres> on 2026-02-20 01:50:54.214020+00:00
[2026-02-20T01:50:59.770+0000] {standard_task_runner.py:90} INFO - Running: ['airflow', 'tasks', 'run', 'weather_nb_daily_pipeline', 'load_to_postgres', 'manual__2026-02-20T01:50:54.214020+00:00', '--job-id', '7', '--raw', '--subdir', 'DAGS_FOLDER/weather_nb_pipeline.py', '--cfg-path', '/tmp/tmp2hsc_wgv']
[2026-02-20T01:50:59.774+0000] {standard_task_runner.py:91} INFO - Job 7: Subtask load_to_postgres
[2026-02-20T01:50:59.775+0000] {logging_mixin.py:188} WARNING - /home/airflow/.local/lib/python3.12/site-packages/airflow/task/task_runner/standard_task_runner.py:62 DeprecationWarning: This process (pid=215) is multi-threaded, use of fork() may lead to deadlocks in the child.
[2026-02-20T01:50:59.775+0000] {standard_task_runner.py:64} INFO - Started process 217 to run task
[2026-02-20T01:50:59.866+0000] {task_command.py:426} INFO - Running <TaskInstance: weather_nb_daily_pipeline.load_to_postgres manual__2026-02-20T01:50:54.214020+00:00 [running]> on host 0cb99b34e638
[2026-02-20T01:50:59.973+0000] {taskinstance.py:2648} INFO - Exporting env vars: AIRFLOW_CTX_DAG_OWNER='airflow' AIRFLOW_CTX_DAG_ID='weather_nb_daily_pipeline' AIRFLOW_CTX_TASK_ID='load_to_postgres' AIRFLOW_CTX_EXECUTION_DATE='2026-02-20T01:50:54.214020+00:00' AIRFLOW_CTX_TRY_NUMBER='1' AIRFLOW_CTX_DAG_RUN_ID='manual__2026-02-20T01:50:54.214020+00:00'
[2026-02-20T01:50:59.974+0000] {taskinstance.py:430} INFO - ::endgroup::
[2026-02-20T01:50:59.990+0000] {subprocess.py:63} INFO - Tmp dir *** location: /tmp
[2026-02-20T01:50:59.991+0000] {subprocess.py:75} INFO - Running command: ['/usr/bin/bash', '-c', 'cd /opt/airflow/project && python load_nb_to_postgres.py']
[2026-02-20T01:51:00.000+0000] {subprocess.py:86} INFO - Output:
[2026-02-20T01:51:01.156+0000] {subprocess.py:93} INFO - Loaded 9 rows into weather_nb
[2026-02-20T01:51:01.271+0000] {subprocess.py:97} INFO - Command exited with return code 0
[2026-02-20T01:51:01.272+0000] {taskinstance.py:441} INFO - ::group::Post task execution logs
[2026-02-20T01:51:01.305+0000] {taskinstance.py:1206} INFO - Marking task as SUCCESS. dag_id=weather_nb_daily_pipeline, task_id=load_to_postgres, run_id=manual__2026-02-20T01:50:54.214020+00:00, execution_date=20260220T015054, start_date=20260220T015059, end_date=20260220T015101
[2026-02-20T01:51:01.355+0000] {local_task_job_runner.py:243} INFO - Task exited with return code 0
[2026-02-20T01:51:01.376+0000] {taskinstance.py:3503} INFO - 1 downstream tasks scheduled from follow-on schedule check
[2026-02-20T01:51:01.379+0000] {local_task_job_runner.py:222} INFO - ::endgroup::
