[2026-02-11T23:34:29.909+0000] {local_task_job_runner.py:120} INFO - ::group::Pre task execution logs
[2026-02-11T23:34:29.977+0000] {taskinstance.py:2076} INFO - Dependencies all met for dep_context=non-requeueable deps ti=<TaskInstance: weather_nb_daily_pipeline.extract_nb_weather scheduled__2026-02-10T00:00:00+00:00 [queued]>
[2026-02-11T23:34:29.986+0000] {taskinstance.py:2076} INFO - Dependencies all met for dep_context=requeueable deps ti=<TaskInstance: weather_nb_daily_pipeline.extract_nb_weather scheduled__2026-02-10T00:00:00+00:00 [queued]>
[2026-02-11T23:34:29.987+0000] {taskinstance.py:2306} INFO - Starting attempt 3 of 4
[2026-02-11T23:34:30.004+0000] {taskinstance.py:2330} INFO - Executing <Task(BashOperator): extract_nb_weather> on 2026-02-10 00:00:00+00:00
[2026-02-11T23:34:30.012+0000] {standard_task_runner.py:90} INFO - Running: ['airflow', 'tasks', 'run', 'weather_nb_daily_pipeline', 'extract_nb_weather', 'scheduled__2026-02-10T00:00:00+00:00', '--job-id', '6', '--raw', '--subdir', 'DAGS_FOLDER/weather_nb_pipeline.py', '--cfg-path', '/tmp/tmp14dxfbyi']
[2026-02-11T23:34:30.016+0000] {standard_task_runner.py:91} INFO - Job 6: Subtask extract_nb_weather
[2026-02-11T23:34:30.016+0000] {logging_mixin.py:188} WARNING - /home/airflow/.local/lib/python3.12/site-packages/airflow/task/task_runner/standard_task_runner.py:62 DeprecationWarning: This process (pid=970) is multi-threaded, use of fork() may lead to deadlocks in the child.
[2026-02-11T23:34:30.017+0000] {standard_task_runner.py:64} INFO - Started process 971 to run task
[2026-02-11T23:34:30.095+0000] {task_command.py:426} INFO - Running <TaskInstance: weather_nb_daily_pipeline.extract_nb_weather scheduled__2026-02-10T00:00:00+00:00 [running]> on host b20c47c56f25
[2026-02-11T23:34:30.206+0000] {taskinstance.py:2648} INFO - Exporting env vars: AIRFLOW_CTX_DAG_OWNER='airflow' AIRFLOW_CTX_DAG_ID='weather_nb_daily_pipeline' AIRFLOW_CTX_TASK_ID='extract_nb_weather' AIRFLOW_CTX_EXECUTION_DATE='2026-02-10T00:00:00+00:00' AIRFLOW_CTX_TRY_NUMBER='3' AIRFLOW_CTX_DAG_RUN_ID='scheduled__2026-02-10T00:00:00+00:00'
[2026-02-11T23:34:30.207+0000] {taskinstance.py:430} INFO - ::endgroup::
[2026-02-11T23:34:30.231+0000] {subprocess.py:63} INFO - Tmp dir *** location: /tmp
[2026-02-11T23:34:30.233+0000] {subprocess.py:75} INFO - Running command: ['/usr/bin/bash', '-c', 'python extract_multi_nb.py']
[2026-02-11T23:34:30.244+0000] {subprocess.py:86} INFO - Output:
[2026-02-11T23:34:30.361+0000] {subprocess.py:93} INFO - python: can't open file '/tmp/airflowtmp2unwmwi9/extract_multi_nb.py': [Errno 2] No such file or directory
[2026-02-11T23:34:30.366+0000] {subprocess.py:97} INFO - Command exited with return code 2
[2026-02-11T23:34:30.368+0000] {taskinstance.py:441} INFO - ::group::Post task execution logs
[2026-02-11T23:34:30.382+0000] {taskinstance.py:2905} ERROR - Task failed with exception
Traceback (most recent call last):
  File "/home/airflow/.local/lib/python3.12/site-packages/airflow/models/taskinstance.py", line 465, in _execute_task
    result = _execute_callable(context=context, **execute_callable_kwargs)
             ^^^^^^^^^^^^^^^^^^^^^^^^^^^^^^^^^^^^^^^^^^^^^^^^^^^^^^^^^^^^^
  File "/home/airflow/.local/lib/python3.12/site-packages/airflow/models/taskinstance.py", line 432, in _execute_callable
    return execute_callable(context=context, **execute_callable_kwargs)
           ^^^^^^^^^^^^^^^^^^^^^^^^^^^^^^^^^^^^^^^^^^^^^^^^^^^^^^^^^^^^
  File "/home/airflow/.local/lib/python3.12/site-packages/airflow/models/baseoperator.py", line 401, in wrapper
    return func(self, *args, **kwargs)
           ^^^^^^^^^^^^^^^^^^^^^^^^^^^
  File "/home/airflow/.local/lib/python3.12/site-packages/airflow/operators/bash.py", line 243, in execute
    raise AirflowException(
airflow.exceptions.AirflowException: Bash command failed. The command returned a non-zero exit code 2.
[2026-02-11T23:34:30.389+0000] {taskinstance.py:1206} INFO - Marking task as UP_FOR_RETRY. dag_id=weather_nb_daily_pipeline, task_id=extract_nb_weather, run_id=scheduled__2026-02-10T00:00:00+00:00, execution_date=20260210T000000, start_date=20260211T233429, end_date=20260211T233430
[2026-02-11T23:34:30.404+0000] {standard_task_runner.py:110} ERROR - Failed to execute job 6 for task extract_nb_weather (Bash command failed. The command returned a non-zero exit code 2.; 971)
[2026-02-11T23:34:30.434+0000] {local_task_job_runner.py:243} INFO - Task exited with return code 1
[2026-02-11T23:34:30.459+0000] {taskinstance.py:3503} INFO - 0 downstream tasks scheduled from follow-on schedule check
[2026-02-11T23:34:30.462+0000] {local_task_job_runner.py:222} INFO - ::endgroup::
