[2026-02-11T22:40:54.878+0000] {local_task_job_runner.py:120} INFO - ::group::Pre task execution logs
[2026-02-11T22:40:54.921+0000] {taskinstance.py:2076} INFO - Dependencies all met for dep_context=non-requeueable deps ti=<TaskInstance: weather_nb_daily_pipeline.extract_nb_weather scheduled__2026-02-10T00:00:00+00:00 [queued]>
[2026-02-11T22:40:54.929+0000] {taskinstance.py:2076} INFO - Dependencies all met for dep_context=requeueable deps ti=<TaskInstance: weather_nb_daily_pipeline.extract_nb_weather scheduled__2026-02-10T00:00:00+00:00 [queued]>
[2026-02-11T22:40:54.930+0000] {taskinstance.py:2306} INFO - Starting attempt 1 of 2
[2026-02-11T22:40:54.943+0000] {taskinstance.py:2330} INFO - Executing <Task(BashOperator): extract_nb_weather> on 2026-02-10 00:00:00+00:00
[2026-02-11T22:40:54.950+0000] {standard_task_runner.py:90} INFO - Running: ['airflow', 'tasks', 'run', 'weather_nb_daily_pipeline', 'extract_nb_weather', 'scheduled__2026-02-10T00:00:00+00:00', '--job-id', '2', '--raw', '--subdir', 'DAGS_FOLDER/weather_nb_pipeline.py', '--cfg-path', '/tmp/tmpg6v_mztv']
[2026-02-11T22:40:54.953+0000] {standard_task_runner.py:91} INFO - Job 2: Subtask extract_nb_weather
[2026-02-11T22:40:54.953+0000] {logging_mixin.py:188} WARNING - /home/airflow/.local/lib/python3.12/site-packages/airflow/task/task_runner/standard_task_runner.py:62 DeprecationWarning: This process (pid=423) is multi-threaded, use of fork() may lead to deadlocks in the child.
[2026-02-11T22:40:54.954+0000] {standard_task_runner.py:64} INFO - Started process 424 to run task
[2026-02-11T22:40:55.025+0000] {task_command.py:426} INFO - Running <TaskInstance: weather_nb_daily_pipeline.extract_nb_weather scheduled__2026-02-10T00:00:00+00:00 [running]> on host b20c47c56f25
[2026-02-11T22:40:55.125+0000] {taskinstance.py:2648} INFO - Exporting env vars: AIRFLOW_CTX_DAG_OWNER='airflow' AIRFLOW_CTX_DAG_ID='weather_nb_daily_pipeline' AIRFLOW_CTX_TASK_ID='extract_nb_weather' AIRFLOW_CTX_EXECUTION_DATE='2026-02-10T00:00:00+00:00' AIRFLOW_CTX_TRY_NUMBER='1' AIRFLOW_CTX_DAG_RUN_ID='scheduled__2026-02-10T00:00:00+00:00'
[2026-02-11T22:40:55.126+0000] {taskinstance.py:430} INFO - ::endgroup::
[2026-02-11T22:40:55.162+0000] {subprocess.py:63} INFO - Tmp dir *** location: /tmp
[2026-02-11T22:40:55.163+0000] {subprocess.py:75} INFO - Running command: ['/usr/bin/bash', '-c', 'cd /opt/airflow/project && python extract_multi_nb.py']
[2026-02-11T22:40:55.172+0000] {subprocess.py:86} INFO - Output:
[2026-02-11T22:40:55.235+0000] {subprocess.py:93} INFO - python: can't open file '/opt/airflow/project/extract_multi_nb.py': [Errno 2] No such file or directory
[2026-02-11T22:40:55.238+0000] {subprocess.py:97} INFO - Command exited with return code 2
[2026-02-11T22:40:55.239+0000] {taskinstance.py:441} INFO - ::group::Post task execution logs
[2026-02-11T22:40:55.250+0000] {taskinstance.py:2905} ERROR - Task failed with exception
Traceback (most recent call last):
  File "/home/airflow/.local/lib/python3.12/site-packages/airflow/models/taskinstance.py", line 465, in _execute_task
    result = _execute_callable(context=context, **execute_callable_kwargs)
             ^^^^^^^^^^^^^^^^^^^^^^^^^^^^^^^^^^^^^^^^^^^^^^^^^^^^^^^^^^^^^
  File "/home/airflow/.local/lib/python3.12/site-packages/airflow/models/taskinstance.py", line 432, in _execute_callable
    return execute_callable(context=context, **execute_callable_kwargs)
           ^^^^^^^^^^^^^^^^^^^^^^^^^^^^^^^^^^^^^^^^^^^^^^^^^^^^^^^^^^^^
  File "/home/airflow/.local/lib/python3.12/site-packages/airflow/models/baseoperator.py", line 401, in wrapper
    return func(self, *args, **kwargs)
           ^^^^^^^^^^^^^^^^^^^^^^^^^^^
  File "/home/airflow/.local/lib/python3.12/site-packages/airflow/operators/bash.py", line 243, in execute
    raise AirflowException(
airflow.exceptions.AirflowException: Bash command failed. The command returned a non-zero exit code 2.
[2026-02-11T22:40:55.254+0000] {taskinstance.py:1206} INFO - Marking task as UP_FOR_RETRY. dag_id=weather_nb_daily_pipeline, task_id=extract_nb_weather, run_id=scheduled__2026-02-10T00:00:00+00:00, execution_date=20260210T000000, start_date=20260211T224054, end_date=20260211T224055
[2026-02-11T22:40:55.264+0000] {standard_task_runner.py:110} ERROR - Failed to execute job 2 for task extract_nb_weather (Bash command failed. The command returned a non-zero exit code 2.; 424)
[2026-02-11T22:40:55.289+0000] {local_task_job_runner.py:243} INFO - Task exited with return code 1
[2026-02-11T22:40:55.340+0000] {taskinstance.py:3503} INFO - 0 downstream tasks scheduled from follow-on schedule check
[2026-02-11T22:40:55.342+0000] {local_task_job_runner.py:222} INFO - ::endgroup::
[2026-02-11T23:35:22.383+0000] {local_task_job_runner.py:120} INFO - ::group::Pre task execution logs
[2026-02-11T23:35:22.426+0000] {taskinstance.py:2076} INFO - Dependencies all met for dep_context=non-requeueable deps ti=<TaskInstance: weather_nb_daily_pipeline.extract_nb_weather scheduled__2026-02-10T00:00:00+00:00 [queued]>
[2026-02-11T23:35:22.436+0000] {taskinstance.py:2076} INFO - Dependencies all met for dep_context=requeueable deps ti=<TaskInstance: weather_nb_daily_pipeline.extract_nb_weather scheduled__2026-02-10T00:00:00+00:00 [queued]>
[2026-02-11T23:35:22.437+0000] {taskinstance.py:2306} INFO - Starting attempt 1 of 2
[2026-02-11T23:35:22.453+0000] {taskinstance.py:2330} INFO - Executing <Task(BashOperator): extract_nb_weather> on 2026-02-10 00:00:00+00:00
[2026-02-11T23:35:22.461+0000] {standard_task_runner.py:90} INFO - Running: ['airflow', 'tasks', 'run', 'weather_nb_daily_pipeline', 'extract_nb_weather', 'scheduled__2026-02-10T00:00:00+00:00', '--job-id', '8', '--raw', '--subdir', 'DAGS_FOLDER/weather_nb_pipeline.py', '--cfg-path', '/tmp/tmpy2tubyfq']
[2026-02-11T23:35:22.464+0000] {logging_mixin.py:188} WARNING - /home/airflow/.local/lib/python3.12/site-packages/airflow/task/task_runner/standard_task_runner.py:62 DeprecationWarning: This process (pid=986) is multi-threaded, use of fork() may lead to deadlocks in the child.
[2026-02-11T23:35:22.465+0000] {standard_task_runner.py:91} INFO - Job 8: Subtask extract_nb_weather
[2026-02-11T23:35:22.465+0000] {standard_task_runner.py:64} INFO - Started process 987 to run task
[2026-02-11T23:35:22.540+0000] {task_command.py:426} INFO - Running <TaskInstance: weather_nb_daily_pipeline.extract_nb_weather scheduled__2026-02-10T00:00:00+00:00 [running]> on host b20c47c56f25
[2026-02-11T23:35:22.650+0000] {taskinstance.py:2648} INFO - Exporting env vars: AIRFLOW_CTX_DAG_OWNER='airflow' AIRFLOW_CTX_DAG_ID='weather_nb_daily_pipeline' AIRFLOW_CTX_TASK_ID='extract_nb_weather' AIRFLOW_CTX_EXECUTION_DATE='2026-02-10T00:00:00+00:00' AIRFLOW_CTX_TRY_NUMBER='1' AIRFLOW_CTX_DAG_RUN_ID='scheduled__2026-02-10T00:00:00+00:00'
[2026-02-11T23:35:22.651+0000] {taskinstance.py:430} INFO - ::endgroup::
[2026-02-11T23:35:22.667+0000] {subprocess.py:63} INFO - Tmp dir *** location: /tmp
[2026-02-11T23:35:22.669+0000] {subprocess.py:75} INFO - Running command: ['/usr/bin/bash', '-c', 'python extract_multi_nb.py']
[2026-02-11T23:35:22.678+0000] {subprocess.py:86} INFO - Output:
[2026-02-11T23:35:22.742+0000] {subprocess.py:93} INFO - python: can't open file '/tmp/airflowtmpeycpx41_/extract_multi_nb.py': [Errno 2] No such file or directory
[2026-02-11T23:35:22.746+0000] {subprocess.py:97} INFO - Command exited with return code 2
[2026-02-11T23:35:22.747+0000] {taskinstance.py:441} INFO - ::group::Post task execution logs
[2026-02-11T23:35:22.760+0000] {taskinstance.py:2905} ERROR - Task failed with exception
Traceback (most recent call last):
  File "/home/airflow/.local/lib/python3.12/site-packages/airflow/models/taskinstance.py", line 465, in _execute_task
    result = _execute_callable(context=context, **execute_callable_kwargs)
             ^^^^^^^^^^^^^^^^^^^^^^^^^^^^^^^^^^^^^^^^^^^^^^^^^^^^^^^^^^^^^
  File "/home/airflow/.local/lib/python3.12/site-packages/airflow/models/taskinstance.py", line 432, in _execute_callable
    return execute_callable(context=context, **execute_callable_kwargs)
           ^^^^^^^^^^^^^^^^^^^^^^^^^^^^^^^^^^^^^^^^^^^^^^^^^^^^^^^^^^^^
  File "/home/airflow/.local/lib/python3.12/site-packages/airflow/models/baseoperator.py", line 401, in wrapper
    return func(self, *args, **kwargs)
           ^^^^^^^^^^^^^^^^^^^^^^^^^^^
  File "/home/airflow/.local/lib/python3.12/site-packages/airflow/operators/bash.py", line 243, in execute
    raise AirflowException(
airflow.exceptions.AirflowException: Bash command failed. The command returned a non-zero exit code 2.
[2026-02-11T23:35:22.765+0000] {taskinstance.py:1206} INFO - Marking task as UP_FOR_RETRY. dag_id=weather_nb_daily_pipeline, task_id=extract_nb_weather, run_id=scheduled__2026-02-10T00:00:00+00:00, execution_date=20260210T000000, start_date=20260211T233522, end_date=20260211T233522
[2026-02-11T23:35:22.776+0000] {standard_task_runner.py:110} ERROR - Failed to execute job 8 for task extract_nb_weather (Bash command failed. The command returned a non-zero exit code 2.; 987)
[2026-02-11T23:35:22.801+0000] {local_task_job_runner.py:243} INFO - Task exited with return code 1
[2026-02-11T23:35:22.828+0000] {taskinstance.py:3503} INFO - 0 downstream tasks scheduled from follow-on schedule check
[2026-02-11T23:35:22.830+0000] {local_task_job_runner.py:222} INFO - ::endgroup::
