[2026-02-11T22:45:56.015+0000] {local_task_job_runner.py:120} INFO - ::group::Pre task execution logs
[2026-02-11T22:45:56.054+0000] {taskinstance.py:2076} INFO - Dependencies all met for dep_context=non-requeueable deps ti=<TaskInstance: weather_nb_daily_pipeline.extract_nb_weather scheduled__2026-02-10T00:00:00+00:00 [queued]>
[2026-02-11T22:45:56.062+0000] {taskinstance.py:2076} INFO - Dependencies all met for dep_context=requeueable deps ti=<TaskInstance: weather_nb_daily_pipeline.extract_nb_weather scheduled__2026-02-10T00:00:00+00:00 [queued]>
[2026-02-11T22:45:56.062+0000] {taskinstance.py:2306} INFO - Starting attempt 2 of 2
[2026-02-11T22:45:56.075+0000] {taskinstance.py:2330} INFO - Executing <Task(BashOperator): extract_nb_weather> on 2026-02-10 00:00:00+00:00
[2026-02-11T22:45:56.082+0000] {standard_task_runner.py:90} INFO - Running: ['airflow', 'tasks', 'run', 'weather_nb_daily_pipeline', 'extract_nb_weather', 'scheduled__2026-02-10T00:00:00+00:00', '--job-id', '4', '--raw', '--subdir', 'DAGS_FOLDER/weather_nb_pipeline.py', '--cfg-path', '/tmp/tmpt2a9e8a0']
[2026-02-11T22:45:56.085+0000] {logging_mixin.py:188} WARNING - /home/airflow/.local/lib/python3.12/site-packages/airflow/task/task_runner/standard_task_runner.py:62 DeprecationWarning: This process (pid=479) is multi-threaded, use of fork() may lead to deadlocks in the child.
[2026-02-11T22:45:56.085+0000] {standard_task_runner.py:91} INFO - Job 4: Subtask extract_nb_weather
[2026-02-11T22:45:56.085+0000] {standard_task_runner.py:64} INFO - Started process 480 to run task
[2026-02-11T22:45:56.158+0000] {task_command.py:426} INFO - Running <TaskInstance: weather_nb_daily_pipeline.extract_nb_weather scheduled__2026-02-10T00:00:00+00:00 [running]> on host b20c47c56f25
[2026-02-11T22:45:56.257+0000] {taskinstance.py:2648} INFO - Exporting env vars: AIRFLOW_CTX_DAG_OWNER='airflow' AIRFLOW_CTX_DAG_ID='weather_nb_daily_pipeline' AIRFLOW_CTX_TASK_ID='extract_nb_weather' AIRFLOW_CTX_EXECUTION_DATE='2026-02-10T00:00:00+00:00' AIRFLOW_CTX_TRY_NUMBER='2' AIRFLOW_CTX_DAG_RUN_ID='scheduled__2026-02-10T00:00:00+00:00'
[2026-02-11T22:45:56.258+0000] {taskinstance.py:430} INFO - ::endgroup::
[2026-02-11T22:45:56.273+0000] {subprocess.py:63} INFO - Tmp dir *** location: /tmp
[2026-02-11T22:45:56.275+0000] {subprocess.py:75} INFO - Running command: ['/usr/bin/bash', '-c', 'cd /opt/airflow/project && python extract_multi_nb.py']
[2026-02-11T22:45:56.284+0000] {subprocess.py:86} INFO - Output:
[2026-02-11T22:45:56.349+0000] {subprocess.py:93} INFO - python: can't open file '/opt/airflow/project/extract_multi_nb.py': [Errno 2] No such file or directory
[2026-02-11T22:45:56.354+0000] {subprocess.py:97} INFO - Command exited with return code 2
[2026-02-11T22:45:56.355+0000] {taskinstance.py:441} INFO - ::group::Post task execution logs
[2026-02-11T22:45:56.368+0000] {taskinstance.py:2905} ERROR - Task failed with exception
Traceback (most recent call last):
  File "/home/airflow/.local/lib/python3.12/site-packages/airflow/models/taskinstance.py", line 465, in _execute_task
    result = _execute_callable(context=context, **execute_callable_kwargs)
             ^^^^^^^^^^^^^^^^^^^^^^^^^^^^^^^^^^^^^^^^^^^^^^^^^^^^^^^^^^^^^
  File "/home/airflow/.local/lib/python3.12/site-packages/airflow/models/taskinstance.py", line 432, in _execute_callable
    return execute_callable(context=context, **execute_callable_kwargs)
           ^^^^^^^^^^^^^^^^^^^^^^^^^^^^^^^^^^^^^^^^^^^^^^^^^^^^^^^^^^^^
  File "/home/airflow/.local/lib/python3.12/site-packages/airflow/models/baseoperator.py", line 401, in wrapper
    return func(self, *args, **kwargs)
           ^^^^^^^^^^^^^^^^^^^^^^^^^^^
  File "/home/airflow/.local/lib/python3.12/site-packages/airflow/operators/bash.py", line 243, in execute
    raise AirflowException(
airflow.exceptions.AirflowException: Bash command failed. The command returned a non-zero exit code 2.
[2026-02-11T22:45:56.371+0000] {taskinstance.py:1206} INFO - Marking task as FAILED. dag_id=weather_nb_daily_pipeline, task_id=extract_nb_weather, run_id=scheduled__2026-02-10T00:00:00+00:00, execution_date=20260210T000000, start_date=20260211T224556, end_date=20260211T224556
[2026-02-11T22:45:56.384+0000] {standard_task_runner.py:110} ERROR - Failed to execute job 4 for task extract_nb_weather (Bash command failed. The command returned a non-zero exit code 2.; 480)
[2026-02-11T22:45:56.422+0000] {local_task_job_runner.py:243} INFO - Task exited with return code 1
[2026-02-11T22:45:56.444+0000] {taskinstance.py:3503} INFO - 0 downstream tasks scheduled from follow-on schedule check
[2026-02-11T22:45:56.448+0000] {local_task_job_runner.py:222} INFO - ::endgroup::
[2026-02-11T23:40:23.001+0000] {local_task_job_runner.py:120} INFO - ::group::Pre task execution logs
[2026-02-11T23:40:23.041+0000] {taskinstance.py:2076} INFO - Dependencies all met for dep_context=non-requeueable deps ti=<TaskInstance: weather_nb_daily_pipeline.extract_nb_weather scheduled__2026-02-10T00:00:00+00:00 [queued]>
[2026-02-11T23:40:23.048+0000] {taskinstance.py:2076} INFO - Dependencies all met for dep_context=requeueable deps ti=<TaskInstance: weather_nb_daily_pipeline.extract_nb_weather scheduled__2026-02-10T00:00:00+00:00 [queued]>
[2026-02-11T23:40:23.049+0000] {taskinstance.py:2306} INFO - Starting attempt 2 of 2
[2026-02-11T23:40:23.061+0000] {taskinstance.py:2330} INFO - Executing <Task(BashOperator): extract_nb_weather> on 2026-02-10 00:00:00+00:00
[2026-02-11T23:40:23.070+0000] {standard_task_runner.py:90} INFO - Running: ['airflow', 'tasks', 'run', 'weather_nb_daily_pipeline', 'extract_nb_weather', 'scheduled__2026-02-10T00:00:00+00:00', '--job-id', '10', '--raw', '--subdir', 'DAGS_FOLDER/weather_nb_pipeline.py', '--cfg-path', '/tmp/tmpbh2gfrxm']
[2026-02-11T23:40:23.073+0000] {standard_task_runner.py:91} INFO - Job 10: Subtask extract_nb_weather
[2026-02-11T23:40:23.073+0000] {logging_mixin.py:188} WARNING - /home/airflow/.local/lib/python3.12/site-packages/airflow/task/task_runner/standard_task_runner.py:62 DeprecationWarning: This process (pid=1037) is multi-threaded, use of fork() may lead to deadlocks in the child.
[2026-02-11T23:40:23.076+0000] {standard_task_runner.py:64} INFO - Started process 1038 to run task
[2026-02-11T23:40:23.154+0000] {task_command.py:426} INFO - Running <TaskInstance: weather_nb_daily_pipeline.extract_nb_weather scheduled__2026-02-10T00:00:00+00:00 [running]> on host b20c47c56f25
[2026-02-11T23:40:23.248+0000] {taskinstance.py:2648} INFO - Exporting env vars: AIRFLOW_CTX_DAG_OWNER='airflow' AIRFLOW_CTX_DAG_ID='weather_nb_daily_pipeline' AIRFLOW_CTX_TASK_ID='extract_nb_weather' AIRFLOW_CTX_EXECUTION_DATE='2026-02-10T00:00:00+00:00' AIRFLOW_CTX_TRY_NUMBER='2' AIRFLOW_CTX_DAG_RUN_ID='scheduled__2026-02-10T00:00:00+00:00'
[2026-02-11T23:40:23.249+0000] {taskinstance.py:430} INFO - ::endgroup::
[2026-02-11T23:40:23.265+0000] {subprocess.py:63} INFO - Tmp dir *** location: /tmp
[2026-02-11T23:40:23.268+0000] {subprocess.py:75} INFO - Running command: ['/usr/bin/bash', '-c', 'python extract_multi_nb.py']
[2026-02-11T23:40:23.277+0000] {subprocess.py:86} INFO - Output:
[2026-02-11T23:40:23.342+0000] {subprocess.py:93} INFO - python: can't open file '/tmp/airflowtmpj9ooh6_x/extract_multi_nb.py': [Errno 2] No such file or directory
[2026-02-11T23:40:23.345+0000] {subprocess.py:97} INFO - Command exited with return code 2
[2026-02-11T23:40:23.346+0000] {taskinstance.py:441} INFO - ::group::Post task execution logs
[2026-02-11T23:40:23.358+0000] {taskinstance.py:2905} ERROR - Task failed with exception
Traceback (most recent call last):
  File "/home/airflow/.local/lib/python3.12/site-packages/airflow/models/taskinstance.py", line 465, in _execute_task
    result = _execute_callable(context=context, **execute_callable_kwargs)
             ^^^^^^^^^^^^^^^^^^^^^^^^^^^^^^^^^^^^^^^^^^^^^^^^^^^^^^^^^^^^^
  File "/home/airflow/.local/lib/python3.12/site-packages/airflow/models/taskinstance.py", line 432, in _execute_callable
    return execute_callable(context=context, **execute_callable_kwargs)
           ^^^^^^^^^^^^^^^^^^^^^^^^^^^^^^^^^^^^^^^^^^^^^^^^^^^^^^^^^^^^
  File "/home/airflow/.local/lib/python3.12/site-packages/airflow/models/baseoperator.py", line 401, in wrapper
    return func(self, *args, **kwargs)
           ^^^^^^^^^^^^^^^^^^^^^^^^^^^
  File "/home/airflow/.local/lib/python3.12/site-packages/airflow/operators/bash.py", line 243, in execute
    raise AirflowException(
airflow.exceptions.AirflowException: Bash command failed. The command returned a non-zero exit code 2.
[2026-02-11T23:40:23.362+0000] {taskinstance.py:1206} INFO - Marking task as FAILED. dag_id=weather_nb_daily_pipeline, task_id=extract_nb_weather, run_id=scheduled__2026-02-10T00:00:00+00:00, execution_date=20260210T000000, start_date=20260211T234023, end_date=20260211T234023
[2026-02-11T23:40:23.374+0000] {standard_task_runner.py:110} ERROR - Failed to execute job 10 for task extract_nb_weather (Bash command failed. The command returned a non-zero exit code 2.; 1038)
[2026-02-11T23:40:23.411+0000] {local_task_job_runner.py:243} INFO - Task exited with return code 1
[2026-02-11T23:40:23.434+0000] {taskinstance.py:3503} INFO - 0 downstream tasks scheduled from follow-on schedule check
[2026-02-11T23:40:23.438+0000] {local_task_job_runner.py:222} INFO - ::endgroup::
