[2026-02-20T01:50:54.764+0000] {local_task_job_runner.py:120} INFO - ::group::Pre task execution logs
[2026-02-20T01:50:54.821+0000] {taskinstance.py:2076} INFO - Dependencies all met for dep_context=non-requeueable deps ti=<TaskInstance: weather_nb_daily_pipeline.extract_nb_weather manual__2026-02-20T01:50:54.214020+00:00 [queued]>
[2026-02-20T01:50:54.834+0000] {taskinstance.py:2076} INFO - Dependencies all met for dep_context=requeueable deps ti=<TaskInstance: weather_nb_daily_pipeline.extract_nb_weather manual__2026-02-20T01:50:54.214020+00:00 [queued]>
[2026-02-20T01:50:54.835+0000] {taskinstance.py:2306} INFO - Starting attempt 1 of 2
[2026-02-20T01:50:54.851+0000] {taskinstance.py:2330} INFO - Executing <Task(BashOperator): extract_nb_weather> on 2026-02-20 01:50:54.214020+00:00
[2026-02-20T01:50:54.859+0000] {standard_task_runner.py:90} INFO - Running: ['airflow', 'tasks', 'run', 'weather_nb_daily_pipeline', 'extract_nb_weather', 'manual__2026-02-20T01:50:54.214020+00:00', '--job-id', '3', '--raw', '--subdir', 'DAGS_FOLDER/weather_nb_pipeline.py', '--cfg-path', '/tmp/tmp61w6fq76']
[2026-02-20T01:50:54.863+0000] {standard_task_runner.py:91} INFO - Job 3: Subtask extract_nb_weather
[2026-02-20T01:50:54.863+0000] {logging_mixin.py:188} WARNING - /home/airflow/.local/lib/python3.12/site-packages/airflow/task/task_runner/standard_task_runner.py:62 DeprecationWarning: This process (pid=181) is multi-threaded, use of fork() may lead to deadlocks in the child.
[2026-02-20T01:50:54.864+0000] {standard_task_runner.py:64} INFO - Started process 182 to run task
[2026-02-20T01:50:54.948+0000] {task_command.py:426} INFO - Running <TaskInstance: weather_nb_daily_pipeline.extract_nb_weather manual__2026-02-20T01:50:54.214020+00:00 [running]> on host 0cb99b34e638
[2026-02-20T01:50:55.065+0000] {taskinstance.py:2648} INFO - Exporting env vars: AIRFLOW_CTX_DAG_OWNER='airflow' AIRFLOW_CTX_DAG_ID='weather_nb_daily_pipeline' AIRFLOW_CTX_TASK_ID='extract_nb_weather' AIRFLOW_CTX_EXECUTION_DATE='2026-02-20T01:50:54.214020+00:00' AIRFLOW_CTX_TRY_NUMBER='1' AIRFLOW_CTX_DAG_RUN_ID='manual__2026-02-20T01:50:54.214020+00:00'
[2026-02-20T01:50:55.066+0000] {taskinstance.py:430} INFO - ::endgroup::
[2026-02-20T01:50:55.081+0000] {subprocess.py:63} INFO - Tmp dir *** location: /tmp
[2026-02-20T01:50:55.083+0000] {subprocess.py:75} INFO - Running command: ['/usr/bin/bash', '-c', 'cd /opt/airflow/project && python extract_weather.py']
[2026-02-20T01:50:55.094+0000] {subprocess.py:86} INFO - Output:
[2026-02-20T01:50:56.907+0000] {subprocess.py:93} INFO - Saved: data/raw/weather_nb_20260220_015055.json
[2026-02-20T01:50:56.908+0000] {subprocess.py:93} INFO - Cities pulled: 9
[2026-02-20T01:50:56.930+0000] {subprocess.py:97} INFO - Command exited with return code 0
[2026-02-20T01:50:56.931+0000] {taskinstance.py:441} INFO - ::group::Post task execution logs
[2026-02-20T01:50:56.958+0000] {taskinstance.py:1206} INFO - Marking task as SUCCESS. dag_id=weather_nb_daily_pipeline, task_id=extract_nb_weather, run_id=manual__2026-02-20T01:50:54.214020+00:00, execution_date=20260220T015054, start_date=20260220T015054, end_date=20260220T015056
[2026-02-20T01:50:57.006+0000] {local_task_job_runner.py:243} INFO - Task exited with return code 0
[2026-02-20T01:50:57.036+0000] {taskinstance.py:3503} INFO - 1 downstream tasks scheduled from follow-on schedule check
[2026-02-20T01:50:57.039+0000] {local_task_job_runner.py:222} INFO - ::endgroup::
