[2026-02-12T00:20:52.192+0000] {local_task_job_runner.py:120} INFO - ::group::Pre task execution logs
[2026-02-12T00:20:52.240+0000] {taskinstance.py:2076} INFO - Dependencies all met for dep_context=non-requeueable deps ti=<TaskInstance: weather_nb_daily_pipeline.extract_nb_weather manual__2026-02-12T00:20:51.582575+00:00 [queued]>
[2026-02-12T00:20:52.249+0000] {taskinstance.py:2076} INFO - Dependencies all met for dep_context=requeueable deps ti=<TaskInstance: weather_nb_daily_pipeline.extract_nb_weather manual__2026-02-12T00:20:51.582575+00:00 [queued]>
[2026-02-12T00:20:52.250+0000] {taskinstance.py:2306} INFO - Starting attempt 1 of 2
[2026-02-12T00:20:52.265+0000] {taskinstance.py:2330} INFO - Executing <Task(BashOperator): extract_nb_weather> on 2026-02-12 00:20:51.582575+00:00
[2026-02-12T00:20:52.273+0000] {standard_task_runner.py:90} INFO - Running: ['airflow', 'tasks', 'run', 'weather_nb_daily_pipeline', 'extract_nb_weather', 'manual__2026-02-12T00:20:51.582575+00:00', '--job-id', '18', '--raw', '--subdir', 'DAGS_FOLDER/weather_nb_pipeline.py', '--cfg-path', '/tmp/tmp3lgs961c']
[2026-02-12T00:20:52.276+0000] {standard_task_runner.py:91} INFO - Job 18: Subtask extract_nb_weather
[2026-02-12T00:20:52.276+0000] {logging_mixin.py:188} WARNING - /home/airflow/.local/lib/python3.12/site-packages/airflow/task/task_runner/standard_task_runner.py:62 DeprecationWarning: This process (pid=183) is multi-threaded, use of fork() may lead to deadlocks in the child.
[2026-02-12T00:20:52.277+0000] {standard_task_runner.py:64} INFO - Started process 184 to run task
[2026-02-12T00:20:52.358+0000] {task_command.py:426} INFO - Running <TaskInstance: weather_nb_daily_pipeline.extract_nb_weather manual__2026-02-12T00:20:51.582575+00:00 [running]> on host bea6b3a6b4ab
[2026-02-12T00:20:52.473+0000] {taskinstance.py:2648} INFO - Exporting env vars: AIRFLOW_CTX_DAG_OWNER='airflow' AIRFLOW_CTX_DAG_ID='weather_nb_daily_pipeline' AIRFLOW_CTX_TASK_ID='extract_nb_weather' AIRFLOW_CTX_EXECUTION_DATE='2026-02-12T00:20:51.582575+00:00' AIRFLOW_CTX_TRY_NUMBER='1' AIRFLOW_CTX_DAG_RUN_ID='manual__2026-02-12T00:20:51.582575+00:00'
[2026-02-12T00:20:52.474+0000] {taskinstance.py:430} INFO - ::endgroup::
[2026-02-12T00:20:52.510+0000] {subprocess.py:63} INFO - Tmp dir *** location: /tmp
[2026-02-12T00:20:52.511+0000] {subprocess.py:75} INFO - Running command: ['/usr/bin/bash', '-c', 'uv run python /opt/airflow/project/extract_weather.py']
[2026-02-12T00:20:52.522+0000] {subprocess.py:86} INFO - Output:
[2026-02-12T00:20:52.530+0000] {subprocess.py:93} INFO - warning: `uv run` is experimental and may change without warning
[2026-02-12T00:20:54.568+0000] {subprocess.py:93} INFO - Saved: data/raw/weather_nb_20260212_002053.json
[2026-02-12T00:20:54.569+0000] {subprocess.py:93} INFO - Cities pulled: 9
[2026-02-12T00:20:54.584+0000] {subprocess.py:97} INFO - Command exited with return code 0
[2026-02-12T00:20:54.586+0000] {taskinstance.py:441} INFO - ::group::Post task execution logs
[2026-02-12T00:20:54.614+0000] {taskinstance.py:1206} INFO - Marking task as SUCCESS. dag_id=weather_nb_daily_pipeline, task_id=extract_nb_weather, run_id=manual__2026-02-12T00:20:51.582575+00:00, execution_date=20260212T002051, start_date=20260212T002052, end_date=20260212T002054
[2026-02-12T00:20:54.665+0000] {local_task_job_runner.py:243} INFO - Task exited with return code 0
[2026-02-12T00:20:54.688+0000] {taskinstance.py:3503} INFO - 1 downstream tasks scheduled from follow-on schedule check
[2026-02-12T00:20:54.691+0000] {local_task_job_runner.py:222} INFO - ::endgroup::
