[2026-02-20T01:50:57.510+0000] {local_task_job_runner.py:120} INFO - ::group::Pre task execution logs
[2026-02-20T01:50:57.551+0000] {taskinstance.py:2076} INFO - Dependencies all met for dep_context=non-requeueable deps ti=<TaskInstance: weather_nb_daily_pipeline.transform_nb_weather manual__2026-02-20T01:50:54.214020+00:00 [queued]>
[2026-02-20T01:50:57.559+0000] {taskinstance.py:2076} INFO - Dependencies all met for dep_context=requeueable deps ti=<TaskInstance: weather_nb_daily_pipeline.transform_nb_weather manual__2026-02-20T01:50:54.214020+00:00 [queued]>
[2026-02-20T01:50:57.560+0000] {taskinstance.py:2306} INFO - Starting attempt 1 of 1
[2026-02-20T01:50:57.573+0000] {taskinstance.py:2330} INFO - Executing <Task(BashOperator): transform_nb_weather> on 2026-02-20 01:50:54.214020+00:00
[2026-02-20T01:50:57.579+0000] {standard_task_runner.py:90} INFO - Running: ['airflow', 'tasks', 'run', 'weather_nb_daily_pipeline', 'transform_nb_weather', 'manual__2026-02-20T01:50:54.214020+00:00', '--job-id', '5', '--raw', '--subdir', 'DAGS_FOLDER/weather_nb_pipeline.py', '--cfg-path', '/tmp/tmpjgh7k0rt']
[2026-02-20T01:50:57.581+0000] {standard_task_runner.py:91} INFO - Job 5: Subtask transform_nb_weather
[2026-02-20T01:50:57.582+0000] {logging_mixin.py:188} WARNING - /home/airflow/.local/lib/python3.12/site-packages/airflow/task/task_runner/standard_task_runner.py:62 DeprecationWarning: This process (pid=198) is multi-threaded, use of fork() may lead to deadlocks in the child.
[2026-02-20T01:50:57.582+0000] {standard_task_runner.py:64} INFO - Started process 200 to run task
[2026-02-20T01:50:57.649+0000] {task_command.py:426} INFO - Running <TaskInstance: weather_nb_daily_pipeline.transform_nb_weather manual__2026-02-20T01:50:54.214020+00:00 [running]> on host 0cb99b34e638
[2026-02-20T01:50:57.746+0000] {taskinstance.py:2648} INFO - Exporting env vars: AIRFLOW_CTX_DAG_OWNER='airflow' AIRFLOW_CTX_DAG_ID='weather_nb_daily_pipeline' AIRFLOW_CTX_TASK_ID='transform_nb_weather' AIRFLOW_CTX_EXECUTION_DATE='2026-02-20T01:50:54.214020+00:00' AIRFLOW_CTX_TRY_NUMBER='1' AIRFLOW_CTX_DAG_RUN_ID='manual__2026-02-20T01:50:54.214020+00:00'
[2026-02-20T01:50:57.747+0000] {taskinstance.py:430} INFO - ::endgroup::
[2026-02-20T01:50:57.761+0000] {subprocess.py:63} INFO - Tmp dir *** location: /tmp
[2026-02-20T01:50:57.762+0000] {subprocess.py:75} INFO - Running command: ['/usr/bin/bash', '-c', 'cd /opt/airflow/project && python transform_weather.py']
[2026-02-20T01:50:57.770+0000] {subprocess.py:86} INFO - Output:
[2026-02-20T01:50:58.885+0000] {subprocess.py:93} INFO - Read : data/raw/weather_nb_20260220_015055.json
[2026-02-20T01:50:58.886+0000] {subprocess.py:93} INFO - Saved: data/processed/weather_nb_clean.csv
[2026-02-20T01:50:58.886+0000] {subprocess.py:93} INFO - Rows : 9
[2026-02-20T01:50:58.979+0000] {subprocess.py:97} INFO - Command exited with return code 0
[2026-02-20T01:50:58.980+0000] {taskinstance.py:441} INFO - ::group::Post task execution logs
[2026-02-20T01:50:59.013+0000] {taskinstance.py:1206} INFO - Marking task as SUCCESS. dag_id=weather_nb_daily_pipeline, task_id=transform_nb_weather, run_id=manual__2026-02-20T01:50:54.214020+00:00, execution_date=20260220T015054, start_date=20260220T015057, end_date=20260220T015059
[2026-02-20T01:50:59.041+0000] {local_task_job_runner.py:243} INFO - Task exited with return code 0
[2026-02-20T01:50:59.069+0000] {taskinstance.py:3503} INFO - 1 downstream tasks scheduled from follow-on schedule check
[2026-02-20T01:50:59.072+0000] {local_task_job_runner.py:222} INFO - ::endgroup::
