[2026-02-12T01:47:41.584+0000] {local_task_job_runner.py:120} INFO - ::group::Pre task execution logs
[2026-02-12T01:47:41.634+0000] {taskinstance.py:2076} INFO - Dependencies all met for dep_context=non-requeueable deps ti=<TaskInstance: weather_nb_daily_pipeline.extract_nb_weather manual__2026-02-12T01:47:40.724250+00:00 [queued]>
[2026-02-12T01:47:41.643+0000] {taskinstance.py:2076} INFO - Dependencies all met for dep_context=requeueable deps ti=<TaskInstance: weather_nb_daily_pipeline.extract_nb_weather manual__2026-02-12T01:47:40.724250+00:00 [queued]>
[2026-02-12T01:47:41.643+0000] {taskinstance.py:2306} INFO - Starting attempt 1 of 2
[2026-02-12T01:47:41.659+0000] {taskinstance.py:2330} INFO - Executing <Task(BashOperator): extract_nb_weather> on 2026-02-12 01:47:40.724250+00:00
[2026-02-12T01:47:41.672+0000] {logging_mixin.py:188} WARNING - /home/airflow/.local/lib/python3.12/site-packages/airflow/task/task_runner/standard_task_runner.py:62 DeprecationWarning: This process (pid=1064) is multi-threaded, use of fork() may lead to deadlocks in the child.
[2026-02-12T01:47:41.670+0000] {standard_task_runner.py:90} INFO - Running: ['airflow', 'tasks', 'run', 'weather_nb_daily_pipeline', 'extract_nb_weather', 'manual__2026-02-12T01:47:40.724250+00:00', '--job-id', '20', '--raw', '--subdir', 'DAGS_FOLDER/weather_nb_pipeline.py', '--cfg-path', '/tmp/tmpc1kn6tdt']
[2026-02-12T01:47:41.673+0000] {standard_task_runner.py:64} INFO - Started process 1065 to run task
[2026-02-12T01:47:41.673+0000] {standard_task_runner.py:91} INFO - Job 20: Subtask extract_nb_weather
[2026-02-12T01:47:41.752+0000] {task_command.py:426} INFO - Running <TaskInstance: weather_nb_daily_pipeline.extract_nb_weather manual__2026-02-12T01:47:40.724250+00:00 [running]> on host bea6b3a6b4ab
[2026-02-12T01:47:41.863+0000] {taskinstance.py:2648} INFO - Exporting env vars: AIRFLOW_CTX_DAG_OWNER='airflow' AIRFLOW_CTX_DAG_ID='weather_nb_daily_pipeline' AIRFLOW_CTX_TASK_ID='extract_nb_weather' AIRFLOW_CTX_EXECUTION_DATE='2026-02-12T01:47:40.724250+00:00' AIRFLOW_CTX_TRY_NUMBER='1' AIRFLOW_CTX_DAG_RUN_ID='manual__2026-02-12T01:47:40.724250+00:00'
[2026-02-12T01:47:41.864+0000] {taskinstance.py:430} INFO - ::endgroup::
[2026-02-12T01:47:41.884+0000] {subprocess.py:63} INFO - Tmp dir *** location: /tmp
[2026-02-12T01:47:41.886+0000] {subprocess.py:75} INFO - Running command: ['/usr/bin/bash', '-c', 'uv run python /opt/airflow/project/extract_weather.py']
[2026-02-12T01:47:41.900+0000] {subprocess.py:86} INFO - Output:
[2026-02-12T01:47:41.914+0000] {subprocess.py:93} INFO - warning: `uv run` is experimental and may change without warning
[2026-02-12T01:47:43.807+0000] {subprocess.py:93} INFO - Saved: data/raw/weather_nb_20260212_014742.json
[2026-02-12T01:47:43.808+0000] {subprocess.py:93} INFO - Cities pulled: 9
[2026-02-12T01:47:43.825+0000] {subprocess.py:97} INFO - Command exited with return code 0
[2026-02-12T01:47:43.827+0000] {taskinstance.py:441} INFO - ::group::Post task execution logs
[2026-02-12T01:47:43.857+0000] {taskinstance.py:1206} INFO - Marking task as SUCCESS. dag_id=weather_nb_daily_pipeline, task_id=extract_nb_weather, run_id=manual__2026-02-12T01:47:40.724250+00:00, execution_date=20260212T014740, start_date=20260212T014741, end_date=20260212T014743
[2026-02-12T01:47:43.895+0000] {local_task_job_runner.py:243} INFO - Task exited with return code 0
[2026-02-12T01:47:43.920+0000] {taskinstance.py:3503} INFO - 1 downstream tasks scheduled from follow-on schedule check
[2026-02-12T01:47:43.923+0000] {local_task_job_runner.py:222} INFO - ::endgroup::
