[2026-02-19T23:28:19.591+0000] {processor.py:161} INFO - Started process (PID=167) to work on /opt/airflow/dags/weather_nb_pipeline.py
[2026-02-19T23:28:19.593+0000] {processor.py:830} INFO - Processing file /opt/airflow/dags/weather_nb_pipeline.py for tasks to queue
[2026-02-19T23:28:19.596+0000] {logging_mixin.py:188} INFO - [2026-02-19T23:28:19.595+0000] {dagbag.py:545} INFO - Filling up the DagBag from /opt/airflow/dags/weather_nb_pipeline.py
[2026-02-19T23:28:19.625+0000] {processor.py:840} INFO - DAG(s) 'weather_nb_daily_pipeline' retrieved from /opt/airflow/dags/weather_nb_pipeline.py
[2026-02-19T23:28:19.677+0000] {logging_mixin.py:188} INFO - [2026-02-19T23:28:19.676+0000] {dag.py:3089} INFO - Sync 1 DAGs
[2026-02-19T23:28:19.720+0000] {logging_mixin.py:188} INFO - [2026-02-19T23:28:19.720+0000] {dag.py:3947} INFO - Setting next_dagrun for weather_nb_daily_pipeline to 2026-02-19 00:00:00+00:00, run_after=2026-02-20 00:00:00+00:00
[2026-02-19T23:28:19.748+0000] {processor.py:183} INFO - Processing /opt/airflow/dags/weather_nb_pipeline.py took 0.166 seconds
[2026-02-19T23:28:49.800+0000] {processor.py:161} INFO - Started process (PID=221) to work on /opt/airflow/dags/weather_nb_pipeline.py
[2026-02-19T23:28:49.801+0000] {processor.py:830} INFO - Processing file /opt/airflow/dags/weather_nb_pipeline.py for tasks to queue
[2026-02-19T23:28:49.808+0000] {logging_mixin.py:188} INFO - [2026-02-19T23:28:49.808+0000] {dagbag.py:545} INFO - Filling up the DagBag from /opt/airflow/dags/weather_nb_pipeline.py
[2026-02-19T23:28:49.835+0000] {processor.py:840} INFO - DAG(s) 'weather_nb_daily_pipeline' retrieved from /opt/airflow/dags/weather_nb_pipeline.py
[2026-02-19T23:28:50.063+0000] {logging_mixin.py:188} INFO - [2026-02-19T23:28:50.062+0000] {dag.py:3089} INFO - Sync 1 DAGs
[2026-02-19T23:28:50.082+0000] {logging_mixin.py:188} INFO - [2026-02-19T23:28:50.082+0000] {dag.py:3947} INFO - Setting next_dagrun for weather_nb_daily_pipeline to 2026-02-19 00:00:00+00:00, run_after=2026-02-20 00:00:00+00:00
[2026-02-19T23:28:50.114+0000] {processor.py:183} INFO - Processing /opt/airflow/dags/weather_nb_pipeline.py took 0.320 seconds
[2026-02-19T23:29:20.344+0000] {processor.py:161} INFO - Started process (PID=259) to work on /opt/airflow/dags/weather_nb_pipeline.py
[2026-02-19T23:29:20.345+0000] {processor.py:830} INFO - Processing file /opt/airflow/dags/weather_nb_pipeline.py for tasks to queue
[2026-02-19T23:29:20.348+0000] {logging_mixin.py:188} INFO - [2026-02-19T23:29:20.348+0000] {dagbag.py:545} INFO - Filling up the DagBag from /opt/airflow/dags/weather_nb_pipeline.py
[2026-02-19T23:29:20.370+0000] {processor.py:840} INFO - DAG(s) 'weather_nb_daily_pipeline' retrieved from /opt/airflow/dags/weather_nb_pipeline.py
[2026-02-19T23:29:20.406+0000] {logging_mixin.py:188} INFO - [2026-02-19T23:29:20.405+0000] {dag.py:3089} INFO - Sync 1 DAGs
[2026-02-19T23:29:20.435+0000] {logging_mixin.py:188} INFO - [2026-02-19T23:29:20.434+0000] {dag.py:3947} INFO - Setting next_dagrun for weather_nb_daily_pipeline to 2026-02-19 00:00:00+00:00, run_after=2026-02-20 00:00:00+00:00
[2026-02-19T23:29:20.458+0000] {processor.py:183} INFO - Processing /opt/airflow/dags/weather_nb_pipeline.py took 0.120 seconds
[2026-02-19T23:29:50.558+0000] {processor.py:161} INFO - Started process (PID=264) to work on /opt/airflow/dags/weather_nb_pipeline.py
[2026-02-19T23:29:50.559+0000] {processor.py:830} INFO - Processing file /opt/airflow/dags/weather_nb_pipeline.py for tasks to queue
[2026-02-19T23:29:50.562+0000] {logging_mixin.py:188} INFO - [2026-02-19T23:29:50.561+0000] {dagbag.py:545} INFO - Filling up the DagBag from /opt/airflow/dags/weather_nb_pipeline.py
[2026-02-19T23:29:50.583+0000] {processor.py:840} INFO - DAG(s) 'weather_nb_daily_pipeline' retrieved from /opt/airflow/dags/weather_nb_pipeline.py
[2026-02-19T23:29:50.618+0000] {logging_mixin.py:188} INFO - [2026-02-19T23:29:50.618+0000] {dag.py:3089} INFO - Sync 1 DAGs
[2026-02-19T23:29:50.642+0000] {logging_mixin.py:188} INFO - [2026-02-19T23:29:50.642+0000] {dag.py:3947} INFO - Setting next_dagrun for weather_nb_daily_pipeline to 2026-02-19 00:00:00+00:00, run_after=2026-02-20 00:00:00+00:00
[2026-02-19T23:29:50.663+0000] {processor.py:183} INFO - Processing /opt/airflow/dags/weather_nb_pipeline.py took 0.111 seconds
[2026-02-19T23:30:20.868+0000] {processor.py:161} INFO - Started process (PID=269) to work on /opt/airflow/dags/weather_nb_pipeline.py
[2026-02-19T23:30:20.869+0000] {processor.py:830} INFO - Processing file /opt/airflow/dags/weather_nb_pipeline.py for tasks to queue
[2026-02-19T23:30:20.871+0000] {logging_mixin.py:188} INFO - [2026-02-19T23:30:20.871+0000] {dagbag.py:545} INFO - Filling up the DagBag from /opt/airflow/dags/weather_nb_pipeline.py
[2026-02-19T23:30:20.898+0000] {processor.py:840} INFO - DAG(s) 'weather_nb_daily_pipeline' retrieved from /opt/airflow/dags/weather_nb_pipeline.py
[2026-02-19T23:30:20.945+0000] {logging_mixin.py:188} INFO - [2026-02-19T23:30:20.945+0000] {dag.py:3089} INFO - Sync 1 DAGs
[2026-02-19T23:30:20.977+0000] {logging_mixin.py:188} INFO - [2026-02-19T23:30:20.976+0000] {dag.py:3947} INFO - Setting next_dagrun for weather_nb_daily_pipeline to 2026-02-19 00:00:00+00:00, run_after=2026-02-20 00:00:00+00:00
[2026-02-19T23:30:21.003+0000] {processor.py:183} INFO - Processing /opt/airflow/dags/weather_nb_pipeline.py took 0.144 seconds
[2026-02-19T23:30:51.269+0000] {processor.py:161} INFO - Started process (PID=274) to work on /opt/airflow/dags/weather_nb_pipeline.py
[2026-02-19T23:30:51.285+0000] {processor.py:830} INFO - Processing file /opt/airflow/dags/weather_nb_pipeline.py for tasks to queue
[2026-02-19T23:30:51.295+0000] {logging_mixin.py:188} INFO - [2026-02-19T23:30:51.294+0000] {dagbag.py:545} INFO - Filling up the DagBag from /opt/airflow/dags/weather_nb_pipeline.py
[2026-02-19T23:30:51.325+0000] {processor.py:840} INFO - DAG(s) 'weather_nb_daily_pipeline' retrieved from /opt/airflow/dags/weather_nb_pipeline.py
[2026-02-19T23:30:51.371+0000] {logging_mixin.py:188} INFO - [2026-02-19T23:30:51.371+0000] {dag.py:3089} INFO - Sync 1 DAGs
[2026-02-19T23:30:51.398+0000] {logging_mixin.py:188} INFO - [2026-02-19T23:30:51.398+0000] {dag.py:3947} INFO - Setting next_dagrun for weather_nb_daily_pipeline to 2026-02-19 00:00:00+00:00, run_after=2026-02-20 00:00:00+00:00
[2026-02-19T23:30:51.420+0000] {processor.py:183} INFO - Processing /opt/airflow/dags/weather_nb_pipeline.py took 0.177 seconds
[2026-02-19T23:31:21.655+0000] {processor.py:161} INFO - Started process (PID=279) to work on /opt/airflow/dags/weather_nb_pipeline.py
[2026-02-19T23:31:21.656+0000] {processor.py:830} INFO - Processing file /opt/airflow/dags/weather_nb_pipeline.py for tasks to queue
[2026-02-19T23:31:21.659+0000] {logging_mixin.py:188} INFO - [2026-02-19T23:31:21.658+0000] {dagbag.py:545} INFO - Filling up the DagBag from /opt/airflow/dags/weather_nb_pipeline.py
[2026-02-19T23:31:21.684+0000] {processor.py:840} INFO - DAG(s) 'weather_nb_daily_pipeline' retrieved from /opt/airflow/dags/weather_nb_pipeline.py
[2026-02-19T23:31:21.731+0000] {logging_mixin.py:188} INFO - [2026-02-19T23:31:21.731+0000] {dag.py:3089} INFO - Sync 1 DAGs
[2026-02-19T23:31:21.762+0000] {logging_mixin.py:188} INFO - [2026-02-19T23:31:21.761+0000] {dag.py:3947} INFO - Setting next_dagrun for weather_nb_daily_pipeline to 2026-02-19 00:00:00+00:00, run_after=2026-02-20 00:00:00+00:00
[2026-02-19T23:31:21.785+0000] {processor.py:183} INFO - Processing /opt/airflow/dags/weather_nb_pipeline.py took 0.136 seconds
[2026-02-19T23:31:51.952+0000] {processor.py:161} INFO - Started process (PID=284) to work on /opt/airflow/dags/weather_nb_pipeline.py
[2026-02-19T23:31:51.953+0000] {processor.py:830} INFO - Processing file /opt/airflow/dags/weather_nb_pipeline.py for tasks to queue
[2026-02-19T23:31:51.955+0000] {logging_mixin.py:188} INFO - [2026-02-19T23:31:51.954+0000] {dagbag.py:545} INFO - Filling up the DagBag from /opt/airflow/dags/weather_nb_pipeline.py
[2026-02-19T23:31:51.977+0000] {processor.py:840} INFO - DAG(s) 'weather_nb_daily_pipeline' retrieved from /opt/airflow/dags/weather_nb_pipeline.py
[2026-02-19T23:31:52.012+0000] {logging_mixin.py:188} INFO - [2026-02-19T23:31:52.012+0000] {dag.py:3089} INFO - Sync 1 DAGs
[2026-02-19T23:31:52.037+0000] {logging_mixin.py:188} INFO - [2026-02-19T23:31:52.037+0000] {dag.py:3947} INFO - Setting next_dagrun for weather_nb_daily_pipeline to 2026-02-19 00:00:00+00:00, run_after=2026-02-20 00:00:00+00:00
[2026-02-19T23:31:52.058+0000] {processor.py:183} INFO - Processing /opt/airflow/dags/weather_nb_pipeline.py took 0.112 seconds
[2026-02-19T23:32:22.109+0000] {processor.py:161} INFO - Started process (PID=289) to work on /opt/airflow/dags/weather_nb_pipeline.py
[2026-02-19T23:32:22.110+0000] {processor.py:830} INFO - Processing file /opt/airflow/dags/weather_nb_pipeline.py for tasks to queue
[2026-02-19T23:32:22.112+0000] {logging_mixin.py:188} INFO - [2026-02-19T23:32:22.112+0000] {dagbag.py:545} INFO - Filling up the DagBag from /opt/airflow/dags/weather_nb_pipeline.py
[2026-02-19T23:32:22.133+0000] {processor.py:840} INFO - DAG(s) 'weather_nb_daily_pipeline' retrieved from /opt/airflow/dags/weather_nb_pipeline.py
[2026-02-19T23:32:22.170+0000] {logging_mixin.py:188} INFO - [2026-02-19T23:32:22.170+0000] {dag.py:3089} INFO - Sync 1 DAGs
[2026-02-19T23:32:22.195+0000] {logging_mixin.py:188} INFO - [2026-02-19T23:32:22.195+0000] {dag.py:3947} INFO - Setting next_dagrun for weather_nb_daily_pipeline to 2026-02-19 00:00:00+00:00, run_after=2026-02-20 00:00:00+00:00
[2026-02-19T23:32:22.216+0000] {processor.py:183} INFO - Processing /opt/airflow/dags/weather_nb_pipeline.py took 0.112 seconds
[2026-02-19T23:32:52.405+0000] {processor.py:161} INFO - Started process (PID=294) to work on /opt/airflow/dags/weather_nb_pipeline.py
[2026-02-19T23:32:52.407+0000] {processor.py:830} INFO - Processing file /opt/airflow/dags/weather_nb_pipeline.py for tasks to queue
[2026-02-19T23:32:52.410+0000] {logging_mixin.py:188} INFO - [2026-02-19T23:32:52.409+0000] {dagbag.py:545} INFO - Filling up the DagBag from /opt/airflow/dags/weather_nb_pipeline.py
[2026-02-19T23:32:52.436+0000] {processor.py:840} INFO - DAG(s) 'weather_nb_daily_pipeline' retrieved from /opt/airflow/dags/weather_nb_pipeline.py
[2026-02-19T23:32:52.477+0000] {logging_mixin.py:188} INFO - [2026-02-19T23:32:52.477+0000] {dag.py:3089} INFO - Sync 1 DAGs
[2026-02-19T23:32:52.505+0000] {logging_mixin.py:188} INFO - [2026-02-19T23:32:52.505+0000] {dag.py:3947} INFO - Setting next_dagrun for weather_nb_daily_pipeline to 2026-02-19 00:00:00+00:00, run_after=2026-02-20 00:00:00+00:00
[2026-02-19T23:32:52.527+0000] {processor.py:183} INFO - Processing /opt/airflow/dags/weather_nb_pipeline.py took 0.132 seconds
[2026-02-19T23:33:22.680+0000] {processor.py:161} INFO - Started process (PID=299) to work on /opt/airflow/dags/weather_nb_pipeline.py
[2026-02-19T23:33:22.681+0000] {processor.py:830} INFO - Processing file /opt/airflow/dags/weather_nb_pipeline.py for tasks to queue
[2026-02-19T23:33:22.683+0000] {logging_mixin.py:188} INFO - [2026-02-19T23:33:22.683+0000] {dagbag.py:545} INFO - Filling up the DagBag from /opt/airflow/dags/weather_nb_pipeline.py
[2026-02-19T23:33:22.706+0000] {processor.py:840} INFO - DAG(s) 'weather_nb_daily_pipeline' retrieved from /opt/airflow/dags/weather_nb_pipeline.py
[2026-02-19T23:33:22.745+0000] {logging_mixin.py:188} INFO - [2026-02-19T23:33:22.744+0000] {dag.py:3089} INFO - Sync 1 DAGs
[2026-02-19T23:33:22.773+0000] {logging_mixin.py:188} INFO - [2026-02-19T23:33:22.773+0000] {dag.py:3947} INFO - Setting next_dagrun for weather_nb_daily_pipeline to 2026-02-19 00:00:00+00:00, run_after=2026-02-20 00:00:00+00:00
[2026-02-19T23:33:22.796+0000] {processor.py:183} INFO - Processing /opt/airflow/dags/weather_nb_pipeline.py took 0.121 seconds
[2026-02-19T23:33:52.959+0000] {processor.py:161} INFO - Started process (PID=304) to work on /opt/airflow/dags/weather_nb_pipeline.py
[2026-02-19T23:33:52.960+0000] {processor.py:830} INFO - Processing file /opt/airflow/dags/weather_nb_pipeline.py for tasks to queue
[2026-02-19T23:33:52.961+0000] {logging_mixin.py:188} INFO - [2026-02-19T23:33:52.961+0000] {dagbag.py:545} INFO - Filling up the DagBag from /opt/airflow/dags/weather_nb_pipeline.py
[2026-02-19T23:33:52.984+0000] {processor.py:840} INFO - DAG(s) 'weather_nb_daily_pipeline' retrieved from /opt/airflow/dags/weather_nb_pipeline.py
[2026-02-19T23:33:53.022+0000] {logging_mixin.py:188} INFO - [2026-02-19T23:33:53.022+0000] {dag.py:3089} INFO - Sync 1 DAGs
[2026-02-19T23:33:53.048+0000] {logging_mixin.py:188} INFO - [2026-02-19T23:33:53.047+0000] {dag.py:3947} INFO - Setting next_dagrun for weather_nb_daily_pipeline to 2026-02-19 00:00:00+00:00, run_after=2026-02-20 00:00:00+00:00
[2026-02-19T23:33:53.069+0000] {processor.py:183} INFO - Processing /opt/airflow/dags/weather_nb_pipeline.py took 0.116 seconds
[2026-02-19T23:34:23.262+0000] {processor.py:161} INFO - Started process (PID=309) to work on /opt/airflow/dags/weather_nb_pipeline.py
[2026-02-19T23:34:23.263+0000] {processor.py:830} INFO - Processing file /opt/airflow/dags/weather_nb_pipeline.py for tasks to queue
[2026-02-19T23:34:23.266+0000] {logging_mixin.py:188} INFO - [2026-02-19T23:34:23.265+0000] {dagbag.py:545} INFO - Filling up the DagBag from /opt/airflow/dags/weather_nb_pipeline.py
[2026-02-19T23:34:23.287+0000] {processor.py:840} INFO - DAG(s) 'weather_nb_daily_pipeline' retrieved from /opt/airflow/dags/weather_nb_pipeline.py
[2026-02-19T23:34:23.319+0000] {logging_mixin.py:188} INFO - [2026-02-19T23:34:23.319+0000] {dag.py:3089} INFO - Sync 1 DAGs
[2026-02-19T23:34:23.342+0000] {logging_mixin.py:188} INFO - [2026-02-19T23:34:23.342+0000] {dag.py:3947} INFO - Setting next_dagrun for weather_nb_daily_pipeline to 2026-02-19 00:00:00+00:00, run_after=2026-02-20 00:00:00+00:00
[2026-02-19T23:34:23.360+0000] {processor.py:183} INFO - Processing /opt/airflow/dags/weather_nb_pipeline.py took 0.103 seconds
[2026-02-19T23:34:53.478+0000] {processor.py:161} INFO - Started process (PID=314) to work on /opt/airflow/dags/weather_nb_pipeline.py
[2026-02-19T23:34:53.479+0000] {processor.py:830} INFO - Processing file /opt/airflow/dags/weather_nb_pipeline.py for tasks to queue
[2026-02-19T23:34:53.481+0000] {logging_mixin.py:188} INFO - [2026-02-19T23:34:53.481+0000] {dagbag.py:545} INFO - Filling up the DagBag from /opt/airflow/dags/weather_nb_pipeline.py
[2026-02-19T23:34:53.504+0000] {processor.py:840} INFO - DAG(s) 'weather_nb_daily_pipeline' retrieved from /opt/airflow/dags/weather_nb_pipeline.py
[2026-02-19T23:34:53.547+0000] {logging_mixin.py:188} INFO - [2026-02-19T23:34:53.547+0000] {dag.py:3089} INFO - Sync 1 DAGs
[2026-02-19T23:34:53.572+0000] {logging_mixin.py:188} INFO - [2026-02-19T23:34:53.571+0000] {dag.py:3947} INFO - Setting next_dagrun for weather_nb_daily_pipeline to 2026-02-19 00:00:00+00:00, run_after=2026-02-20 00:00:00+00:00
[2026-02-19T23:34:53.592+0000] {processor.py:183} INFO - Processing /opt/airflow/dags/weather_nb_pipeline.py took 0.120 seconds
[2026-02-19T23:35:23.714+0000] {processor.py:161} INFO - Started process (PID=319) to work on /opt/airflow/dags/weather_nb_pipeline.py
[2026-02-19T23:35:23.715+0000] {processor.py:830} INFO - Processing file /opt/airflow/dags/weather_nb_pipeline.py for tasks to queue
[2026-02-19T23:35:23.717+0000] {logging_mixin.py:188} INFO - [2026-02-19T23:35:23.717+0000] {dagbag.py:545} INFO - Filling up the DagBag from /opt/airflow/dags/weather_nb_pipeline.py
[2026-02-19T23:35:23.740+0000] {processor.py:840} INFO - DAG(s) 'weather_nb_daily_pipeline' retrieved from /opt/airflow/dags/weather_nb_pipeline.py
[2026-02-19T23:35:23.777+0000] {logging_mixin.py:188} INFO - [2026-02-19T23:35:23.777+0000] {dag.py:3089} INFO - Sync 1 DAGs
[2026-02-19T23:35:23.802+0000] {logging_mixin.py:188} INFO - [2026-02-19T23:35:23.802+0000] {dag.py:3947} INFO - Setting next_dagrun for weather_nb_daily_pipeline to 2026-02-19 00:00:00+00:00, run_after=2026-02-20 00:00:00+00:00
[2026-02-19T23:35:23.823+0000] {processor.py:183} INFO - Processing /opt/airflow/dags/weather_nb_pipeline.py took 0.115 seconds
[2026-02-19T23:35:53.911+0000] {processor.py:161} INFO - Started process (PID=324) to work on /opt/airflow/dags/weather_nb_pipeline.py
[2026-02-19T23:35:53.912+0000] {processor.py:830} INFO - Processing file /opt/airflow/dags/weather_nb_pipeline.py for tasks to queue
[2026-02-19T23:35:53.914+0000] {logging_mixin.py:188} INFO - [2026-02-19T23:35:53.913+0000] {dagbag.py:545} INFO - Filling up the DagBag from /opt/airflow/dags/weather_nb_pipeline.py
[2026-02-19T23:35:53.938+0000] {processor.py:840} INFO - DAG(s) 'weather_nb_daily_pipeline' retrieved from /opt/airflow/dags/weather_nb_pipeline.py
[2026-02-19T23:35:53.979+0000] {logging_mixin.py:188} INFO - [2026-02-19T23:35:53.979+0000] {dag.py:3089} INFO - Sync 1 DAGs
[2026-02-19T23:35:54.025+0000] {logging_mixin.py:188} INFO - [2026-02-19T23:35:54.025+0000] {dag.py:3947} INFO - Setting next_dagrun for weather_nb_daily_pipeline to 2026-02-19 00:00:00+00:00, run_after=2026-02-20 00:00:00+00:00
[2026-02-19T23:35:54.067+0000] {processor.py:183} INFO - Processing /opt/airflow/dags/weather_nb_pipeline.py took 0.163 seconds
[2026-02-19T23:36:24.285+0000] {processor.py:161} INFO - Started process (PID=329) to work on /opt/airflow/dags/weather_nb_pipeline.py
[2026-02-19T23:36:24.286+0000] {processor.py:830} INFO - Processing file /opt/airflow/dags/weather_nb_pipeline.py for tasks to queue
[2026-02-19T23:36:24.288+0000] {logging_mixin.py:188} INFO - [2026-02-19T23:36:24.288+0000] {dagbag.py:545} INFO - Filling up the DagBag from /opt/airflow/dags/weather_nb_pipeline.py
[2026-02-19T23:36:24.310+0000] {processor.py:840} INFO - DAG(s) 'weather_nb_daily_pipeline' retrieved from /opt/airflow/dags/weather_nb_pipeline.py
[2026-02-19T23:36:24.344+0000] {logging_mixin.py:188} INFO - [2026-02-19T23:36:24.344+0000] {dag.py:3089} INFO - Sync 1 DAGs
[2026-02-19T23:36:24.367+0000] {logging_mixin.py:188} INFO - [2026-02-19T23:36:24.367+0000] {dag.py:3947} INFO - Setting next_dagrun for weather_nb_daily_pipeline to 2026-02-19 00:00:00+00:00, run_after=2026-02-20 00:00:00+00:00
[2026-02-19T23:36:24.386+0000] {processor.py:183} INFO - Processing /opt/airflow/dags/weather_nb_pipeline.py took 0.107 seconds
[2026-02-19T23:36:54.512+0000] {processor.py:161} INFO - Started process (PID=334) to work on /opt/airflow/dags/weather_nb_pipeline.py
[2026-02-19T23:36:54.513+0000] {processor.py:830} INFO - Processing file /opt/airflow/dags/weather_nb_pipeline.py for tasks to queue
[2026-02-19T23:36:54.516+0000] {logging_mixin.py:188} INFO - [2026-02-19T23:36:54.516+0000] {dagbag.py:545} INFO - Filling up the DagBag from /opt/airflow/dags/weather_nb_pipeline.py
[2026-02-19T23:36:54.541+0000] {processor.py:840} INFO - DAG(s) 'weather_nb_daily_pipeline' retrieved from /opt/airflow/dags/weather_nb_pipeline.py
[2026-02-19T23:36:54.581+0000] {logging_mixin.py:188} INFO - [2026-02-19T23:36:54.581+0000] {dag.py:3089} INFO - Sync 1 DAGs
[2026-02-19T23:36:54.607+0000] {logging_mixin.py:188} INFO - [2026-02-19T23:36:54.607+0000] {dag.py:3947} INFO - Setting next_dagrun for weather_nb_daily_pipeline to 2026-02-19 00:00:00+00:00, run_after=2026-02-20 00:00:00+00:00
[2026-02-19T23:36:54.627+0000] {processor.py:183} INFO - Processing /opt/airflow/dags/weather_nb_pipeline.py took 0.125 seconds
[2026-02-19T23:37:24.789+0000] {processor.py:161} INFO - Started process (PID=339) to work on /opt/airflow/dags/weather_nb_pipeline.py
[2026-02-19T23:37:24.790+0000] {processor.py:830} INFO - Processing file /opt/airflow/dags/weather_nb_pipeline.py for tasks to queue
[2026-02-19T23:37:24.792+0000] {logging_mixin.py:188} INFO - [2026-02-19T23:37:24.792+0000] {dagbag.py:545} INFO - Filling up the DagBag from /opt/airflow/dags/weather_nb_pipeline.py
[2026-02-19T23:37:24.816+0000] {processor.py:840} INFO - DAG(s) 'weather_nb_daily_pipeline' retrieved from /opt/airflow/dags/weather_nb_pipeline.py
[2026-02-19T23:37:24.853+0000] {logging_mixin.py:188} INFO - [2026-02-19T23:37:24.853+0000] {dag.py:3089} INFO - Sync 1 DAGs
[2026-02-19T23:37:24.877+0000] {logging_mixin.py:188} INFO - [2026-02-19T23:37:24.877+0000] {dag.py:3947} INFO - Setting next_dagrun for weather_nb_daily_pipeline to 2026-02-19 00:00:00+00:00, run_after=2026-02-20 00:00:00+00:00
[2026-02-19T23:37:24.896+0000] {processor.py:183} INFO - Processing /opt/airflow/dags/weather_nb_pipeline.py took 0.114 seconds
[2026-02-19T23:37:55.062+0000] {processor.py:161} INFO - Started process (PID=344) to work on /opt/airflow/dags/weather_nb_pipeline.py
[2026-02-19T23:37:55.063+0000] {processor.py:830} INFO - Processing file /opt/airflow/dags/weather_nb_pipeline.py for tasks to queue
[2026-02-19T23:37:55.065+0000] {logging_mixin.py:188} INFO - [2026-02-19T23:37:55.065+0000] {dagbag.py:545} INFO - Filling up the DagBag from /opt/airflow/dags/weather_nb_pipeline.py
[2026-02-19T23:37:55.091+0000] {processor.py:840} INFO - DAG(s) 'weather_nb_daily_pipeline' retrieved from /opt/airflow/dags/weather_nb_pipeline.py
[2026-02-19T23:37:55.135+0000] {logging_mixin.py:188} INFO - [2026-02-19T23:37:55.134+0000] {dag.py:3089} INFO - Sync 1 DAGs
[2026-02-19T23:37:55.164+0000] {logging_mixin.py:188} INFO - [2026-02-19T23:37:55.163+0000] {dag.py:3947} INFO - Setting next_dagrun for weather_nb_daily_pipeline to 2026-02-19 00:00:00+00:00, run_after=2026-02-20 00:00:00+00:00
[2026-02-19T23:37:55.187+0000] {processor.py:183} INFO - Processing /opt/airflow/dags/weather_nb_pipeline.py took 0.131 seconds
[2026-02-19T23:38:25.381+0000] {processor.py:161} INFO - Started process (PID=349) to work on /opt/airflow/dags/weather_nb_pipeline.py
[2026-02-19T23:38:25.383+0000] {processor.py:830} INFO - Processing file /opt/airflow/dags/weather_nb_pipeline.py for tasks to queue
[2026-02-19T23:38:25.385+0000] {logging_mixin.py:188} INFO - [2026-02-19T23:38:25.385+0000] {dagbag.py:545} INFO - Filling up the DagBag from /opt/airflow/dags/weather_nb_pipeline.py
[2026-02-19T23:38:25.414+0000] {processor.py:840} INFO - DAG(s) 'weather_nb_daily_pipeline' retrieved from /opt/airflow/dags/weather_nb_pipeline.py
[2026-02-19T23:38:25.456+0000] {logging_mixin.py:188} INFO - [2026-02-19T23:38:25.456+0000] {dag.py:3089} INFO - Sync 1 DAGs
[2026-02-19T23:38:25.485+0000] {logging_mixin.py:188} INFO - [2026-02-19T23:38:25.485+0000] {dag.py:3947} INFO - Setting next_dagrun for weather_nb_daily_pipeline to 2026-02-19 00:00:00+00:00, run_after=2026-02-20 00:00:00+00:00
[2026-02-19T23:38:25.509+0000] {processor.py:183} INFO - Processing /opt/airflow/dags/weather_nb_pipeline.py took 0.137 seconds
[2026-02-19T23:38:55.630+0000] {processor.py:161} INFO - Started process (PID=354) to work on /opt/airflow/dags/weather_nb_pipeline.py
[2026-02-19T23:38:55.632+0000] {processor.py:830} INFO - Processing file /opt/airflow/dags/weather_nb_pipeline.py for tasks to queue
[2026-02-19T23:38:55.635+0000] {logging_mixin.py:188} INFO - [2026-02-19T23:38:55.634+0000] {dagbag.py:545} INFO - Filling up the DagBag from /opt/airflow/dags/weather_nb_pipeline.py
[2026-02-19T23:38:55.668+0000] {processor.py:840} INFO - DAG(s) 'weather_nb_daily_pipeline' retrieved from /opt/airflow/dags/weather_nb_pipeline.py
[2026-02-19T23:38:55.718+0000] {logging_mixin.py:188} INFO - [2026-02-19T23:38:55.717+0000] {dag.py:3089} INFO - Sync 1 DAGs
[2026-02-19T23:38:55.752+0000] {logging_mixin.py:188} INFO - [2026-02-19T23:38:55.751+0000] {dag.py:3947} INFO - Setting next_dagrun for weather_nb_daily_pipeline to 2026-02-19 00:00:00+00:00, run_after=2026-02-20 00:00:00+00:00
[2026-02-19T23:38:55.783+0000] {processor.py:183} INFO - Processing /opt/airflow/dags/weather_nb_pipeline.py took 0.161 seconds
[2026-02-19T23:39:25.899+0000] {processor.py:161} INFO - Started process (PID=359) to work on /opt/airflow/dags/weather_nb_pipeline.py
[2026-02-19T23:39:25.900+0000] {processor.py:830} INFO - Processing file /opt/airflow/dags/weather_nb_pipeline.py for tasks to queue
[2026-02-19T23:39:25.904+0000] {logging_mixin.py:188} INFO - [2026-02-19T23:39:25.903+0000] {dagbag.py:545} INFO - Filling up the DagBag from /opt/airflow/dags/weather_nb_pipeline.py
[2026-02-19T23:39:25.933+0000] {processor.py:840} INFO - DAG(s) 'weather_nb_daily_pipeline' retrieved from /opt/airflow/dags/weather_nb_pipeline.py
[2026-02-19T23:39:25.980+0000] {logging_mixin.py:188} INFO - [2026-02-19T23:39:25.980+0000] {dag.py:3089} INFO - Sync 1 DAGs
[2026-02-19T23:39:26.011+0000] {logging_mixin.py:188} INFO - [2026-02-19T23:39:26.011+0000] {dag.py:3947} INFO - Setting next_dagrun for weather_nb_daily_pipeline to 2026-02-19 00:00:00+00:00, run_after=2026-02-20 00:00:00+00:00
[2026-02-19T23:39:26.038+0000] {processor.py:183} INFO - Processing /opt/airflow/dags/weather_nb_pipeline.py took 0.147 seconds
[2026-02-19T23:39:56.163+0000] {processor.py:161} INFO - Started process (PID=364) to work on /opt/airflow/dags/weather_nb_pipeline.py
[2026-02-19T23:39:56.164+0000] {processor.py:830} INFO - Processing file /opt/airflow/dags/weather_nb_pipeline.py for tasks to queue
[2026-02-19T23:39:56.167+0000] {logging_mixin.py:188} INFO - [2026-02-19T23:39:56.167+0000] {dagbag.py:545} INFO - Filling up the DagBag from /opt/airflow/dags/weather_nb_pipeline.py
[2026-02-19T23:39:56.191+0000] {processor.py:840} INFO - DAG(s) 'weather_nb_daily_pipeline' retrieved from /opt/airflow/dags/weather_nb_pipeline.py
[2026-02-19T23:39:56.233+0000] {logging_mixin.py:188} INFO - [2026-02-19T23:39:56.232+0000] {dag.py:3089} INFO - Sync 1 DAGs
[2026-02-19T23:39:56.260+0000] {logging_mixin.py:188} INFO - [2026-02-19T23:39:56.260+0000] {dag.py:3947} INFO - Setting next_dagrun for weather_nb_daily_pipeline to 2026-02-19 00:00:00+00:00, run_after=2026-02-20 00:00:00+00:00
[2026-02-19T23:39:56.285+0000] {processor.py:183} INFO - Processing /opt/airflow/dags/weather_nb_pipeline.py took 0.130 seconds
[2026-02-19T23:40:26.456+0000] {processor.py:161} INFO - Started process (PID=369) to work on /opt/airflow/dags/weather_nb_pipeline.py
[2026-02-19T23:40:26.458+0000] {processor.py:830} INFO - Processing file /opt/airflow/dags/weather_nb_pipeline.py for tasks to queue
[2026-02-19T23:40:26.461+0000] {logging_mixin.py:188} INFO - [2026-02-19T23:40:26.460+0000] {dagbag.py:545} INFO - Filling up the DagBag from /opt/airflow/dags/weather_nb_pipeline.py
[2026-02-19T23:40:26.488+0000] {processor.py:840} INFO - DAG(s) 'weather_nb_daily_pipeline' retrieved from /opt/airflow/dags/weather_nb_pipeline.py
[2026-02-19T23:40:26.523+0000] {logging_mixin.py:188} INFO - [2026-02-19T23:40:26.522+0000] {dag.py:3089} INFO - Sync 1 DAGs
[2026-02-19T23:40:26.546+0000] {logging_mixin.py:188} INFO - [2026-02-19T23:40:26.546+0000] {dag.py:3947} INFO - Setting next_dagrun for weather_nb_daily_pipeline to 2026-02-19 00:00:00+00:00, run_after=2026-02-20 00:00:00+00:00
[2026-02-19T23:40:26.568+0000] {processor.py:183} INFO - Processing /opt/airflow/dags/weather_nb_pipeline.py took 0.118 seconds
[2026-02-19T23:40:56.681+0000] {processor.py:161} INFO - Started process (PID=374) to work on /opt/airflow/dags/weather_nb_pipeline.py
[2026-02-19T23:40:56.682+0000] {processor.py:830} INFO - Processing file /opt/airflow/dags/weather_nb_pipeline.py for tasks to queue
[2026-02-19T23:40:56.687+0000] {logging_mixin.py:188} INFO - [2026-02-19T23:40:56.686+0000] {dagbag.py:545} INFO - Filling up the DagBag from /opt/airflow/dags/weather_nb_pipeline.py
[2026-02-19T23:40:56.719+0000] {processor.py:840} INFO - DAG(s) 'weather_nb_daily_pipeline' retrieved from /opt/airflow/dags/weather_nb_pipeline.py
[2026-02-19T23:40:56.774+0000] {logging_mixin.py:188} INFO - [2026-02-19T23:40:56.774+0000] {dag.py:3089} INFO - Sync 1 DAGs
[2026-02-19T23:40:56.800+0000] {logging_mixin.py:188} INFO - [2026-02-19T23:40:56.800+0000] {dag.py:3947} INFO - Setting next_dagrun for weather_nb_daily_pipeline to 2026-02-19 00:00:00+00:00, run_after=2026-02-20 00:00:00+00:00
[2026-02-19T23:40:56.819+0000] {processor.py:183} INFO - Processing /opt/airflow/dags/weather_nb_pipeline.py took 0.146 seconds
[2026-02-19T23:41:27.010+0000] {processor.py:161} INFO - Started process (PID=379) to work on /opt/airflow/dags/weather_nb_pipeline.py
[2026-02-19T23:41:27.012+0000] {processor.py:830} INFO - Processing file /opt/airflow/dags/weather_nb_pipeline.py for tasks to queue
[2026-02-19T23:41:27.016+0000] {logging_mixin.py:188} INFO - [2026-02-19T23:41:27.015+0000] {dagbag.py:545} INFO - Filling up the DagBag from /opt/airflow/dags/weather_nb_pipeline.py
[2026-02-19T23:41:27.056+0000] {processor.py:840} INFO - DAG(s) 'weather_nb_daily_pipeline' retrieved from /opt/airflow/dags/weather_nb_pipeline.py
[2026-02-19T23:41:27.110+0000] {logging_mixin.py:188} INFO - [2026-02-19T23:41:27.109+0000] {dag.py:3089} INFO - Sync 1 DAGs
[2026-02-19T23:41:27.146+0000] {logging_mixin.py:188} INFO - [2026-02-19T23:41:27.146+0000] {dag.py:3947} INFO - Setting next_dagrun for weather_nb_daily_pipeline to 2026-02-19 00:00:00+00:00, run_after=2026-02-20 00:00:00+00:00
[2026-02-19T23:41:27.183+0000] {processor.py:183} INFO - Processing /opt/airflow/dags/weather_nb_pipeline.py took 0.182 seconds
[2026-02-19T23:41:57.265+0000] {processor.py:161} INFO - Started process (PID=384) to work on /opt/airflow/dags/weather_nb_pipeline.py
[2026-02-19T23:41:57.267+0000] {processor.py:830} INFO - Processing file /opt/airflow/dags/weather_nb_pipeline.py for tasks to queue
[2026-02-19T23:41:57.270+0000] {logging_mixin.py:188} INFO - [2026-02-19T23:41:57.270+0000] {dagbag.py:545} INFO - Filling up the DagBag from /opt/airflow/dags/weather_nb_pipeline.py
[2026-02-19T23:41:57.300+0000] {processor.py:840} INFO - DAG(s) 'weather_nb_daily_pipeline' retrieved from /opt/airflow/dags/weather_nb_pipeline.py
[2026-02-19T23:41:57.340+0000] {logging_mixin.py:188} INFO - [2026-02-19T23:41:57.339+0000] {dag.py:3089} INFO - Sync 1 DAGs
[2026-02-19T23:41:57.364+0000] {logging_mixin.py:188} INFO - [2026-02-19T23:41:57.364+0000] {dag.py:3947} INFO - Setting next_dagrun for weather_nb_daily_pipeline to 2026-02-19 00:00:00+00:00, run_after=2026-02-20 00:00:00+00:00
[2026-02-19T23:41:57.387+0000] {processor.py:183} INFO - Processing /opt/airflow/dags/weather_nb_pipeline.py took 0.129 seconds
[2026-02-19T23:42:27.642+0000] {processor.py:161} INFO - Started process (PID=389) to work on /opt/airflow/dags/weather_nb_pipeline.py
[2026-02-19T23:42:27.643+0000] {processor.py:830} INFO - Processing file /opt/airflow/dags/weather_nb_pipeline.py for tasks to queue
[2026-02-19T23:42:27.645+0000] {logging_mixin.py:188} INFO - [2026-02-19T23:42:27.645+0000] {dagbag.py:545} INFO - Filling up the DagBag from /opt/airflow/dags/weather_nb_pipeline.py
[2026-02-19T23:42:27.664+0000] {processor.py:840} INFO - DAG(s) 'weather_nb_daily_pipeline' retrieved from /opt/airflow/dags/weather_nb_pipeline.py
[2026-02-19T23:42:27.697+0000] {logging_mixin.py:188} INFO - [2026-02-19T23:42:27.696+0000] {dag.py:3089} INFO - Sync 1 DAGs
[2026-02-19T23:42:27.721+0000] {logging_mixin.py:188} INFO - [2026-02-19T23:42:27.721+0000] {dag.py:3947} INFO - Setting next_dagrun for weather_nb_daily_pipeline to 2026-02-19 00:00:00+00:00, run_after=2026-02-20 00:00:00+00:00
[2026-02-19T23:42:27.741+0000] {processor.py:183} INFO - Processing /opt/airflow/dags/weather_nb_pipeline.py took 0.104 seconds
[2026-02-19T23:42:57.904+0000] {processor.py:161} INFO - Started process (PID=394) to work on /opt/airflow/dags/weather_nb_pipeline.py
[2026-02-19T23:42:57.905+0000] {processor.py:830} INFO - Processing file /opt/airflow/dags/weather_nb_pipeline.py for tasks to queue
[2026-02-19T23:42:57.907+0000] {logging_mixin.py:188} INFO - [2026-02-19T23:42:57.907+0000] {dagbag.py:545} INFO - Filling up the DagBag from /opt/airflow/dags/weather_nb_pipeline.py
[2026-02-19T23:42:57.928+0000] {processor.py:840} INFO - DAG(s) 'weather_nb_daily_pipeline' retrieved from /opt/airflow/dags/weather_nb_pipeline.py
[2026-02-19T23:42:57.963+0000] {logging_mixin.py:188} INFO - [2026-02-19T23:42:57.963+0000] {dag.py:3089} INFO - Sync 1 DAGs
[2026-02-19T23:42:57.989+0000] {logging_mixin.py:188} INFO - [2026-02-19T23:42:57.989+0000] {dag.py:3947} INFO - Setting next_dagrun for weather_nb_daily_pipeline to 2026-02-19 00:00:00+00:00, run_after=2026-02-20 00:00:00+00:00
[2026-02-19T23:42:58.011+0000] {processor.py:183} INFO - Processing /opt/airflow/dags/weather_nb_pipeline.py took 0.113 seconds
[2026-02-19T23:43:28.216+0000] {processor.py:161} INFO - Started process (PID=399) to work on /opt/airflow/dags/weather_nb_pipeline.py
[2026-02-19T23:43:28.217+0000] {processor.py:830} INFO - Processing file /opt/airflow/dags/weather_nb_pipeline.py for tasks to queue
[2026-02-19T23:43:28.220+0000] {logging_mixin.py:188} INFO - [2026-02-19T23:43:28.220+0000] {dagbag.py:545} INFO - Filling up the DagBag from /opt/airflow/dags/weather_nb_pipeline.py
[2026-02-19T23:43:28.243+0000] {processor.py:840} INFO - DAG(s) 'weather_nb_daily_pipeline' retrieved from /opt/airflow/dags/weather_nb_pipeline.py
[2026-02-19T23:43:28.282+0000] {logging_mixin.py:188} INFO - [2026-02-19T23:43:28.281+0000] {dag.py:3089} INFO - Sync 1 DAGs
[2026-02-19T23:43:28.305+0000] {logging_mixin.py:188} INFO - [2026-02-19T23:43:28.305+0000] {dag.py:3947} INFO - Setting next_dagrun for weather_nb_daily_pipeline to 2026-02-19 00:00:00+00:00, run_after=2026-02-20 00:00:00+00:00
[2026-02-19T23:43:28.326+0000] {processor.py:183} INFO - Processing /opt/airflow/dags/weather_nb_pipeline.py took 0.118 seconds
[2026-02-19T23:43:58.469+0000] {processor.py:161} INFO - Started process (PID=404) to work on /opt/airflow/dags/weather_nb_pipeline.py
[2026-02-19T23:43:58.470+0000] {processor.py:830} INFO - Processing file /opt/airflow/dags/weather_nb_pipeline.py for tasks to queue
[2026-02-19T23:43:58.473+0000] {logging_mixin.py:188} INFO - [2026-02-19T23:43:58.472+0000] {dagbag.py:545} INFO - Filling up the DagBag from /opt/airflow/dags/weather_nb_pipeline.py
[2026-02-19T23:43:58.496+0000] {processor.py:840} INFO - DAG(s) 'weather_nb_daily_pipeline' retrieved from /opt/airflow/dags/weather_nb_pipeline.py
[2026-02-19T23:43:58.533+0000] {logging_mixin.py:188} INFO - [2026-02-19T23:43:58.533+0000] {dag.py:3089} INFO - Sync 1 DAGs
[2026-02-19T23:43:58.559+0000] {logging_mixin.py:188} INFO - [2026-02-19T23:43:58.559+0000] {dag.py:3947} INFO - Setting next_dagrun for weather_nb_daily_pipeline to 2026-02-19 00:00:00+00:00, run_after=2026-02-20 00:00:00+00:00
[2026-02-19T23:43:58.586+0000] {processor.py:183} INFO - Processing /opt/airflow/dags/weather_nb_pipeline.py took 0.124 seconds
[2026-02-19T23:44:28.719+0000] {processor.py:161} INFO - Started process (PID=409) to work on /opt/airflow/dags/weather_nb_pipeline.py
[2026-02-19T23:44:28.720+0000] {processor.py:830} INFO - Processing file /opt/airflow/dags/weather_nb_pipeline.py for tasks to queue
[2026-02-19T23:44:28.723+0000] {logging_mixin.py:188} INFO - [2026-02-19T23:44:28.722+0000] {dagbag.py:545} INFO - Filling up the DagBag from /opt/airflow/dags/weather_nb_pipeline.py
[2026-02-19T23:44:28.754+0000] {processor.py:840} INFO - DAG(s) 'weather_nb_daily_pipeline' retrieved from /opt/airflow/dags/weather_nb_pipeline.py
[2026-02-19T23:44:28.808+0000] {logging_mixin.py:188} INFO - [2026-02-19T23:44:28.808+0000] {dag.py:3089} INFO - Sync 1 DAGs
[2026-02-19T23:44:28.836+0000] {logging_mixin.py:188} INFO - [2026-02-19T23:44:28.836+0000] {dag.py:3947} INFO - Setting next_dagrun for weather_nb_daily_pipeline to 2026-02-19 00:00:00+00:00, run_after=2026-02-20 00:00:00+00:00
[2026-02-19T23:44:28.861+0000] {processor.py:183} INFO - Processing /opt/airflow/dags/weather_nb_pipeline.py took 0.151 seconds
[2026-02-19T23:44:58.948+0000] {processor.py:161} INFO - Started process (PID=414) to work on /opt/airflow/dags/weather_nb_pipeline.py
[2026-02-19T23:44:58.949+0000] {processor.py:830} INFO - Processing file /opt/airflow/dags/weather_nb_pipeline.py for tasks to queue
[2026-02-19T23:44:58.953+0000] {logging_mixin.py:188} INFO - [2026-02-19T23:44:58.952+0000] {dagbag.py:545} INFO - Filling up the DagBag from /opt/airflow/dags/weather_nb_pipeline.py
[2026-02-19T23:44:58.980+0000] {processor.py:840} INFO - DAG(s) 'weather_nb_daily_pipeline' retrieved from /opt/airflow/dags/weather_nb_pipeline.py
[2026-02-19T23:44:59.024+0000] {logging_mixin.py:188} INFO - [2026-02-19T23:44:59.023+0000] {dag.py:3089} INFO - Sync 1 DAGs
[2026-02-19T23:44:59.054+0000] {logging_mixin.py:188} INFO - [2026-02-19T23:44:59.053+0000] {dag.py:3947} INFO - Setting next_dagrun for weather_nb_daily_pipeline to 2026-02-19 00:00:00+00:00, run_after=2026-02-20 00:00:00+00:00
[2026-02-19T23:44:59.078+0000] {processor.py:183} INFO - Processing /opt/airflow/dags/weather_nb_pipeline.py took 0.139 seconds
[2026-02-19T23:45:29.238+0000] {processor.py:161} INFO - Started process (PID=419) to work on /opt/airflow/dags/weather_nb_pipeline.py
[2026-02-19T23:45:29.239+0000] {processor.py:830} INFO - Processing file /opt/airflow/dags/weather_nb_pipeline.py for tasks to queue
[2026-02-19T23:45:29.241+0000] {logging_mixin.py:188} INFO - [2026-02-19T23:45:29.241+0000] {dagbag.py:545} INFO - Filling up the DagBag from /opt/airflow/dags/weather_nb_pipeline.py
[2026-02-19T23:45:29.263+0000] {processor.py:840} INFO - DAG(s) 'weather_nb_daily_pipeline' retrieved from /opt/airflow/dags/weather_nb_pipeline.py
[2026-02-19T23:45:29.298+0000] {logging_mixin.py:188} INFO - [2026-02-19T23:45:29.298+0000] {dag.py:3089} INFO - Sync 1 DAGs
[2026-02-19T23:45:29.321+0000] {logging_mixin.py:188} INFO - [2026-02-19T23:45:29.321+0000] {dag.py:3947} INFO - Setting next_dagrun for weather_nb_daily_pipeline to 2026-02-19 00:00:00+00:00, run_after=2026-02-20 00:00:00+00:00
[2026-02-19T23:45:29.341+0000] {processor.py:183} INFO - Processing /opt/airflow/dags/weather_nb_pipeline.py took 0.110 seconds
[2026-02-19T23:45:59.468+0000] {processor.py:161} INFO - Started process (PID=424) to work on /opt/airflow/dags/weather_nb_pipeline.py
[2026-02-19T23:45:59.469+0000] {processor.py:830} INFO - Processing file /opt/airflow/dags/weather_nb_pipeline.py for tasks to queue
[2026-02-19T23:45:59.471+0000] {logging_mixin.py:188} INFO - [2026-02-19T23:45:59.471+0000] {dagbag.py:545} INFO - Filling up the DagBag from /opt/airflow/dags/weather_nb_pipeline.py
[2026-02-19T23:45:59.491+0000] {processor.py:840} INFO - DAG(s) 'weather_nb_daily_pipeline' retrieved from /opt/airflow/dags/weather_nb_pipeline.py
[2026-02-19T23:45:59.526+0000] {logging_mixin.py:188} INFO - [2026-02-19T23:45:59.526+0000] {dag.py:3089} INFO - Sync 1 DAGs
[2026-02-19T23:45:59.551+0000] {logging_mixin.py:188} INFO - [2026-02-19T23:45:59.551+0000] {dag.py:3947} INFO - Setting next_dagrun for weather_nb_daily_pipeline to 2026-02-19 00:00:00+00:00, run_after=2026-02-20 00:00:00+00:00
[2026-02-19T23:45:59.571+0000] {processor.py:183} INFO - Processing /opt/airflow/dags/weather_nb_pipeline.py took 0.108 seconds
[2026-02-19T23:46:29.751+0000] {processor.py:161} INFO - Started process (PID=429) to work on /opt/airflow/dags/weather_nb_pipeline.py
[2026-02-19T23:46:29.752+0000] {processor.py:830} INFO - Processing file /opt/airflow/dags/weather_nb_pipeline.py for tasks to queue
[2026-02-19T23:46:29.755+0000] {logging_mixin.py:188} INFO - [2026-02-19T23:46:29.755+0000] {dagbag.py:545} INFO - Filling up the DagBag from /opt/airflow/dags/weather_nb_pipeline.py
[2026-02-19T23:46:29.789+0000] {processor.py:840} INFO - DAG(s) 'weather_nb_daily_pipeline' retrieved from /opt/airflow/dags/weather_nb_pipeline.py
[2026-02-19T23:46:29.840+0000] {logging_mixin.py:188} INFO - [2026-02-19T23:46:29.839+0000] {dag.py:3089} INFO - Sync 1 DAGs
[2026-02-19T23:46:29.876+0000] {logging_mixin.py:188} INFO - [2026-02-19T23:46:29.876+0000] {dag.py:3947} INFO - Setting next_dagrun for weather_nb_daily_pipeline to 2026-02-19 00:00:00+00:00, run_after=2026-02-20 00:00:00+00:00
[2026-02-19T23:46:29.912+0000] {processor.py:183} INFO - Processing /opt/airflow/dags/weather_nb_pipeline.py took 0.170 seconds
[2026-02-19T23:47:00.118+0000] {processor.py:161} INFO - Started process (PID=434) to work on /opt/airflow/dags/weather_nb_pipeline.py
[2026-02-19T23:47:00.119+0000] {processor.py:830} INFO - Processing file /opt/airflow/dags/weather_nb_pipeline.py for tasks to queue
[2026-02-19T23:47:00.121+0000] {logging_mixin.py:188} INFO - [2026-02-19T23:47:00.121+0000] {dagbag.py:545} INFO - Filling up the DagBag from /opt/airflow/dags/weather_nb_pipeline.py
[2026-02-19T23:47:00.146+0000] {processor.py:840} INFO - DAG(s) 'weather_nb_daily_pipeline' retrieved from /opt/airflow/dags/weather_nb_pipeline.py
[2026-02-19T23:47:00.187+0000] {logging_mixin.py:188} INFO - [2026-02-19T23:47:00.186+0000] {dag.py:3089} INFO - Sync 1 DAGs
[2026-02-19T23:47:00.223+0000] {logging_mixin.py:188} INFO - [2026-02-19T23:47:00.223+0000] {dag.py:3947} INFO - Setting next_dagrun for weather_nb_daily_pipeline to 2026-02-19 00:00:00+00:00, run_after=2026-02-20 00:00:00+00:00
[2026-02-19T23:47:00.257+0000] {processor.py:183} INFO - Processing /opt/airflow/dags/weather_nb_pipeline.py took 0.146 seconds
[2026-02-19T23:47:30.445+0000] {processor.py:161} INFO - Started process (PID=439) to work on /opt/airflow/dags/weather_nb_pipeline.py
[2026-02-19T23:47:30.446+0000] {processor.py:830} INFO - Processing file /opt/airflow/dags/weather_nb_pipeline.py for tasks to queue
[2026-02-19T23:47:30.449+0000] {logging_mixin.py:188} INFO - [2026-02-19T23:47:30.448+0000] {dagbag.py:545} INFO - Filling up the DagBag from /opt/airflow/dags/weather_nb_pipeline.py
[2026-02-19T23:47:30.473+0000] {processor.py:840} INFO - DAG(s) 'weather_nb_daily_pipeline' retrieved from /opt/airflow/dags/weather_nb_pipeline.py
[2026-02-19T23:47:30.517+0000] {logging_mixin.py:188} INFO - [2026-02-19T23:47:30.517+0000] {dag.py:3089} INFO - Sync 1 DAGs
[2026-02-19T23:47:30.547+0000] {logging_mixin.py:188} INFO - [2026-02-19T23:47:30.547+0000] {dag.py:3947} INFO - Setting next_dagrun for weather_nb_daily_pipeline to 2026-02-19 00:00:00+00:00, run_after=2026-02-20 00:00:00+00:00
[2026-02-19T23:47:30.572+0000] {processor.py:183} INFO - Processing /opt/airflow/dags/weather_nb_pipeline.py took 0.136 seconds
[2026-02-19T23:48:00.739+0000] {processor.py:161} INFO - Started process (PID=444) to work on /opt/airflow/dags/weather_nb_pipeline.py
[2026-02-19T23:48:00.740+0000] {processor.py:830} INFO - Processing file /opt/airflow/dags/weather_nb_pipeline.py for tasks to queue
[2026-02-19T23:48:00.742+0000] {logging_mixin.py:188} INFO - [2026-02-19T23:48:00.742+0000] {dagbag.py:545} INFO - Filling up the DagBag from /opt/airflow/dags/weather_nb_pipeline.py
[2026-02-19T23:48:00.764+0000] {processor.py:840} INFO - DAG(s) 'weather_nb_daily_pipeline' retrieved from /opt/airflow/dags/weather_nb_pipeline.py
[2026-02-19T23:48:00.796+0000] {logging_mixin.py:188} INFO - [2026-02-19T23:48:00.796+0000] {dag.py:3089} INFO - Sync 1 DAGs
[2026-02-19T23:48:00.821+0000] {logging_mixin.py:188} INFO - [2026-02-19T23:48:00.821+0000] {dag.py:3947} INFO - Setting next_dagrun for weather_nb_daily_pipeline to 2026-02-19 00:00:00+00:00, run_after=2026-02-20 00:00:00+00:00
[2026-02-19T23:48:00.842+0000] {processor.py:183} INFO - Processing /opt/airflow/dags/weather_nb_pipeline.py took 0.109 seconds
[2026-02-19T23:48:31.042+0000] {processor.py:161} INFO - Started process (PID=449) to work on /opt/airflow/dags/weather_nb_pipeline.py
[2026-02-19T23:48:31.043+0000] {processor.py:830} INFO - Processing file /opt/airflow/dags/weather_nb_pipeline.py for tasks to queue
[2026-02-19T23:48:31.044+0000] {logging_mixin.py:188} INFO - [2026-02-19T23:48:31.044+0000] {dagbag.py:545} INFO - Filling up the DagBag from /opt/airflow/dags/weather_nb_pipeline.py
[2026-02-19T23:48:31.066+0000] {processor.py:840} INFO - DAG(s) 'weather_nb_daily_pipeline' retrieved from /opt/airflow/dags/weather_nb_pipeline.py
[2026-02-19T23:48:31.099+0000] {logging_mixin.py:188} INFO - [2026-02-19T23:48:31.099+0000] {dag.py:3089} INFO - Sync 1 DAGs
[2026-02-19T23:48:31.121+0000] {logging_mixin.py:188} INFO - [2026-02-19T23:48:31.121+0000] {dag.py:3947} INFO - Setting next_dagrun for weather_nb_daily_pipeline to 2026-02-19 00:00:00+00:00, run_after=2026-02-20 00:00:00+00:00
[2026-02-19T23:48:31.142+0000] {processor.py:183} INFO - Processing /opt/airflow/dags/weather_nb_pipeline.py took 0.105 seconds
[2026-02-19T23:49:01.327+0000] {processor.py:161} INFO - Started process (PID=454) to work on /opt/airflow/dags/weather_nb_pipeline.py
[2026-02-19T23:49:01.327+0000] {processor.py:830} INFO - Processing file /opt/airflow/dags/weather_nb_pipeline.py for tasks to queue
[2026-02-19T23:49:01.329+0000] {logging_mixin.py:188} INFO - [2026-02-19T23:49:01.328+0000] {dagbag.py:545} INFO - Filling up the DagBag from /opt/airflow/dags/weather_nb_pipeline.py
[2026-02-19T23:49:01.349+0000] {processor.py:840} INFO - DAG(s) 'weather_nb_daily_pipeline' retrieved from /opt/airflow/dags/weather_nb_pipeline.py
[2026-02-19T23:49:01.383+0000] {logging_mixin.py:188} INFO - [2026-02-19T23:49:01.383+0000] {dag.py:3089} INFO - Sync 1 DAGs
[2026-02-19T23:49:01.406+0000] {logging_mixin.py:188} INFO - [2026-02-19T23:49:01.405+0000] {dag.py:3947} INFO - Setting next_dagrun for weather_nb_daily_pipeline to 2026-02-19 00:00:00+00:00, run_after=2026-02-20 00:00:00+00:00
[2026-02-19T23:49:01.425+0000] {processor.py:183} INFO - Processing /opt/airflow/dags/weather_nb_pipeline.py took 0.104 seconds
[2026-02-19T23:49:31.726+0000] {processor.py:161} INFO - Started process (PID=459) to work on /opt/airflow/dags/weather_nb_pipeline.py
[2026-02-19T23:49:31.726+0000] {processor.py:830} INFO - Processing file /opt/airflow/dags/weather_nb_pipeline.py for tasks to queue
[2026-02-19T23:49:31.728+0000] {logging_mixin.py:188} INFO - [2026-02-19T23:49:31.728+0000] {dagbag.py:545} INFO - Filling up the DagBag from /opt/airflow/dags/weather_nb_pipeline.py
[2026-02-19T23:49:31.749+0000] {processor.py:840} INFO - DAG(s) 'weather_nb_daily_pipeline' retrieved from /opt/airflow/dags/weather_nb_pipeline.py
[2026-02-19T23:49:31.785+0000] {logging_mixin.py:188} INFO - [2026-02-19T23:49:31.785+0000] {dag.py:3089} INFO - Sync 1 DAGs
[2026-02-19T23:49:31.810+0000] {logging_mixin.py:188} INFO - [2026-02-19T23:49:31.809+0000] {dag.py:3947} INFO - Setting next_dagrun for weather_nb_daily_pipeline to 2026-02-19 00:00:00+00:00, run_after=2026-02-20 00:00:00+00:00
[2026-02-19T23:49:31.832+0000] {processor.py:183} INFO - Processing /opt/airflow/dags/weather_nb_pipeline.py took 0.112 seconds
[2026-02-19T23:50:02.006+0000] {processor.py:161} INFO - Started process (PID=464) to work on /opt/airflow/dags/weather_nb_pipeline.py
[2026-02-19T23:50:02.008+0000] {processor.py:830} INFO - Processing file /opt/airflow/dags/weather_nb_pipeline.py for tasks to queue
[2026-02-19T23:50:02.012+0000] {logging_mixin.py:188} INFO - [2026-02-19T23:50:02.011+0000] {dagbag.py:545} INFO - Filling up the DagBag from /opt/airflow/dags/weather_nb_pipeline.py
[2026-02-19T23:50:02.052+0000] {processor.py:840} INFO - DAG(s) 'weather_nb_daily_pipeline' retrieved from /opt/airflow/dags/weather_nb_pipeline.py
[2026-02-19T23:50:02.097+0000] {logging_mixin.py:188} INFO - [2026-02-19T23:50:02.097+0000] {dag.py:3089} INFO - Sync 1 DAGs
[2026-02-19T23:50:02.148+0000] {logging_mixin.py:188} INFO - [2026-02-19T23:50:02.147+0000] {dag.py:3947} INFO - Setting next_dagrun for weather_nb_daily_pipeline to 2026-02-19 00:00:00+00:00, run_after=2026-02-20 00:00:00+00:00
[2026-02-19T23:50:02.189+0000] {processor.py:183} INFO - Processing /opt/airflow/dags/weather_nb_pipeline.py took 0.192 seconds
[2026-02-19T23:50:32.322+0000] {processor.py:161} INFO - Started process (PID=469) to work on /opt/airflow/dags/weather_nb_pipeline.py
[2026-02-19T23:50:32.323+0000] {processor.py:830} INFO - Processing file /opt/airflow/dags/weather_nb_pipeline.py for tasks to queue
[2026-02-19T23:50:32.325+0000] {logging_mixin.py:188} INFO - [2026-02-19T23:50:32.325+0000] {dagbag.py:545} INFO - Filling up the DagBag from /opt/airflow/dags/weather_nb_pipeline.py
[2026-02-19T23:50:32.349+0000] {processor.py:840} INFO - DAG(s) 'weather_nb_daily_pipeline' retrieved from /opt/airflow/dags/weather_nb_pipeline.py
[2026-02-19T23:50:32.385+0000] {logging_mixin.py:188} INFO - [2026-02-19T23:50:32.385+0000] {dag.py:3089} INFO - Sync 1 DAGs
[2026-02-19T23:50:32.414+0000] {logging_mixin.py:188} INFO - [2026-02-19T23:50:32.413+0000] {dag.py:3947} INFO - Setting next_dagrun for weather_nb_daily_pipeline to 2026-02-19 00:00:00+00:00, run_after=2026-02-20 00:00:00+00:00
[2026-02-19T23:50:32.435+0000] {processor.py:183} INFO - Processing /opt/airflow/dags/weather_nb_pipeline.py took 0.118 seconds
[2026-02-19T23:51:02.607+0000] {processor.py:161} INFO - Started process (PID=474) to work on /opt/airflow/dags/weather_nb_pipeline.py
[2026-02-19T23:51:02.607+0000] {processor.py:830} INFO - Processing file /opt/airflow/dags/weather_nb_pipeline.py for tasks to queue
[2026-02-19T23:51:02.610+0000] {logging_mixin.py:188} INFO - [2026-02-19T23:51:02.609+0000] {dagbag.py:545} INFO - Filling up the DagBag from /opt/airflow/dags/weather_nb_pipeline.py
[2026-02-19T23:51:02.631+0000] {processor.py:840} INFO - DAG(s) 'weather_nb_daily_pipeline' retrieved from /opt/airflow/dags/weather_nb_pipeline.py
[2026-02-19T23:51:02.670+0000] {logging_mixin.py:188} INFO - [2026-02-19T23:51:02.670+0000] {dag.py:3089} INFO - Sync 1 DAGs
[2026-02-19T23:51:02.696+0000] {logging_mixin.py:188} INFO - [2026-02-19T23:51:02.695+0000] {dag.py:3947} INFO - Setting next_dagrun for weather_nb_daily_pipeline to 2026-02-19 00:00:00+00:00, run_after=2026-02-20 00:00:00+00:00
[2026-02-19T23:51:02.716+0000] {processor.py:183} INFO - Processing /opt/airflow/dags/weather_nb_pipeline.py took 0.116 seconds
[2026-02-19T23:51:33.030+0000] {processor.py:161} INFO - Started process (PID=479) to work on /opt/airflow/dags/weather_nb_pipeline.py
[2026-02-19T23:51:33.031+0000] {processor.py:830} INFO - Processing file /opt/airflow/dags/weather_nb_pipeline.py for tasks to queue
[2026-02-19T23:51:33.033+0000] {logging_mixin.py:188} INFO - [2026-02-19T23:51:33.033+0000] {dagbag.py:545} INFO - Filling up the DagBag from /opt/airflow/dags/weather_nb_pipeline.py
[2026-02-19T23:51:33.057+0000] {processor.py:840} INFO - DAG(s) 'weather_nb_daily_pipeline' retrieved from /opt/airflow/dags/weather_nb_pipeline.py
[2026-02-19T23:51:33.095+0000] {logging_mixin.py:188} INFO - [2026-02-19T23:51:33.094+0000] {dag.py:3089} INFO - Sync 1 DAGs
[2026-02-19T23:51:33.123+0000] {logging_mixin.py:188} INFO - [2026-02-19T23:51:33.123+0000] {dag.py:3947} INFO - Setting next_dagrun for weather_nb_daily_pipeline to 2026-02-19 00:00:00+00:00, run_after=2026-02-20 00:00:00+00:00
[2026-02-19T23:51:33.147+0000] {processor.py:183} INFO - Processing /opt/airflow/dags/weather_nb_pipeline.py took 0.124 seconds
[2026-02-19T23:52:03.229+0000] {processor.py:161} INFO - Started process (PID=484) to work on /opt/airflow/dags/weather_nb_pipeline.py
[2026-02-19T23:52:03.230+0000] {processor.py:830} INFO - Processing file /opt/airflow/dags/weather_nb_pipeline.py for tasks to queue
[2026-02-19T23:52:03.232+0000] {logging_mixin.py:188} INFO - [2026-02-19T23:52:03.231+0000] {dagbag.py:545} INFO - Filling up the DagBag from /opt/airflow/dags/weather_nb_pipeline.py
[2026-02-19T23:52:03.255+0000] {processor.py:840} INFO - DAG(s) 'weather_nb_daily_pipeline' retrieved from /opt/airflow/dags/weather_nb_pipeline.py
[2026-02-19T23:52:03.291+0000] {logging_mixin.py:188} INFO - [2026-02-19T23:52:03.291+0000] {dag.py:3089} INFO - Sync 1 DAGs
[2026-02-19T23:52:03.315+0000] {logging_mixin.py:188} INFO - [2026-02-19T23:52:03.315+0000] {dag.py:3947} INFO - Setting next_dagrun for weather_nb_daily_pipeline to 2026-02-19 00:00:00+00:00, run_after=2026-02-20 00:00:00+00:00
[2026-02-19T23:52:03.336+0000] {processor.py:183} INFO - Processing /opt/airflow/dags/weather_nb_pipeline.py took 0.114 seconds
[2026-02-19T23:52:33.417+0000] {processor.py:161} INFO - Started process (PID=489) to work on /opt/airflow/dags/weather_nb_pipeline.py
[2026-02-19T23:52:33.418+0000] {processor.py:830} INFO - Processing file /opt/airflow/dags/weather_nb_pipeline.py for tasks to queue
[2026-02-19T23:52:33.419+0000] {logging_mixin.py:188} INFO - [2026-02-19T23:52:33.419+0000] {dagbag.py:545} INFO - Filling up the DagBag from /opt/airflow/dags/weather_nb_pipeline.py
[2026-02-19T23:52:33.443+0000] {processor.py:840} INFO - DAG(s) 'weather_nb_daily_pipeline' retrieved from /opt/airflow/dags/weather_nb_pipeline.py
[2026-02-19T23:52:33.482+0000] {logging_mixin.py:188} INFO - [2026-02-19T23:52:33.482+0000] {dag.py:3089} INFO - Sync 1 DAGs
[2026-02-19T23:52:33.510+0000] {logging_mixin.py:188} INFO - [2026-02-19T23:52:33.510+0000] {dag.py:3947} INFO - Setting next_dagrun for weather_nb_daily_pipeline to 2026-02-19 00:00:00+00:00, run_after=2026-02-20 00:00:00+00:00
[2026-02-19T23:52:33.535+0000] {processor.py:183} INFO - Processing /opt/airflow/dags/weather_nb_pipeline.py took 0.124 seconds
[2026-02-19T23:53:03.717+0000] {processor.py:161} INFO - Started process (PID=494) to work on /opt/airflow/dags/weather_nb_pipeline.py
[2026-02-19T23:53:03.718+0000] {processor.py:830} INFO - Processing file /opt/airflow/dags/weather_nb_pipeline.py for tasks to queue
[2026-02-19T23:53:03.720+0000] {logging_mixin.py:188} INFO - [2026-02-19T23:53:03.719+0000] {dagbag.py:545} INFO - Filling up the DagBag from /opt/airflow/dags/weather_nb_pipeline.py
[2026-02-19T23:53:03.748+0000] {processor.py:840} INFO - DAG(s) 'weather_nb_daily_pipeline' retrieved from /opt/airflow/dags/weather_nb_pipeline.py
[2026-02-19T23:53:03.784+0000] {logging_mixin.py:188} INFO - [2026-02-19T23:53:03.784+0000] {dag.py:3089} INFO - Sync 1 DAGs
[2026-02-19T23:53:03.809+0000] {logging_mixin.py:188} INFO - [2026-02-19T23:53:03.809+0000] {dag.py:3947} INFO - Setting next_dagrun for weather_nb_daily_pipeline to 2026-02-19 00:00:00+00:00, run_after=2026-02-20 00:00:00+00:00
[2026-02-19T23:53:03.831+0000] {processor.py:183} INFO - Processing /opt/airflow/dags/weather_nb_pipeline.py took 0.123 seconds
[2026-02-19T23:53:34.045+0000] {processor.py:161} INFO - Started process (PID=499) to work on /opt/airflow/dags/weather_nb_pipeline.py
[2026-02-19T23:53:34.046+0000] {processor.py:830} INFO - Processing file /opt/airflow/dags/weather_nb_pipeline.py for tasks to queue
[2026-02-19T23:53:34.048+0000] {logging_mixin.py:188} INFO - [2026-02-19T23:53:34.048+0000] {dagbag.py:545} INFO - Filling up the DagBag from /opt/airflow/dags/weather_nb_pipeline.py
[2026-02-19T23:53:34.069+0000] {processor.py:840} INFO - DAG(s) 'weather_nb_daily_pipeline' retrieved from /opt/airflow/dags/weather_nb_pipeline.py
[2026-02-19T23:53:34.103+0000] {logging_mixin.py:188} INFO - [2026-02-19T23:53:34.103+0000] {dag.py:3089} INFO - Sync 1 DAGs
[2026-02-19T23:53:34.126+0000] {logging_mixin.py:188} INFO - [2026-02-19T23:53:34.126+0000] {dag.py:3947} INFO - Setting next_dagrun for weather_nb_daily_pipeline to 2026-02-19 00:00:00+00:00, run_after=2026-02-20 00:00:00+00:00
[2026-02-19T23:53:34.145+0000] {processor.py:183} INFO - Processing /opt/airflow/dags/weather_nb_pipeline.py took 0.106 seconds
[2026-02-19T23:54:04.335+0000] {processor.py:161} INFO - Started process (PID=504) to work on /opt/airflow/dags/weather_nb_pipeline.py
[2026-02-19T23:54:04.336+0000] {processor.py:830} INFO - Processing file /opt/airflow/dags/weather_nb_pipeline.py for tasks to queue
[2026-02-19T23:54:04.339+0000] {logging_mixin.py:188} INFO - [2026-02-19T23:54:04.338+0000] {dagbag.py:545} INFO - Filling up the DagBag from /opt/airflow/dags/weather_nb_pipeline.py
[2026-02-19T23:54:04.364+0000] {processor.py:840} INFO - DAG(s) 'weather_nb_daily_pipeline' retrieved from /opt/airflow/dags/weather_nb_pipeline.py
[2026-02-19T23:54:04.405+0000] {logging_mixin.py:188} INFO - [2026-02-19T23:54:04.405+0000] {dag.py:3089} INFO - Sync 1 DAGs
[2026-02-19T23:54:04.434+0000] {logging_mixin.py:188} INFO - [2026-02-19T23:54:04.434+0000] {dag.py:3947} INFO - Setting next_dagrun for weather_nb_daily_pipeline to 2026-02-19 00:00:00+00:00, run_after=2026-02-20 00:00:00+00:00
[2026-02-19T23:54:04.460+0000] {processor.py:183} INFO - Processing /opt/airflow/dags/weather_nb_pipeline.py took 0.131 seconds
[2026-02-19T23:54:34.568+0000] {processor.py:161} INFO - Started process (PID=509) to work on /opt/airflow/dags/weather_nb_pipeline.py
[2026-02-19T23:54:34.569+0000] {processor.py:830} INFO - Processing file /opt/airflow/dags/weather_nb_pipeline.py for tasks to queue
[2026-02-19T23:54:34.571+0000] {logging_mixin.py:188} INFO - [2026-02-19T23:54:34.571+0000] {dagbag.py:545} INFO - Filling up the DagBag from /opt/airflow/dags/weather_nb_pipeline.py
[2026-02-19T23:54:34.593+0000] {processor.py:840} INFO - DAG(s) 'weather_nb_daily_pipeline' retrieved from /opt/airflow/dags/weather_nb_pipeline.py
[2026-02-19T23:54:34.630+0000] {logging_mixin.py:188} INFO - [2026-02-19T23:54:34.630+0000] {dag.py:3089} INFO - Sync 1 DAGs
[2026-02-19T23:54:34.658+0000] {logging_mixin.py:188} INFO - [2026-02-19T23:54:34.658+0000] {dag.py:3947} INFO - Setting next_dagrun for weather_nb_daily_pipeline to 2026-02-19 00:00:00+00:00, run_after=2026-02-20 00:00:00+00:00
[2026-02-19T23:54:34.682+0000] {processor.py:183} INFO - Processing /opt/airflow/dags/weather_nb_pipeline.py took 0.119 seconds
[2026-02-19T23:55:04.972+0000] {processor.py:161} INFO - Started process (PID=514) to work on /opt/airflow/dags/weather_nb_pipeline.py
[2026-02-19T23:55:04.972+0000] {processor.py:830} INFO - Processing file /opt/airflow/dags/weather_nb_pipeline.py for tasks to queue
[2026-02-19T23:55:04.974+0000] {logging_mixin.py:188} INFO - [2026-02-19T23:55:04.974+0000] {dagbag.py:545} INFO - Filling up the DagBag from /opt/airflow/dags/weather_nb_pipeline.py
[2026-02-19T23:55:04.996+0000] {processor.py:840} INFO - DAG(s) 'weather_nb_daily_pipeline' retrieved from /opt/airflow/dags/weather_nb_pipeline.py
[2026-02-19T23:55:05.031+0000] {logging_mixin.py:188} INFO - [2026-02-19T23:55:05.030+0000] {dag.py:3089} INFO - Sync 1 DAGs
[2026-02-19T23:55:05.054+0000] {logging_mixin.py:188} INFO - [2026-02-19T23:55:05.054+0000] {dag.py:3947} INFO - Setting next_dagrun for weather_nb_daily_pipeline to 2026-02-19 00:00:00+00:00, run_after=2026-02-20 00:00:00+00:00
[2026-02-19T23:55:05.074+0000] {processor.py:183} INFO - Processing /opt/airflow/dags/weather_nb_pipeline.py took 0.108 seconds
[2026-02-19T23:55:35.270+0000] {processor.py:161} INFO - Started process (PID=519) to work on /opt/airflow/dags/weather_nb_pipeline.py
[2026-02-19T23:55:35.271+0000] {processor.py:830} INFO - Processing file /opt/airflow/dags/weather_nb_pipeline.py for tasks to queue
[2026-02-19T23:55:35.274+0000] {logging_mixin.py:188} INFO - [2026-02-19T23:55:35.273+0000] {dagbag.py:545} INFO - Filling up the DagBag from /opt/airflow/dags/weather_nb_pipeline.py
[2026-02-19T23:55:35.295+0000] {processor.py:840} INFO - DAG(s) 'weather_nb_daily_pipeline' retrieved from /opt/airflow/dags/weather_nb_pipeline.py
[2026-02-19T23:55:35.329+0000] {logging_mixin.py:188} INFO - [2026-02-19T23:55:35.329+0000] {dag.py:3089} INFO - Sync 1 DAGs
[2026-02-19T23:55:35.352+0000] {logging_mixin.py:188} INFO - [2026-02-19T23:55:35.351+0000] {dag.py:3947} INFO - Setting next_dagrun for weather_nb_daily_pipeline to 2026-02-19 00:00:00+00:00, run_after=2026-02-20 00:00:00+00:00
[2026-02-19T23:55:35.371+0000] {processor.py:183} INFO - Processing /opt/airflow/dags/weather_nb_pipeline.py took 0.107 seconds
[2026-02-19T23:56:05.506+0000] {processor.py:161} INFO - Started process (PID=557) to work on /opt/airflow/dags/weather_nb_pipeline.py
[2026-02-19T23:56:05.506+0000] {processor.py:830} INFO - Processing file /opt/airflow/dags/weather_nb_pipeline.py for tasks to queue
[2026-02-19T23:56:05.509+0000] {logging_mixin.py:188} INFO - [2026-02-19T23:56:05.509+0000] {dagbag.py:545} INFO - Filling up the DagBag from /opt/airflow/dags/weather_nb_pipeline.py
[2026-02-19T23:56:05.533+0000] {processor.py:840} INFO - DAG(s) 'weather_nb_daily_pipeline' retrieved from /opt/airflow/dags/weather_nb_pipeline.py
[2026-02-19T23:56:05.572+0000] {logging_mixin.py:188} INFO - [2026-02-19T23:56:05.572+0000] {dag.py:3089} INFO - Sync 1 DAGs
[2026-02-19T23:56:05.597+0000] {logging_mixin.py:188} INFO - [2026-02-19T23:56:05.597+0000] {dag.py:3947} INFO - Setting next_dagrun for weather_nb_daily_pipeline to 2026-02-19 00:00:00+00:00, run_after=2026-02-20 00:00:00+00:00
[2026-02-19T23:56:05.617+0000] {processor.py:183} INFO - Processing /opt/airflow/dags/weather_nb_pipeline.py took 0.119 seconds
[2026-02-19T23:56:35.763+0000] {processor.py:161} INFO - Started process (PID=577) to work on /opt/airflow/dags/weather_nb_pipeline.py
[2026-02-19T23:56:35.764+0000] {processor.py:830} INFO - Processing file /opt/airflow/dags/weather_nb_pipeline.py for tasks to queue
[2026-02-19T23:56:35.767+0000] {logging_mixin.py:188} INFO - [2026-02-19T23:56:35.766+0000] {dagbag.py:545} INFO - Filling up the DagBag from /opt/airflow/dags/weather_nb_pipeline.py
[2026-02-19T23:56:35.795+0000] {processor.py:840} INFO - DAG(s) 'weather_nb_daily_pipeline' retrieved from /opt/airflow/dags/weather_nb_pipeline.py
[2026-02-19T23:56:35.834+0000] {logging_mixin.py:188} INFO - [2026-02-19T23:56:35.834+0000] {dag.py:3089} INFO - Sync 1 DAGs
[2026-02-19T23:56:35.859+0000] {logging_mixin.py:188} INFO - [2026-02-19T23:56:35.859+0000] {dag.py:3947} INFO - Setting next_dagrun for weather_nb_daily_pipeline to 2026-02-19 00:00:00+00:00, run_after=2026-02-20 00:00:00+00:00
[2026-02-19T23:56:35.889+0000] {processor.py:183} INFO - Processing /opt/airflow/dags/weather_nb_pipeline.py took 0.133 seconds
[2026-02-19T23:57:06.064+0000] {processor.py:161} INFO - Started process (PID=582) to work on /opt/airflow/dags/weather_nb_pipeline.py
[2026-02-19T23:57:06.065+0000] {processor.py:830} INFO - Processing file /opt/airflow/dags/weather_nb_pipeline.py for tasks to queue
[2026-02-19T23:57:06.067+0000] {logging_mixin.py:188} INFO - [2026-02-19T23:57:06.067+0000] {dagbag.py:545} INFO - Filling up the DagBag from /opt/airflow/dags/weather_nb_pipeline.py
[2026-02-19T23:57:06.090+0000] {processor.py:840} INFO - DAG(s) 'weather_nb_daily_pipeline' retrieved from /opt/airflow/dags/weather_nb_pipeline.py
[2026-02-19T23:57:06.127+0000] {logging_mixin.py:188} INFO - [2026-02-19T23:57:06.127+0000] {dag.py:3089} INFO - Sync 1 DAGs
[2026-02-19T23:57:06.152+0000] {logging_mixin.py:188} INFO - [2026-02-19T23:57:06.152+0000] {dag.py:3947} INFO - Setting next_dagrun for weather_nb_daily_pipeline to 2026-02-19 00:00:00+00:00, run_after=2026-02-20 00:00:00+00:00
[2026-02-19T23:57:06.172+0000] {processor.py:183} INFO - Processing /opt/airflow/dags/weather_nb_pipeline.py took 0.116 seconds
[2026-02-19T23:57:36.339+0000] {processor.py:161} INFO - Started process (PID=587) to work on /opt/airflow/dags/weather_nb_pipeline.py
[2026-02-19T23:57:36.340+0000] {processor.py:830} INFO - Processing file /opt/airflow/dags/weather_nb_pipeline.py for tasks to queue
[2026-02-19T23:57:36.342+0000] {logging_mixin.py:188} INFO - [2026-02-19T23:57:36.342+0000] {dagbag.py:545} INFO - Filling up the DagBag from /opt/airflow/dags/weather_nb_pipeline.py
[2026-02-19T23:57:36.371+0000] {processor.py:840} INFO - DAG(s) 'weather_nb_daily_pipeline' retrieved from /opt/airflow/dags/weather_nb_pipeline.py
[2026-02-19T23:57:36.414+0000] {logging_mixin.py:188} INFO - [2026-02-19T23:57:36.413+0000] {dag.py:3089} INFO - Sync 1 DAGs
[2026-02-19T23:57:36.443+0000] {logging_mixin.py:188} INFO - [2026-02-19T23:57:36.442+0000] {dag.py:3947} INFO - Setting next_dagrun for weather_nb_daily_pipeline to 2026-02-19 00:00:00+00:00, run_after=2026-02-20 00:00:00+00:00
[2026-02-19T23:57:36.468+0000] {processor.py:183} INFO - Processing /opt/airflow/dags/weather_nb_pipeline.py took 0.138 seconds
[2026-02-19T23:58:06.570+0000] {processor.py:161} INFO - Started process (PID=592) to work on /opt/airflow/dags/weather_nb_pipeline.py
[2026-02-19T23:58:06.571+0000] {processor.py:830} INFO - Processing file /opt/airflow/dags/weather_nb_pipeline.py for tasks to queue
[2026-02-19T23:58:06.573+0000] {logging_mixin.py:188} INFO - [2026-02-19T23:58:06.573+0000] {dagbag.py:545} INFO - Filling up the DagBag from /opt/airflow/dags/weather_nb_pipeline.py
[2026-02-19T23:58:06.598+0000] {processor.py:840} INFO - DAG(s) 'weather_nb_daily_pipeline' retrieved from /opt/airflow/dags/weather_nb_pipeline.py
[2026-02-19T23:58:06.638+0000] {logging_mixin.py:188} INFO - [2026-02-19T23:58:06.638+0000] {dag.py:3089} INFO - Sync 1 DAGs
[2026-02-19T23:58:06.666+0000] {logging_mixin.py:188} INFO - [2026-02-19T23:58:06.665+0000] {dag.py:3947} INFO - Setting next_dagrun for weather_nb_daily_pipeline to 2026-02-19 00:00:00+00:00, run_after=2026-02-20 00:00:00+00:00
[2026-02-19T23:58:06.689+0000] {processor.py:183} INFO - Processing /opt/airflow/dags/weather_nb_pipeline.py took 0.126 seconds
[2026-02-19T23:58:36.870+0000] {processor.py:161} INFO - Started process (PID=597) to work on /opt/airflow/dags/weather_nb_pipeline.py
[2026-02-19T23:58:36.871+0000] {processor.py:830} INFO - Processing file /opt/airflow/dags/weather_nb_pipeline.py for tasks to queue
[2026-02-19T23:58:36.872+0000] {logging_mixin.py:188} INFO - [2026-02-19T23:58:36.872+0000] {dagbag.py:545} INFO - Filling up the DagBag from /opt/airflow/dags/weather_nb_pipeline.py
[2026-02-19T23:58:36.898+0000] {processor.py:840} INFO - DAG(s) 'weather_nb_daily_pipeline' retrieved from /opt/airflow/dags/weather_nb_pipeline.py
[2026-02-19T23:58:36.935+0000] {logging_mixin.py:188} INFO - [2026-02-19T23:58:36.935+0000] {dag.py:3089} INFO - Sync 1 DAGs
[2026-02-19T23:58:36.963+0000] {logging_mixin.py:188} INFO - [2026-02-19T23:58:36.962+0000] {dag.py:3947} INFO - Setting next_dagrun for weather_nb_daily_pipeline to 2026-02-19 00:00:00+00:00, run_after=2026-02-20 00:00:00+00:00
[2026-02-19T23:58:36.987+0000] {processor.py:183} INFO - Processing /opt/airflow/dags/weather_nb_pipeline.py took 0.123 seconds
[2026-02-19T23:59:07.076+0000] {processor.py:161} INFO - Started process (PID=602) to work on /opt/airflow/dags/weather_nb_pipeline.py
[2026-02-19T23:59:07.077+0000] {processor.py:830} INFO - Processing file /opt/airflow/dags/weather_nb_pipeline.py for tasks to queue
[2026-02-19T23:59:07.079+0000] {logging_mixin.py:188} INFO - [2026-02-19T23:59:07.079+0000] {dagbag.py:545} INFO - Filling up the DagBag from /opt/airflow/dags/weather_nb_pipeline.py
[2026-02-19T23:59:07.103+0000] {processor.py:840} INFO - DAG(s) 'weather_nb_daily_pipeline' retrieved from /opt/airflow/dags/weather_nb_pipeline.py
[2026-02-19T23:59:07.140+0000] {logging_mixin.py:188} INFO - [2026-02-19T23:59:07.140+0000] {dag.py:3089} INFO - Sync 1 DAGs
[2026-02-19T23:59:07.164+0000] {logging_mixin.py:188} INFO - [2026-02-19T23:59:07.164+0000] {dag.py:3947} INFO - Setting next_dagrun for weather_nb_daily_pipeline to 2026-02-19 00:00:00+00:00, run_after=2026-02-20 00:00:00+00:00
[2026-02-19T23:59:07.185+0000] {processor.py:183} INFO - Processing /opt/airflow/dags/weather_nb_pipeline.py took 0.117 seconds
[2026-02-19T23:59:37.408+0000] {processor.py:161} INFO - Started process (PID=607) to work on /opt/airflow/dags/weather_nb_pipeline.py
[2026-02-19T23:59:37.409+0000] {processor.py:830} INFO - Processing file /opt/airflow/dags/weather_nb_pipeline.py for tasks to queue
[2026-02-19T23:59:37.412+0000] {logging_mixin.py:188} INFO - [2026-02-19T23:59:37.411+0000] {dagbag.py:545} INFO - Filling up the DagBag from /opt/airflow/dags/weather_nb_pipeline.py
[2026-02-19T23:59:37.440+0000] {processor.py:840} INFO - DAG(s) 'weather_nb_daily_pipeline' retrieved from /opt/airflow/dags/weather_nb_pipeline.py
[2026-02-19T23:59:37.484+0000] {logging_mixin.py:188} INFO - [2026-02-19T23:59:37.484+0000] {dag.py:3089} INFO - Sync 1 DAGs
[2026-02-19T23:59:37.515+0000] {logging_mixin.py:188} INFO - [2026-02-19T23:59:37.515+0000] {dag.py:3947} INFO - Setting next_dagrun for weather_nb_daily_pipeline to 2026-02-19 00:00:00+00:00, run_after=2026-02-20 00:00:00+00:00
[2026-02-19T23:59:37.543+0000] {processor.py:183} INFO - Processing /opt/airflow/dags/weather_nb_pipeline.py took 0.142 seconds
