[2026-02-19T23:56:06.790+0000] {local_task_job_runner.py:120} INFO - ::group::Pre task execution logs
[2026-02-19T23:56:06.826+0000] {taskinstance.py:2076} INFO - Dependencies all met for dep_context=non-requeueable deps ti=<TaskInstance: weather_nb_daily_pipeline.run_dq_and_report manual__2026-02-19T23:55:59.183007+00:00 [queued]>
[2026-02-19T23:56:06.835+0000] {taskinstance.py:2076} INFO - Dependencies all met for dep_context=requeueable deps ti=<TaskInstance: weather_nb_daily_pipeline.run_dq_and_report manual__2026-02-19T23:55:59.183007+00:00 [queued]>
[2026-02-19T23:56:06.836+0000] {taskinstance.py:2306} INFO - Starting attempt 1 of 1
[2026-02-19T23:56:06.849+0000] {taskinstance.py:2330} INFO - Executing <Task(BashOperator): run_dq_and_report> on 2026-02-19 23:55:59.183007+00:00
[2026-02-19T23:56:06.856+0000] {standard_task_runner.py:90} INFO - Running: ['airflow', 'tasks', 'run', 'weather_nb_daily_pipeline', 'run_dq_and_report', 'manual__2026-02-19T23:55:59.183007+00:00', '--job-id', '52', '--raw', '--subdir', 'DAGS_FOLDER/weather_nb_pipeline.py', '--cfg-path', '/tmp/tmpci6sm8x_']
[2026-02-19T23:56:06.859+0000] {standard_task_runner.py:91} INFO - Job 52: Subtask run_dq_and_report
[2026-02-19T23:56:06.860+0000] {logging_mixin.py:188} WARNING - /home/airflow/.local/lib/python3.12/site-packages/airflow/task/task_runner/standard_task_runner.py:62 DeprecationWarning: This process (pid=562) is multi-threaded, use of fork() may lead to deadlocks in the child.
[2026-02-19T23:56:06.861+0000] {standard_task_runner.py:64} INFO - Started process 563 to run task
[2026-02-19T23:56:06.929+0000] {task_command.py:426} INFO - Running <TaskInstance: weather_nb_daily_pipeline.run_dq_and_report manual__2026-02-19T23:55:59.183007+00:00 [running]> on host 110bf15da312
[2026-02-19T23:56:07.029+0000] {taskinstance.py:2648} INFO - Exporting env vars: AIRFLOW_CTX_DAG_OWNER='airflow' AIRFLOW_CTX_DAG_ID='weather_nb_daily_pipeline' AIRFLOW_CTX_TASK_ID='run_dq_and_report' AIRFLOW_CTX_EXECUTION_DATE='2026-02-19T23:55:59.183007+00:00' AIRFLOW_CTX_TRY_NUMBER='1' AIRFLOW_CTX_DAG_RUN_ID='manual__2026-02-19T23:55:59.183007+00:00'
[2026-02-19T23:56:07.030+0000] {taskinstance.py:430} INFO - ::endgroup::
[2026-02-19T23:56:07.045+0000] {subprocess.py:63} INFO - Tmp dir *** location: /tmp
[2026-02-19T23:56:07.046+0000] {subprocess.py:75} INFO - Running command: ['/usr/bin/bash', '-c', 'cd /opt/airflow/project && python run_dq_and_report.py']
[2026-02-19T23:56:07.054+0000] {subprocess.py:86} INFO - Output:
[2026-02-19T23:56:08.145+0000] {subprocess.py:93} INFO - Saved report: reports/dq_report_2026-02-19.json
[2026-02-19T23:56:08.145+0000] {subprocess.py:93} INFO - Checks: 8 | Passed: 8 | Failed: 0
[2026-02-19T23:56:08.220+0000] {subprocess.py:97} INFO - Command exited with return code 0
[2026-02-19T23:56:08.221+0000] {taskinstance.py:441} INFO - ::group::Post task execution logs
[2026-02-19T23:56:08.250+0000] {taskinstance.py:1206} INFO - Marking task as SUCCESS. dag_id=weather_nb_daily_pipeline, task_id=run_dq_and_report, run_id=manual__2026-02-19T23:55:59.183007+00:00, execution_date=20260219T235559, start_date=20260219T235606, end_date=20260219T235608
[2026-02-19T23:56:08.279+0000] {local_task_job_runner.py:243} INFO - Task exited with return code 0
[2026-02-19T23:56:08.296+0000] {taskinstance.py:3503} INFO - 0 downstream tasks scheduled from follow-on schedule check
[2026-02-19T23:56:08.299+0000] {local_task_job_runner.py:222} INFO - ::endgroup::
