[2026-02-12T02:48:46.835+0000] {local_task_job_runner.py:120} INFO - ::group::Pre task execution logs
[2026-02-12T02:48:46.872+0000] {taskinstance.py:2076} INFO - Dependencies all met for dep_context=non-requeueable deps ti=<TaskInstance: weather_nb_daily_pipeline.run_dq_and_report manual__2026-02-12T02:48:39.335291+00:00 [queued]>
[2026-02-12T02:48:46.880+0000] {taskinstance.py:2076} INFO - Dependencies all met for dep_context=requeueable deps ti=<TaskInstance: weather_nb_daily_pipeline.run_dq_and_report manual__2026-02-12T02:48:39.335291+00:00 [queued]>
[2026-02-12T02:48:46.881+0000] {taskinstance.py:2306} INFO - Starting attempt 1 of 1
[2026-02-12T02:48:46.894+0000] {taskinstance.py:2330} INFO - Executing <Task(BashOperator): run_dq_and_report> on 2026-02-12 02:48:39.335291+00:00
[2026-02-12T02:48:46.901+0000] {standard_task_runner.py:90} INFO - Running: ['airflow', 'tasks', 'run', 'weather_nb_daily_pipeline', 'run_dq_and_report', 'manual__2026-02-12T02:48:39.335291+00:00', '--job-id', '40', '--raw', '--subdir', 'DAGS_FOLDER/weather_nb_pipeline.py', '--cfg-path', '/tmp/tmpuw7sfgwb']
[2026-02-12T02:48:46.904+0000] {logging_mixin.py:188} WARNING - /home/airflow/.local/lib/python3.12/site-packages/airflow/task/task_runner/standard_task_runner.py:62 DeprecationWarning: This process (pid=775) is multi-threaded, use of fork() may lead to deadlocks in the child.
[2026-02-12T02:48:46.904+0000] {standard_task_runner.py:91} INFO - Job 40: Subtask run_dq_and_report
[2026-02-12T02:48:46.905+0000] {standard_task_runner.py:64} INFO - Started process 776 to run task
[2026-02-12T02:48:46.985+0000] {task_command.py:426} INFO - Running <TaskInstance: weather_nb_daily_pipeline.run_dq_and_report manual__2026-02-12T02:48:39.335291+00:00 [running]> on host 854332f8dbb5
[2026-02-12T02:48:47.106+0000] {taskinstance.py:2648} INFO - Exporting env vars: AIRFLOW_CTX_DAG_OWNER='airflow' AIRFLOW_CTX_DAG_ID='weather_nb_daily_pipeline' AIRFLOW_CTX_TASK_ID='run_dq_and_report' AIRFLOW_CTX_EXECUTION_DATE='2026-02-12T02:48:39.335291+00:00' AIRFLOW_CTX_TRY_NUMBER='1' AIRFLOW_CTX_DAG_RUN_ID='manual__2026-02-12T02:48:39.335291+00:00'
[2026-02-12T02:48:47.107+0000] {taskinstance.py:430} INFO - ::endgroup::
[2026-02-12T02:48:47.121+0000] {subprocess.py:63} INFO - Tmp dir *** location: /tmp
[2026-02-12T02:48:47.123+0000] {subprocess.py:75} INFO - Running command: ['/usr/bin/bash', '-c', 'cd /opt/airflow/project && python run_dq_and_report.py']
[2026-02-12T02:48:47.132+0000] {subprocess.py:86} INFO - Output:
[2026-02-12T02:48:48.310+0000] {subprocess.py:93} INFO - Saved report: reports/dq_report_2026-02-12.json
[2026-02-12T02:48:48.310+0000] {subprocess.py:93} INFO - Checks: 8 | Passed: 7 | Failed: 1
[2026-02-12T02:48:48.381+0000] {subprocess.py:97} INFO - Command exited with return code 0
[2026-02-12T02:48:48.382+0000] {taskinstance.py:441} INFO - ::group::Post task execution logs
[2026-02-12T02:48:48.410+0000] {taskinstance.py:1206} INFO - Marking task as SUCCESS. dag_id=weather_nb_daily_pipeline, task_id=run_dq_and_report, run_id=manual__2026-02-12T02:48:39.335291+00:00, execution_date=20260212T024839, start_date=20260212T024846, end_date=20260212T024848
[2026-02-12T02:48:48.449+0000] {local_task_job_runner.py:243} INFO - Task exited with return code 0
[2026-02-12T02:48:48.469+0000] {taskinstance.py:3503} INFO - 0 downstream tasks scheduled from follow-on schedule check
[2026-02-12T02:48:48.471+0000] {local_task_job_runner.py:222} INFO - ::endgroup::
