[2026-02-12T02:01:39.097+0000] {local_task_job_runner.py:120} INFO - ::group::Pre task execution logs
[2026-02-12T02:01:39.156+0000] {taskinstance.py:2076} INFO - Dependencies all met for dep_context=non-requeueable deps ti=<TaskInstance: weather_nb_daily_pipeline.extract_nb_weather manual__2026-02-12T01:56:36.247685+00:00 [queued]>
[2026-02-12T02:01:39.167+0000] {taskinstance.py:2076} INFO - Dependencies all met for dep_context=requeueable deps ti=<TaskInstance: weather_nb_daily_pipeline.extract_nb_weather manual__2026-02-12T01:56:36.247685+00:00 [queued]>
[2026-02-12T02:01:39.168+0000] {taskinstance.py:2306} INFO - Starting attempt 2 of 2
[2026-02-12T02:01:39.186+0000] {taskinstance.py:2330} INFO - Executing <Task(BashOperator): extract_nb_weather> on 2026-02-12 01:56:36.247685+00:00
[2026-02-12T02:01:39.196+0000] {standard_task_runner.py:90} INFO - Running: ['airflow', 'tasks', 'run', 'weather_nb_daily_pipeline', 'extract_nb_weather', 'manual__2026-02-12T01:56:36.247685+00:00', '--job-id', '24', '--raw', '--subdir', 'DAGS_FOLDER/weather_nb_pipeline.py', '--cfg-path', '/tmp/tmpn16q1fzt']
[2026-02-12T02:01:39.201+0000] {standard_task_runner.py:91} INFO - Job 24: Subtask extract_nb_weather
[2026-02-12T02:01:39.202+0000] {logging_mixin.py:188} WARNING - /home/airflow/.local/lib/python3.12/site-packages/airflow/task/task_runner/standard_task_runner.py:62 DeprecationWarning: This process (pid=238) is multi-threaded, use of fork() may lead to deadlocks in the child.
[2026-02-12T02:01:39.203+0000] {standard_task_runner.py:64} INFO - Started process 239 to run task
[2026-02-12T02:01:39.287+0000] {task_command.py:426} INFO - Running <TaskInstance: weather_nb_daily_pipeline.extract_nb_weather manual__2026-02-12T01:56:36.247685+00:00 [running]> on host 5a91f96ec0af
[2026-02-12T02:01:39.399+0000] {taskinstance.py:2648} INFO - Exporting env vars: AIRFLOW_CTX_DAG_OWNER='airflow' AIRFLOW_CTX_DAG_ID='weather_nb_daily_pipeline' AIRFLOW_CTX_TASK_ID='extract_nb_weather' AIRFLOW_CTX_EXECUTION_DATE='2026-02-12T01:56:36.247685+00:00' AIRFLOW_CTX_TRY_NUMBER='2' AIRFLOW_CTX_DAG_RUN_ID='manual__2026-02-12T01:56:36.247685+00:00'
[2026-02-12T02:01:39.400+0000] {taskinstance.py:430} INFO - ::endgroup::
[2026-02-12T02:01:39.421+0000] {subprocess.py:63} INFO - Tmp dir *** location: /tmp
[2026-02-12T02:01:39.422+0000] {subprocess.py:75} INFO - Running command: ['/usr/bin/bash', '-c', 'cd /opt/airflow/project && uv run python extract_weather.py']
[2026-02-12T02:01:39.433+0000] {subprocess.py:86} INFO - Output:
[2026-02-12T02:01:39.446+0000] {subprocess.py:93} INFO - warning: `uv run` is experimental and may change without warning
[2026-02-12T02:01:39.454+0000] {subprocess.py:93} INFO - warning: Ignoring existing virtual environment linked to non-existent Python interpreter: .venv/bin/python3
[2026-02-12T02:01:39.455+0000] {subprocess.py:93} INFO - error: No interpreter found for Python 3.13 in managed installations or system path
[2026-02-12T02:01:39.455+0000] {subprocess.py:97} INFO - Command exited with return code 2
[2026-02-12T02:01:39.456+0000] {taskinstance.py:441} INFO - ::group::Post task execution logs
[2026-02-12T02:01:39.470+0000] {taskinstance.py:2905} ERROR - Task failed with exception
Traceback (most recent call last):
  File "/home/airflow/.local/lib/python3.12/site-packages/airflow/models/taskinstance.py", line 465, in _execute_task
    result = _execute_callable(context=context, **execute_callable_kwargs)
             ^^^^^^^^^^^^^^^^^^^^^^^^^^^^^^^^^^^^^^^^^^^^^^^^^^^^^^^^^^^^^
  File "/home/airflow/.local/lib/python3.12/site-packages/airflow/models/taskinstance.py", line 432, in _execute_callable
    return execute_callable(context=context, **execute_callable_kwargs)
           ^^^^^^^^^^^^^^^^^^^^^^^^^^^^^^^^^^^^^^^^^^^^^^^^^^^^^^^^^^^^
  File "/home/airflow/.local/lib/python3.12/site-packages/airflow/models/baseoperator.py", line 401, in wrapper
    return func(self, *args, **kwargs)
           ^^^^^^^^^^^^^^^^^^^^^^^^^^^
  File "/home/airflow/.local/lib/python3.12/site-packages/airflow/operators/bash.py", line 243, in execute
    raise AirflowException(
airflow.exceptions.AirflowException: Bash command failed. The command returned a non-zero exit code 2.
[2026-02-12T02:01:39.475+0000] {taskinstance.py:1206} INFO - Marking task as FAILED. dag_id=weather_nb_daily_pipeline, task_id=extract_nb_weather, run_id=manual__2026-02-12T01:56:36.247685+00:00, execution_date=20260212T015636, start_date=20260212T020139, end_date=20260212T020139
[2026-02-12T02:01:39.488+0000] {standard_task_runner.py:110} ERROR - Failed to execute job 24 for task extract_nb_weather (Bash command failed. The command returned a non-zero exit code 2.; 239)
[2026-02-12T02:01:39.499+0000] {local_task_job_runner.py:243} INFO - Task exited with return code 1
[2026-02-12T02:01:39.529+0000] {taskinstance.py:3503} INFO - 0 downstream tasks scheduled from follow-on schedule check
[2026-02-12T02:01:39.535+0000] {local_task_job_runner.py:222} INFO - ::endgroup::
