[2026-02-19T23:29:04.220+0000] {local_task_job_runner.py:120} INFO - ::group::Pre task execution logs
[2026-02-19T23:29:04.258+0000] {taskinstance.py:2076} INFO - Dependencies all met for dep_context=non-requeueable deps ti=<TaskInstance: weather_nb_daily_pipeline.transform_nb_weather manual__2026-02-19T23:28:59.898614+00:00 [queued]>
[2026-02-19T23:29:04.266+0000] {taskinstance.py:2076} INFO - Dependencies all met for dep_context=requeueable deps ti=<TaskInstance: weather_nb_daily_pipeline.transform_nb_weather manual__2026-02-19T23:28:59.898614+00:00 [queued]>
[2026-02-19T23:29:04.266+0000] {taskinstance.py:2306} INFO - Starting attempt 1 of 1
[2026-02-19T23:29:04.279+0000] {taskinstance.py:2330} INFO - Executing <Task(BashOperator): transform_nb_weather> on 2026-02-19 23:28:59.898614+00:00
[2026-02-19T23:29:04.285+0000] {standard_task_runner.py:90} INFO - Running: ['airflow', 'tasks', 'run', 'weather_nb_daily_pipeline', 'transform_nb_weather', 'manual__2026-02-19T23:28:59.898614+00:00', '--job-id', '47', '--raw', '--subdir', 'DAGS_FOLDER/weather_nb_pipeline.py', '--cfg-path', '/tmp/tmpv6b96a3a']
[2026-02-19T23:29:04.288+0000] {logging_mixin.py:188} WARNING - /home/airflow/.local/lib/python3.12/site-packages/airflow/task/task_runner/standard_task_runner.py:62 DeprecationWarning: This process (pid=229) is multi-threaded, use of fork() may lead to deadlocks in the child.
[2026-02-19T23:29:04.289+0000] {standard_task_runner.py:91} INFO - Job 47: Subtask transform_nb_weather
[2026-02-19T23:29:04.289+0000] {standard_task_runner.py:64} INFO - Started process 230 to run task
[2026-02-19T23:29:04.354+0000] {task_command.py:426} INFO - Running <TaskInstance: weather_nb_daily_pipeline.transform_nb_weather manual__2026-02-19T23:28:59.898614+00:00 [running]> on host 110bf15da312
[2026-02-19T23:29:04.455+0000] {taskinstance.py:2648} INFO - Exporting env vars: AIRFLOW_CTX_DAG_OWNER='airflow' AIRFLOW_CTX_DAG_ID='weather_nb_daily_pipeline' AIRFLOW_CTX_TASK_ID='transform_nb_weather' AIRFLOW_CTX_EXECUTION_DATE='2026-02-19T23:28:59.898614+00:00' AIRFLOW_CTX_TRY_NUMBER='1' AIRFLOW_CTX_DAG_RUN_ID='manual__2026-02-19T23:28:59.898614+00:00'
[2026-02-19T23:29:04.456+0000] {taskinstance.py:430} INFO - ::endgroup::
[2026-02-19T23:29:04.470+0000] {subprocess.py:63} INFO - Tmp dir *** location: /tmp
[2026-02-19T23:29:04.471+0000] {subprocess.py:75} INFO - Running command: ['/usr/bin/bash', '-c', 'cd /opt/airflow/project && python transform_weather.py']
[2026-02-19T23:29:04.480+0000] {subprocess.py:86} INFO - Output:
[2026-02-19T23:29:05.273+0000] {subprocess.py:93} INFO - Read : data/raw/weather_nb_20260219_232901.json
[2026-02-19T23:29:05.273+0000] {subprocess.py:93} INFO - Saved: data/processed/weather_nb_clean.csv
[2026-02-19T23:29:05.274+0000] {subprocess.py:93} INFO - Rows : 9
[2026-02-19T23:29:05.328+0000] {subprocess.py:97} INFO - Command exited with return code 0
[2026-02-19T23:29:05.329+0000] {taskinstance.py:441} INFO - ::group::Post task execution logs
[2026-02-19T23:29:05.356+0000] {taskinstance.py:1206} INFO - Marking task as SUCCESS. dag_id=weather_nb_daily_pipeline, task_id=transform_nb_weather, run_id=manual__2026-02-19T23:28:59.898614+00:00, execution_date=20260219T232859, start_date=20260219T232904, end_date=20260219T232905
[2026-02-19T23:29:05.390+0000] {local_task_job_runner.py:243} INFO - Task exited with return code 0
[2026-02-19T23:29:05.415+0000] {taskinstance.py:3503} INFO - 1 downstream tasks scheduled from follow-on schedule check
[2026-02-19T23:29:05.418+0000] {local_task_job_runner.py:222} INFO - ::endgroup::
