[2026-02-20T00:00:00.804+0000] {local_task_job_runner.py:120} INFO - ::group::Pre task execution logs
[2026-02-20T00:00:00.840+0000] {taskinstance.py:2076} INFO - Dependencies all met for dep_context=non-requeueable deps ti=<TaskInstance: weather_nb_daily_pipeline.extract_nb_weather scheduled__2026-02-19T00:00:00+00:00 [queued]>
[2026-02-20T00:00:00.847+0000] {taskinstance.py:2076} INFO - Dependencies all met for dep_context=requeueable deps ti=<TaskInstance: weather_nb_daily_pipeline.extract_nb_weather scheduled__2026-02-19T00:00:00+00:00 [queued]>
[2026-02-20T00:00:00.848+0000] {taskinstance.py:2306} INFO - Starting attempt 1 of 2
[2026-02-20T00:00:00.860+0000] {taskinstance.py:2330} INFO - Executing <Task(BashOperator): extract_nb_weather> on 2026-02-19 00:00:00+00:00
[2026-02-20T00:00:00.866+0000] {standard_task_runner.py:90} INFO - Running: ['airflow', 'tasks', 'run', 'weather_nb_daily_pipeline', 'extract_nb_weather', 'scheduled__2026-02-19T00:00:00+00:00', '--job-id', '53', '--raw', '--subdir', 'DAGS_FOLDER/weather_nb_pipeline.py', '--cfg-path', '/tmp/tmpifs8xmcb']
[2026-02-20T00:00:00.870+0000] {logging_mixin.py:188} WARNING - /home/airflow/.local/lib/python3.12/site-packages/airflow/task/task_runner/standard_task_runner.py:62 DeprecationWarning: This process (pid=612) is multi-threaded, use of fork() may lead to deadlocks in the child.
[2026-02-20T00:00:00.870+0000] {standard_task_runner.py:91} INFO - Job 53: Subtask extract_nb_weather
[2026-02-20T00:00:00.870+0000] {standard_task_runner.py:64} INFO - Started process 613 to run task
[2026-02-20T00:00:00.938+0000] {task_command.py:426} INFO - Running <TaskInstance: weather_nb_daily_pipeline.extract_nb_weather scheduled__2026-02-19T00:00:00+00:00 [running]> on host 110bf15da312
[2026-02-20T00:00:01.033+0000] {taskinstance.py:2648} INFO - Exporting env vars: AIRFLOW_CTX_DAG_OWNER='airflow' AIRFLOW_CTX_DAG_ID='weather_nb_daily_pipeline' AIRFLOW_CTX_TASK_ID='extract_nb_weather' AIRFLOW_CTX_EXECUTION_DATE='2026-02-19T00:00:00+00:00' AIRFLOW_CTX_TRY_NUMBER='1' AIRFLOW_CTX_DAG_RUN_ID='scheduled__2026-02-19T00:00:00+00:00'
[2026-02-20T00:00:01.035+0000] {taskinstance.py:430} INFO - ::endgroup::
[2026-02-20T00:00:01.048+0000] {subprocess.py:63} INFO - Tmp dir *** location: /tmp
[2026-02-20T00:00:01.050+0000] {subprocess.py:75} INFO - Running command: ['/usr/bin/bash', '-c', 'cd /opt/airflow/project && python extract_weather.py']
[2026-02-20T00:00:01.058+0000] {subprocess.py:86} INFO - Output:
[2026-02-20T00:00:02.761+0000] {subprocess.py:93} INFO - Saved: data/raw/weather_nb_20260220_000001.json
[2026-02-20T00:00:02.762+0000] {subprocess.py:93} INFO - Cities pulled: 9
[2026-02-20T00:00:02.779+0000] {subprocess.py:97} INFO - Command exited with return code 0
[2026-02-20T00:00:02.780+0000] {taskinstance.py:441} INFO - ::group::Post task execution logs
[2026-02-20T00:00:02.808+0000] {taskinstance.py:1206} INFO - Marking task as SUCCESS. dag_id=weather_nb_daily_pipeline, task_id=extract_nb_weather, run_id=scheduled__2026-02-19T00:00:00+00:00, execution_date=20260219T000000, start_date=20260220T000000, end_date=20260220T000002
[2026-02-20T00:00:02.856+0000] {local_task_job_runner.py:243} INFO - Task exited with return code 0
[2026-02-20T00:00:02.879+0000] {taskinstance.py:3503} INFO - 1 downstream tasks scheduled from follow-on schedule check
[2026-02-20T00:00:02.882+0000] {local_task_job_runner.py:222} INFO - ::endgroup::
[2026-02-20T01:27:17.636+0000] {local_task_job_runner.py:120} INFO - ::group::Pre task execution logs
[2026-02-20T01:27:17.681+0000] {taskinstance.py:2076} INFO - Dependencies all met for dep_context=non-requeueable deps ti=<TaskInstance: weather_nb_daily_pipeline.extract_nb_weather scheduled__2026-02-19T00:00:00+00:00 [queued]>
[2026-02-20T01:27:17.691+0000] {taskinstance.py:2076} INFO - Dependencies all met for dep_context=requeueable deps ti=<TaskInstance: weather_nb_daily_pipeline.extract_nb_weather scheduled__2026-02-19T00:00:00+00:00 [queued]>
[2026-02-20T01:27:17.691+0000] {taskinstance.py:2306} INFO - Starting attempt 1 of 2
[2026-02-20T01:27:17.706+0000] {taskinstance.py:2330} INFO - Executing <Task(BashOperator): extract_nb_weather> on 2026-02-19 00:00:00+00:00
[2026-02-20T01:27:17.714+0000] {standard_task_runner.py:90} INFO - Running: ['airflow', 'tasks', 'run', 'weather_nb_daily_pipeline', 'extract_nb_weather', 'scheduled__2026-02-19T00:00:00+00:00', '--job-id', '2', '--raw', '--subdir', 'DAGS_FOLDER/weather_nb_pipeline.py', '--cfg-path', '/tmp/tmpt0yrev5g']
[2026-02-20T01:27:17.717+0000] {standard_task_runner.py:91} INFO - Job 2: Subtask extract_nb_weather
[2026-02-20T01:27:17.718+0000] {logging_mixin.py:188} WARNING - /home/airflow/.local/lib/python3.12/site-packages/airflow/task/task_runner/standard_task_runner.py:62 DeprecationWarning: This process (pid=178) is multi-threaded, use of fork() may lead to deadlocks in the child.
[2026-02-20T01:27:17.719+0000] {standard_task_runner.py:64} INFO - Started process 179 to run task
[2026-02-20T01:27:17.799+0000] {task_command.py:426} INFO - Running <TaskInstance: weather_nb_daily_pipeline.extract_nb_weather scheduled__2026-02-19T00:00:00+00:00 [running]> on host 4e083851107f
[2026-02-20T01:27:17.901+0000] {taskinstance.py:2648} INFO - Exporting env vars: AIRFLOW_CTX_DAG_OWNER='airflow' AIRFLOW_CTX_DAG_ID='weather_nb_daily_pipeline' AIRFLOW_CTX_TASK_ID='extract_nb_weather' AIRFLOW_CTX_EXECUTION_DATE='2026-02-19T00:00:00+00:00' AIRFLOW_CTX_TRY_NUMBER='1' AIRFLOW_CTX_DAG_RUN_ID='scheduled__2026-02-19T00:00:00+00:00'
[2026-02-20T01:27:17.902+0000] {taskinstance.py:430} INFO - ::endgroup::
[2026-02-20T01:27:17.939+0000] {subprocess.py:63} INFO - Tmp dir *** location: /tmp
[2026-02-20T01:27:17.940+0000] {subprocess.py:75} INFO - Running command: ['/usr/bin/bash', '-c', 'cd /opt/airflow/project && python extract_weather.py']
[2026-02-20T01:27:17.949+0000] {subprocess.py:86} INFO - Output:
[2026-02-20T01:27:19.692+0000] {subprocess.py:93} INFO - Saved: data/raw/weather_nb_20260220_012718.json
[2026-02-20T01:27:19.693+0000] {subprocess.py:93} INFO - Cities pulled: 9
[2026-02-20T01:27:19.790+0000] {subprocess.py:97} INFO - Command exited with return code 0
[2026-02-20T01:27:19.798+0000] {taskinstance.py:441} INFO - ::group::Post task execution logs
[2026-02-20T01:27:19.846+0000] {taskinstance.py:1206} INFO - Marking task as SUCCESS. dag_id=weather_nb_daily_pipeline, task_id=extract_nb_weather, run_id=scheduled__2026-02-19T00:00:00+00:00, execution_date=20260219T000000, start_date=20260220T012717, end_date=20260220T012719
[2026-02-20T01:27:19.902+0000] {local_task_job_runner.py:243} INFO - Task exited with return code 0
[2026-02-20T01:27:19.931+0000] {taskinstance.py:3503} INFO - 1 downstream tasks scheduled from follow-on schedule check
[2026-02-20T01:27:19.934+0000] {local_task_job_runner.py:222} INFO - ::endgroup::
[2026-02-20T01:50:53.585+0000] {local_task_job_runner.py:120} INFO - ::group::Pre task execution logs
[2026-02-20T01:50:53.622+0000] {taskinstance.py:2076} INFO - Dependencies all met for dep_context=non-requeueable deps ti=<TaskInstance: weather_nb_daily_pipeline.extract_nb_weather scheduled__2026-02-19T00:00:00+00:00 [queued]>
[2026-02-20T01:50:53.630+0000] {taskinstance.py:2076} INFO - Dependencies all met for dep_context=requeueable deps ti=<TaskInstance: weather_nb_daily_pipeline.extract_nb_weather scheduled__2026-02-19T00:00:00+00:00 [queued]>
[2026-02-20T01:50:53.631+0000] {taskinstance.py:2306} INFO - Starting attempt 1 of 2
[2026-02-20T01:50:53.643+0000] {taskinstance.py:2330} INFO - Executing <Task(BashOperator): extract_nb_weather> on 2026-02-19 00:00:00+00:00
[2026-02-20T01:50:53.651+0000] {standard_task_runner.py:90} INFO - Running: ['airflow', 'tasks', 'run', 'weather_nb_daily_pipeline', 'extract_nb_weather', 'scheduled__2026-02-19T00:00:00+00:00', '--job-id', '2', '--raw', '--subdir', 'DAGS_FOLDER/weather_nb_pipeline.py', '--cfg-path', '/tmp/tmpythfd_jf']
[2026-02-20T01:50:53.654+0000] {standard_task_runner.py:91} INFO - Job 2: Subtask extract_nb_weather
[2026-02-20T01:50:53.655+0000] {logging_mixin.py:188} WARNING - /home/airflow/.local/lib/python3.12/site-packages/airflow/task/task_runner/standard_task_runner.py:62 DeprecationWarning: This process (pid=178) is multi-threaded, use of fork() may lead to deadlocks in the child.
[2026-02-20T01:50:53.656+0000] {standard_task_runner.py:64} INFO - Started process 179 to run task
[2026-02-20T01:50:53.733+0000] {task_command.py:426} INFO - Running <TaskInstance: weather_nb_daily_pipeline.extract_nb_weather scheduled__2026-02-19T00:00:00+00:00 [running]> on host 0cb99b34e638
[2026-02-20T01:50:53.842+0000] {taskinstance.py:2648} INFO - Exporting env vars: AIRFLOW_CTX_DAG_OWNER='airflow' AIRFLOW_CTX_DAG_ID='weather_nb_daily_pipeline' AIRFLOW_CTX_TASK_ID='extract_nb_weather' AIRFLOW_CTX_EXECUTION_DATE='2026-02-19T00:00:00+00:00' AIRFLOW_CTX_TRY_NUMBER='1' AIRFLOW_CTX_DAG_RUN_ID='scheduled__2026-02-19T00:00:00+00:00'
[2026-02-20T01:50:53.843+0000] {taskinstance.py:430} INFO - ::endgroup::
[2026-02-20T01:50:53.874+0000] {subprocess.py:63} INFO - Tmp dir *** location: /tmp
[2026-02-20T01:50:53.876+0000] {subprocess.py:75} INFO - Running command: ['/usr/bin/bash', '-c', 'cd /opt/airflow/project && python extract_weather.py']
[2026-02-20T01:50:53.884+0000] {subprocess.py:86} INFO - Output:
[2026-02-20T01:50:55.626+0000] {subprocess.py:93} INFO - Saved: data/raw/weather_nb_20260220_015054.json
[2026-02-20T01:50:55.627+0000] {subprocess.py:93} INFO - Cities pulled: 9
[2026-02-20T01:50:55.647+0000] {subprocess.py:97} INFO - Command exited with return code 0
[2026-02-20T01:50:55.648+0000] {taskinstance.py:441} INFO - ::group::Post task execution logs
[2026-02-20T01:50:55.674+0000] {taskinstance.py:1206} INFO - Marking task as SUCCESS. dag_id=weather_nb_daily_pipeline, task_id=extract_nb_weather, run_id=scheduled__2026-02-19T00:00:00+00:00, execution_date=20260219T000000, start_date=20260220T015053, end_date=20260220T015055
[2026-02-20T01:50:55.714+0000] {local_task_job_runner.py:243} INFO - Task exited with return code 0
[2026-02-20T01:50:55.738+0000] {taskinstance.py:3503} INFO - 1 downstream tasks scheduled from follow-on schedule check
[2026-02-20T01:50:55.741+0000] {local_task_job_runner.py:222} INFO - ::endgroup::
[2026-02-20T01:59:28.173+0000] {local_task_job_runner.py:120} INFO - ::group::Pre task execution logs
[2026-02-20T01:59:28.210+0000] {taskinstance.py:2076} INFO - Dependencies all met for dep_context=non-requeueable deps ti=<TaskInstance: weather_nb_daily_pipeline.extract_nb_weather scheduled__2026-02-19T00:00:00+00:00 [queued]>
[2026-02-20T01:59:28.217+0000] {taskinstance.py:2076} INFO - Dependencies all met for dep_context=requeueable deps ti=<TaskInstance: weather_nb_daily_pipeline.extract_nb_weather scheduled__2026-02-19T00:00:00+00:00 [queued]>
[2026-02-20T01:59:28.218+0000] {taskinstance.py:2306} INFO - Starting attempt 1 of 2
[2026-02-20T01:59:28.229+0000] {taskinstance.py:2330} INFO - Executing <Task(BashOperator): extract_nb_weather> on 2026-02-19 00:00:00+00:00
[2026-02-20T01:59:28.236+0000] {standard_task_runner.py:90} INFO - Running: ['airflow', 'tasks', 'run', 'weather_nb_daily_pipeline', 'extract_nb_weather', 'scheduled__2026-02-19T00:00:00+00:00', '--job-id', '2', '--raw', '--subdir', 'DAGS_FOLDER/weather_nb_pipeline.py', '--cfg-path', '/tmp/tmphwowh1lz']
[2026-02-20T01:59:28.238+0000] {logging_mixin.py:188} WARNING - /home/airflow/.local/lib/python3.12/site-packages/airflow/task/task_runner/standard_task_runner.py:62 DeprecationWarning: This process (pid=178) is multi-threaded, use of fork() may lead to deadlocks in the child.
[2026-02-20T01:59:28.239+0000] {standard_task_runner.py:91} INFO - Job 2: Subtask extract_nb_weather
[2026-02-20T01:59:28.239+0000] {standard_task_runner.py:64} INFO - Started process 179 to run task
[2026-02-20T01:59:28.307+0000] {task_command.py:426} INFO - Running <TaskInstance: weather_nb_daily_pipeline.extract_nb_weather scheduled__2026-02-19T00:00:00+00:00 [running]> on host a294d0596882
[2026-02-20T01:59:28.404+0000] {taskinstance.py:2648} INFO - Exporting env vars: AIRFLOW_CTX_DAG_OWNER='airflow' AIRFLOW_CTX_DAG_ID='weather_nb_daily_pipeline' AIRFLOW_CTX_TASK_ID='extract_nb_weather' AIRFLOW_CTX_EXECUTION_DATE='2026-02-19T00:00:00+00:00' AIRFLOW_CTX_TRY_NUMBER='1' AIRFLOW_CTX_DAG_RUN_ID='scheduled__2026-02-19T00:00:00+00:00'
[2026-02-20T01:59:28.405+0000] {taskinstance.py:430} INFO - ::endgroup::
[2026-02-20T01:59:28.438+0000] {subprocess.py:63} INFO - Tmp dir *** location: /tmp
[2026-02-20T01:59:28.440+0000] {subprocess.py:75} INFO - Running command: ['/usr/bin/bash', '-c', 'cd /opt/airflow/project && python extract_weather.py']
[2026-02-20T01:59:28.451+0000] {subprocess.py:86} INFO - Output:
[2026-02-20T01:59:30.246+0000] {subprocess.py:93} INFO - Saved: data/raw/weather_nb_20260220_015928.json
[2026-02-20T01:59:30.246+0000] {subprocess.py:93} INFO - Cities pulled: 9
[2026-02-20T01:59:30.273+0000] {subprocess.py:97} INFO - Command exited with return code 0
[2026-02-20T01:59:30.275+0000] {taskinstance.py:441} INFO - ::group::Post task execution logs
[2026-02-20T01:59:30.308+0000] {taskinstance.py:1206} INFO - Marking task as SUCCESS. dag_id=weather_nb_daily_pipeline, task_id=extract_nb_weather, run_id=scheduled__2026-02-19T00:00:00+00:00, execution_date=20260219T000000, start_date=20260220T015928, end_date=20260220T015930
[2026-02-20T01:59:30.342+0000] {local_task_job_runner.py:243} INFO - Task exited with return code 0
[2026-02-20T01:59:30.370+0000] {taskinstance.py:3503} INFO - 1 downstream tasks scheduled from follow-on schedule check
[2026-02-20T01:59:30.373+0000] {local_task_job_runner.py:222} INFO - ::endgroup::
